[2018-12-07 13:41:54.670] [exthost1] [info] extension host started
[2018-12-07 13:41:54.891] [exthost1] [info] ExtensionService#_doActivateExtension vscode.debug-auto-launch {"startup":true,"activationEvent":"*"}
[2018-12-07 13:41:54.892] [exthost1] [info] ExtensionService#loadCommonJSModule /home/fran/.codemix/engine/resources/app/extensions/debug-auto-launch/out/extension
[2018-12-07 13:41:55.024] [exthost1] [info] ExtensionService#_doActivateExtension vscode.emmet {"startup":true,"activationEvent":"*"}
[2018-12-07 13:41:55.024] [exthost1] [info] ExtensionService#loadCommonJSModule /home/fran/.codemix/engine/resources/app/extensions/emmet/dist/extension
[2018-12-07 13:41:55.550] [exthost1] [info] ExtensionService#_doActivateExtension vscode.merge-conflict {"startup":true,"activationEvent":"*"}
[2018-12-07 13:41:55.559] [exthost1] [info] ExtensionService#loadCommonJSModule /home/fran/.codemix/engine/resources/app/extensions/merge-conflict/out/extension
[2018-12-07 13:41:55.818] [exthost1] [info] ExtensionService#_doActivateExtension vscode.search-rg {"startup":true,"activationEvent":"*"}
[2018-12-07 13:41:55.818] [exthost1] [info] ExtensionService#loadCommonJSModule /home/fran/.codemix/engine/resources/app/extensions/search-rg/out/extension
[2018-12-07 13:41:55.941] [exthost1] [info] ExtensionService#_doActivateExtension christian-kohler.path-intellisense {"startup":true,"activationEvent":"*"}
[2018-12-07 13:41:55.955] [exthost1] [info] ExtensionService#loadCommonJSModule /home/fran/.codemix/extensions/christian-kohler.path-intellisense-1.4.2/out/src/extension
[2018-12-07 13:41:56.046] [exthost1] [info] ExtensionService#_doActivateExtension dbaeumer.vscode-eslint {"startup":true,"activationEvent":"*"}
[2018-12-07 13:41:56.049] [exthost1] [info] ExtensionService#loadCommonJSModule /home/fran/.codemix/extensions/dbaeumer.vscode-eslint-1.4.10/client/out/extension
[2018-12-07 13:41:56.844] [exthost1] [info] ExtensionService#_doActivateExtension formulahendry.auto-close-tag {"startup":true,"activationEvent":"*"}
[2018-12-07 13:41:56.844] [exthost1] [info] ExtensionService#loadCommonJSModule /home/fran/.codemix/extensions/formulahendry.auto-close-tag-0.5.6/out/src/extension
[2018-12-07 13:41:56.878] [exthost1] [info] ExtensionService#_doActivateExtension HookyQR.beautify {"startup":true,"activationEvent":"*"}
[2018-12-07 13:41:56.883] [exthost1] [info] ExtensionService#loadCommonJSModule /home/fran/.codemix/extensions/hookyqr.beautify-1.3.0/extension
[2018-12-07 13:41:57.317] [exthost1] [info] eager extensions activated
[2018-12-07 13:41:57.341] [exthost1] [info] ExtensionService#_doActivateExtension vscode.configuration-editing {"startup":false,"activationEvent":"onLanguage:jsonc"}
[2018-12-07 13:41:57.341] [exthost1] [info] ExtensionService#loadCommonJSModule /home/fran/.codemix/engine/resources/app/extensions/configuration-editing/out/extension
[2018-12-07 13:41:57.548] [exthost1] [info] ExtensionService#_doActivateExtension vscode.json-language-features {"startup":false,"activationEvent":"onLanguage:jsonc"}
[2018-12-07 13:41:57.555] [exthost1] [info] ExtensionService#loadCommonJSModule /home/fran/.codemix/engine/resources/app/extensions/json-language-features/client/dist/jsonMain
[2018-12-07 13:42:00.479] [exthost1] [info] ExtensionService#_doActivateExtension vscode.typescript-language-features {"startup":false,"activationEvent":"onLanguage:jsonc"}
[2018-12-07 13:42:00.479] [exthost1] [info] ExtensionService#loadCommonJSModule /home/fran/.codemix/engine/resources/app/extensions/typescript-language-features/dist/extension
[2018-12-07 13:42:02.689] [exthost1] [info] ExtensionService#_doActivateExtension vscode.grunt {"startup":false,"activationEvent":"onCommand:workbench.action.tasks.runTask"}
[2018-12-07 13:42:02.689] [exthost1] [info] ExtensionService#loadCommonJSModule /home/fran/.codemix/engine/resources/app/extensions/grunt/out/main
[2018-12-07 13:42:02.781] [exthost1] [info] ExtensionService#_doActivateExtension vscode.gulp {"startup":false,"activationEvent":"onCommand:workbench.action.tasks.runTask"}
[2018-12-07 13:42:02.786] [exthost1] [info] ExtensionService#loadCommonJSModule /home/fran/.codemix/engine/resources/app/extensions/gulp/out/main
[2018-12-07 13:42:02.873] [exthost1] [info] ExtensionService#_doActivateExtension vscode.jake {"startup":false,"activationEvent":"onCommand:workbench.action.tasks.runTask"}
[2018-12-07 13:42:02.873] [exthost1] [info] ExtensionService#loadCommonJSModule /home/fran/.codemix/engine/resources/app/extensions/jake/out/main
[2018-12-07 13:42:02.940] [exthost1] [info] ExtensionService#_doActivateExtension vscode.npm {"startup":false,"activationEvent":"onCommand:workbench.action.tasks.runTask"}
[2018-12-07 13:42:02.957] [exthost1] [info] ExtensionService#loadCommonJSModule /home/fran/.codemix/engine/resources/app/extensions/npm/out/main
[2018-12-07 13:42:03.240] [exthost1] [info] extension host started
[2018-12-07 13:42:03.570] [exthost1] [info] ExtensionService#_doActivateExtension vscode.debug-auto-launch {"startup":true,"activationEvent":"*"}
[2018-12-07 13:42:03.582] [exthost1] [info] ExtensionService#loadCommonJSModule /home/fran/.codemix/engine/resources/app/extensions/debug-auto-launch/out/extension
[2018-12-07 13:42:03.694] [exthost1] [info] ExtensionService#_doActivateExtension vscode.emmet {"startup":true,"activationEvent":"*"}
[2018-12-07 13:42:03.694] [exthost1] [info] ExtensionService#loadCommonJSModule /home/fran/.codemix/engine/resources/app/extensions/emmet/dist/extension
[2018-12-07 13:42:04.417] [exthost1] [info] ExtensionService#_doActivateExtension vscode.merge-conflict {"startup":true,"activationEvent":"*"}
[2018-12-07 13:42:04.417] [exthost1] [info] ExtensionService#loadCommonJSModule /home/fran/.codemix/engine/resources/app/extensions/merge-conflict/out/extension
[2018-12-07 13:42:04.578] [exthost1] [info] ExtensionService#_doActivateExtension vscode.search-rg {"startup":true,"activationEvent":"*"}
[2018-12-07 13:42:04.607] [exthost1] [info] ExtensionService#loadCommonJSModule /home/fran/.codemix/engine/resources/app/extensions/search-rg/out/extension
[2018-12-07 13:42:04.823] [exthost1] [info] ExtensionService#_doActivateExtension christian-kohler.path-intellisense {"startup":true,"activationEvent":"*"}
[2018-12-07 13:42:04.826] [exthost1] [info] ExtensionService#loadCommonJSModule /home/fran/.codemix/extensions/christian-kohler.path-intellisense-1.4.2/out/src/extension
[2018-12-07 13:42:04.935] [exthost1] [info] ExtensionService#_doActivateExtension dbaeumer.vscode-eslint {"startup":true,"activationEvent":"*"}
[2018-12-07 13:42:04.935] [exthost1] [info] ExtensionService#loadCommonJSModule /home/fran/.codemix/extensions/dbaeumer.vscode-eslint-1.4.10/client/out/extension
[2018-12-07 13:42:05.448] [exthost1] [info] ExtensionService#_doActivateExtension formulahendry.auto-close-tag {"startup":true,"activationEvent":"*"}
[2018-12-07 13:42:05.453] [exthost1] [info] ExtensionService#loadCommonJSModule /home/fran/.codemix/extensions/formulahendry.auto-close-tag-0.5.6/out/src/extension
[2018-12-07 13:42:05.477] [exthost1] [info] ExtensionService#_doActivateExtension HookyQR.beautify {"startup":true,"activationEvent":"*"}
[2018-12-07 13:42:05.481] [exthost1] [info] ExtensionService#loadCommonJSModule /home/fran/.codemix/extensions/hookyqr.beautify-1.3.0/extension
[2018-12-07 13:42:05.995] [exthost1] [info] eager extensions activated
[2018-12-07 13:42:06.019] [exthost1] [info] ExtensionService#_doActivateExtension vscode.configuration-editing {"startup":false,"activationEvent":"onLanguage:jsonc"}
[2018-12-07 13:42:06.019] [exthost1] [info] ExtensionService#loadCommonJSModule /home/fran/.codemix/engine/resources/app/extensions/configuration-editing/out/extension
[2018-12-07 13:42:06.097] [exthost1] [info] ExtensionService#_doActivateExtension vscode.json-language-features {"startup":false,"activationEvent":"onLanguage:jsonc"}
[2018-12-07 13:42:06.116] [exthost1] [info] ExtensionService#loadCommonJSModule /home/fran/.codemix/engine/resources/app/extensions/json-language-features/client/dist/jsonMain
[2018-12-07 13:42:07.425] [exthost1] [info] ExtensionService#_doActivateExtension vscode.typescript-language-features {"startup":false,"activationEvent":"onLanguage:jsonc"}
[2018-12-07 13:42:07.425] [exthost1] [info] ExtensionService#loadCommonJSModule /home/fran/.codemix/engine/resources/app/extensions/typescript-language-features/dist/extension
[2018-12-07 13:42:08.294] [exthost1] [info] ExtensionService#_doActivateExtension vscode.grunt {"startup":false,"activationEvent":"onCommand:workbench.action.tasks.runTask"}
[2018-12-07 13:42:08.294] [exthost1] [info] ExtensionService#loadCommonJSModule /home/fran/.codemix/engine/resources/app/extensions/grunt/out/main
[2018-12-07 13:42:08.324] [exthost1] [info] ExtensionService#_doActivateExtension vscode.gulp {"startup":false,"activationEvent":"onCommand:workbench.action.tasks.runTask"}
[2018-12-07 13:42:08.324] [exthost1] [info] ExtensionService#loadCommonJSModule /home/fran/.codemix/engine/resources/app/extensions/gulp/out/main
[2018-12-07 13:42:08.359] [exthost1] [info] ExtensionService#_doActivateExtension vscode.jake {"startup":false,"activationEvent":"onCommand:workbench.action.tasks.runTask"}
[2018-12-07 13:42:08.363] [exthost1] [info] ExtensionService#loadCommonJSModule /home/fran/.codemix/engine/resources/app/extensions/jake/out/main
[2018-12-07 13:42:08.395] [exthost1] [info] ExtensionService#_doActivateExtension vscode.npm {"startup":false,"activationEvent":"onCommand:workbench.action.tasks.runTask"}
[2018-12-07 13:42:08.403] [exthost1] [info] ExtensionService#loadCommonJSModule /home/fran/.codemix/engine/resources/app/extensions/npm/out/main
[2018-12-07 13:42:08.643] [exthost1] [info] ExtensionService#_doActivateExtension vscode.extension-editing {"startup":false,"activationEvent":"onLanguage:typescript"}
[2018-12-07 13:42:08.643] [exthost1] [info] ExtensionService#loadCommonJSModule /home/fran/.codemix/engine/resources/app/extensions/extension-editing/out/extension
[2018-12-07 13:42:08.808] [exthost1] [info] ExtensionService#_doActivateExtension Angular.ng-template {"startup":false,"activationEvent":"onLanguage:typescript"}
[2018-12-07 13:42:08.810] [exthost1] [info] ExtensionService#loadCommonJSModule /home/fran/.codemix/extensions/angular.ng-template-0.1.9/out/extension
[2018-12-07 13:42:09.130] [exthost1] [info] ExtensionService#_doActivateExtension christian-kohler.npm-intellisense {"startup":false,"activationEvent":"onLanguage:typescript"}
[2018-12-07 13:42:09.130] [exthost1] [info] ExtensionService#loadCommonJSModule /home/fran/.codemix/extensions/christian-kohler.npm-intellisense-1.3.0/out/src/extension
[2018-12-07 13:42:09.258] [exthost1] [info] ExtensionService#_doActivateExtension eg2.tslint {"startup":false,"activationEvent":"onLanguage:typescript"}
[2018-12-07 13:42:09.268] [exthost1] [info] ExtensionService#loadCommonJSModule /home/fran/.codemix/extensions/eg2.tslint-1.0.29/out/extension
[2018-12-07 13:42:09.874] [exthost1] [info] ExtensionService#_doActivateExtension rbbit.typescript-hero {"startup":false,"activationEvent":"onLanguage:typescript"}
[2018-12-07 13:42:09.874] [exthost1] [info] ExtensionService#loadCommonJSModule /home/fran/.codemix/extensions/rbbit.typescript-hero-2.3.2/out/src/extension
[2018-12-07 13:43:58.215] [exthost1] [info] ExtensionService#_doActivateExtension vscode.html-language-features {"startup":false,"activationEvent":"onLanguage:html"}
[2018-12-07 13:43:58.215] [exthost1] [info] ExtensionService#loadCommonJSModule /home/fran/.codemix/engine/resources/app/extensions/html-language-features/client/dist/htmlMain
[2018-12-07 13:43:59.410] [exthost1] [info] ExtensionService#_doActivateExtension mkaufman.HTMLHint {"startup":false,"activationEvent":"onLanguage:html"}
[2018-12-07 13:43:59.410] [exthost1] [info] ExtensionService#loadCommonJSModule /home/fran/.codemix/extensions/mkaufman.htmlhint-0.5.0/out/extension
[2018-12-07 14:09:35.572] [exthost1] [info] ExtensionService#_doActivateExtension vscode.css-language-features {"startup":false,"activationEvent":"onLanguage:css"}
[2018-12-07 14:09:35.574] [exthost1] [info] ExtensionService#loadCommonJSModule /home/fran/.codemix/engine/resources/app/extensions/css-language-features/client/dist/cssMain
