Search path: /home/fran/eclipse-workspace/brewITyourself/com-dotzet-rest-crud-dashboard/src/app/app-body/suppliers-dashboard/suppliers-table
Config file name: /home/fran/eclipse-workspace/brewITyourself/com-dotzet-rest-crud-dashboard/tsconfig.json
Angular Language Service: 7.1.1
TypeScript: 2.6.2
getTemplateReferences: 16614ms
Add recursive watcher for: /home/fran/eclipse-workspace/brewITyourself/com-dotzet-rest-crud-dashboard
Opened configuration file /home/fran/eclipse-workspace/brewITyourself/com-dotzet-rest-crud-dashboard/tsconfig.json
getTemplateReferences: 0ms
Config errors encountered and need to be reported: 1
  Argument for '--lib' option must be: 'es5', 'es6', 'es2015', 'es7', 'es2016', 'es2017', 'esnext', 'dom', 'dom.iterable', 'webworker', 'scripthost', 'es2015.core', 'es2015.collection', 'es2015.generator', 'es2015.iterable', 'es2015.promise', 'es2015.proxy', 'es2015.reflect', 'es2015.symbol', 'es2015.symbol.wellknown', 'es2016.array.include', 'es2017.object', 'es2017.sharedmemory', 'es2017.string', 'es2017.intl', 'esnext.asynciterable'.
getDiagnostics: 388ms
Search path: /home/fran/eclipse-workspace/brewITyourself/com-dotzet-rest-crud-dashboard/src/app/app-body/suppliers-dashboard/supplier-read-form
Config file name: /home/fran/eclipse-workspace/brewITyourself/com-dotzet-rest-crud-dashboard/tsconfig.json
getTemplateReferences: 0ms
getDiagnostics: 742ms
updating project structure from ...
updated: ng - 0ms
updating project structure from ...
updated: ng - 0ms
updating project structure from ...
updated: ng - 0ms
updating project structure from ...
updated: ng - 0ms
updating project structure from ...
updated: ng - 0ms
updating project structure from ...
updated: ng - 0ms
getHoverAt: 1ms
getHoverAt: 0ms
getHoverAt: 0ms
getCompletions: 521ms
getHoverAt: 271ms
getHoverAt: 0ms
getHoverAt: 0ms
getDiagnostics: 1652ms
updating project structure from ...
updated: ng - 0ms
getDiagnostics: 752ms
updating project structure from ...
updated: ng - 0ms
getDiagnostics: 2666ms
updating project structure from ...
updated: ng - 0ms
getDiagnostics: 1032ms
updating project structure from ...
updated: ng - 0ms
Search path: /home/fran/eclipse-workspace/brewITyourself/com-dotzet-rest-crud-dashboard/src/app/app-body/suppliers-dashboard/supplier-read-form
Config file name: /home/fran/eclipse-workspace/brewITyourself/com-dotzet-rest-crud-dashboard/tsconfig.json
getTemplateReferences: 1152ms
getTemplateReferences: 0ms
getDiagnostics: 466ms
updating project structure from ...
getTemplateReferences: 93ms
updated: ng - 0ms
updating project structure from ...
getTemplateReferences: 0ms
updated: ng - 0ms
getHoverAt: 120ms
getDiagnostics: 600ms
updating project structure from ...
getTemplateReferences: 0ms
updated: ng - 0ms
getCompletions: 776ms
getDiagnostics: 19ms
getDiagnostics: 633ms
updating project structure from ...
getTemplateReferences: 0ms
updated: ng - 0ms
Search path: /home/fran/eclipse-workspace/brewITyourself/com-dotzet-rest-crud-dashboard/src/app/app-body/suppliers-dashboard/suppliers-table
Config file name: /home/fran/eclipse-workspace/brewITyourself/com-dotzet-rest-crud-dashboard/tsconfig.json
getTemplateReferences: 0ms
getDiagnostics: 1665ms
updating project structure from ...
getTemplateReferences: 355ms
updated: ng - 0ms
updating project structure from ...
getTemplateReferences: 0ms
updated: ng - 0ms
updating project structure from ...
getTemplateReferences: 0ms
updated: ng - 0ms
getDiagnostics: 534ms
updating project structure from ...
getTemplateReferences: 147ms
updated: ng - 0ms
updating project structure from ...
getTemplateReferences: 0ms
updated: ng - 0ms
Search path: /home/fran/eclipse-workspace/brewITyourself/com-dotzet-rest-crud-dashboard/src/app/app-body/suppliers-dashboard/supplier-read-form
Config file name: /home/fran/eclipse-workspace/brewITyourself/com-dotzet-rest-crud-dashboard/tsconfig.json
getTemplateReferences: 0ms
getDiagnostics: 1047ms
getDiagnostics: 365ms
updating project structure from ...
getTemplateReferences: 0ms
updated: ng - 0ms
getHoverAt: 33ms
getDiagnostics: 620ms
getCompletions: 1224ms
getDiagnostics: 55ms
getDiagnostics: 874ms
updating project structure from ...
getTemplateReferences: 5ms
updated: ng - 0ms
getDiagnostics: 567ms
updating project structure from ...
getTemplateReferences: 0ms
updated: ng - 0ms
Search path: /home/fran/eclipse-workspace/brewITyourself/com-dotzet-rest-crud-dashboard/src/app/app-body/suppliers-dashboard/supplier-read-form
Config file name: /home/fran/eclipse-workspace/brewITyourself/com-dotzet-rest-crud-dashboard/tsconfig.json
getTemplateReferences: 0ms
getTemplateReferences: 0ms
getDiagnostics: 1095ms
updating project structure from ...
getTemplateReferences: 0ms
updated: ng - 0ms
Search path: /home/fran/eclipse-workspace/brewITyourself/com-dotzet-rest-crud-dashboard/src/app
Config file name: /home/fran/eclipse-workspace/brewITyourself/com-dotzet-rest-crud-dashboard/tsconfig.json
getTemplateReferences: 0ms
getDiagnostics: 132ms
getHoverAt: 0ms
Search path: /home/fran/eclipse-workspace/brewITyourself/com-dotzet-rest-crud-dashboard/src/app/app-body/suppliers-dashboard/supplier-read
Config file name: /home/fran/eclipse-workspace/brewITyourself/com-dotzet-rest-crud-dashboard/tsconfig.json
getTemplateReferences: 0ms
getTemplateReferences: 0ms
getDiagnostics: 594ms
Search path: /home/fran/eclipse-workspace/brewITyourself/com-dotzet-rest-crud-dashboard/src/app/app-body/suppliers-dashboard/supplier-read
Config file name: /home/fran/eclipse-workspace/brewITyourself/com-dotzet-rest-crud-dashboard/tsconfig.json
getTemplateReferences: 0ms
getDiagnostics: 571ms
Search path: /home/fran/eclipse-workspace/brewITyourself/com-dotzet-rest-crud-dashboard/src/app/app-body/suppliers-dashboard/supplier-read-form
Config file name: /home/fran/eclipse-workspace/brewITyourself/com-dotzet-rest-crud-dashboard/tsconfig.json
getTemplateReferences: 1046ms
getDiagnostics: 9ms
getHoverAt: 1ms
Search path: /home/fran/eclipse-workspace/brewITyourself/com-dotzet-rest-crud-dashboard/src/app/app-body/suppliers-dashboard/supplier-read
Config file name: /home/fran/eclipse-workspace/brewITyourself/com-dotzet-rest-crud-dashboard/tsconfig.json
getTemplateReferences: 0ms
getDiagnostics: 624ms
getHoverAt: 2ms
Search path: /home/fran/eclipse-workspace/brewITyourself/com-dotzet-rest-crud-dashboard/src/app/app-body/suppliers-dashboard/supplier-read-form
Config file name: /home/fran/eclipse-workspace/brewITyourself/com-dotzet-rest-crud-dashboard/tsconfig.json
getTemplateReferences: 1402ms
getDiagnostics: 21ms
Search path: /home/fran/eclipse-workspace/brewITyourself/com-dotzet-rest-crud-dashboard/src/app
Config file name: /home/fran/eclipse-workspace/brewITyourself/com-dotzet-rest-crud-dashboard/tsconfig.json
getTemplateReferences: 1ms
getDiagnostics: 2ms
getHoverAt: 0ms
getCompletions: 484ms
getDiagnostics: 284ms
getDiagnostics: 240ms
updating project structure from ...
updated: ng - 631ms
getHoverAt: 0ms
getDiagnostics: 1397ms
updating project structure from ...
updated: ng - 0ms
getHoverAt: 1ms
getCompletions: 221ms
getDiagnostics: 5ms
getCompletions: 171ms
getDiagnostics: 2ms
getDiagnostics: 247ms
getDiagnostics: 356ms
updating project structure from ...
updated: ng - 1217ms
getDiagnostics: 1416ms
updating project structure from ...
updated: ng - 0ms
getCompletions: 128ms
getDiagnostics: 78ms
updating project structure from ...
updated: ng - 782ms
getDiagnostics: 1150ms
updating project structure from ...
updated: ng - 0ms
getDiagnostics: 85ms
updating project structure from ...
updated: ng - 385ms
getHoverAt: 0ms
getDiagnostics: 1005ms
updating project structure from ...
updated: ng - 0ms
getHoverAt: 1ms
getDiagnostics: 202ms
updating project structure from ...
updated: ng - 567ms
getDiagnostics: 1095ms
updating project structure from ...
updated: ng - 0ms
getDiagnostics: 182ms
getDiagnostics: 137ms
getDiagnostics: 127ms
updating project structure from ...
updated: ng - 874ms
Search path: /home/fran/eclipse-workspace/brewITyourself/com-dotzet-rest-crud-dashboard/src/app
Config file name: /home/fran/eclipse-workspace/brewITyourself/com-dotzet-rest-crud-dashboard/tsconfig.json
getTemplateReferences: 1819ms
updating project structure from ...
updated: ng - 0ms
getDiagnostics: 2ms
Search path: /home/fran/eclipse-workspace/brewITyourself/com-dotzet-rest-crud-dashboard/src/app
Config file name: /home/fran/eclipse-workspace/brewITyourself/com-dotzet-rest-crud-dashboard/tsconfig.json
getTemplateReferences: 0ms
getDiagnostics: 22ms
getDiagnostics: 4088ms
updating project structure from ...
updated: ng - 0ms
updating project structure from ...
updated: ng - 0ms
getCompletions: 570ms
getCompletions: 325ms
getDiagnostics: 4161ms
updating project structure from ...
updated: ng - 0ms
getCompletions: 670ms
getCompletions: 274ms
getDiagnostics: 937ms
updating project structure from ...
updated: ng - 0ms
getDiagnostics: 4699ms
updating project structure from ...
updated: ng - 0ms
Search path: /home/fran/eclipse-workspace/brewITyourself/com-dotzet-rest-crud-dashboard/src/app/app-body/suppliers-dashboard/supplier-read
Config file name: /home/fran/eclipse-workspace/brewITyourself/com-dotzet-rest-crud-dashboard/tsconfig.json
getTemplateReferences: 0ms
getDiagnostics: 881ms
updating project structure from ...
updated: ng - 0ms
getHoverAt: 19ms
getDiagnostics: 2516ms
updating project structure from ...
updated: ng - 0ms
updating project structure from ...
updated: ng - 0ms
getDiagnostics: 1444ms
updating project structure from ...
updated: ng - 0ms
updating project structure from ...
updated: ng - 0ms
getDiagnostics: 1007ms
updating project structure from ...
updated: ng - 0ms
Search path: /home/fran/eclipse-workspace/brewITyourself/com-dotzet-rest-crud-dashboard/src/app/app-body/suppliers-dashboard/supplier-read-form
Config file name: /home/fran/eclipse-workspace/brewITyourself/com-dotzet-rest-crud-dashboard/tsconfig.json
getTemplateReferences: 0ms
getDiagnostics: 994ms
updating project structure from ...
updated: ng - 0ms
getHoverAt: 1ms
getHoverAt: 1ms
getHoverAt: 1ms
getDiagnostics: 237ms
updating project structure from ...
updated: ng - 0ms
getDiagnostics: 1546ms
updating project structure from ...
updated: ng - 0ms
Search path: /home/fran/eclipse-workspace/brewITyourself/com-dotzet-rest-crud-dashboard/src/app/app-body/suppliers-dashboard/supplier-read
Config file name: /home/fran/eclipse-workspace/brewITyourself/com-dotzet-rest-crud-dashboard/tsconfig.json
getTemplateReferences: 1826ms
updating project structure from ...
updated: ng - 0ms
getDiagnostics: 14ms
getHoverAt: 0ms
getCompletions: 344ms
getDiagnostics: 568ms
getDiagnostics: 2588ms
updating project structure from ...
updated: ng - 0ms
getDiagnostics: 693ms
getDiagnostics: 1190ms
updating project structure from ...
updated: ng - 0ms
getDiagnostics: 677ms
updating project structure from ...
updated: ng - 0ms
getDiagnostics: 1036ms
updating project structure from ...
updated: ng - 0ms
Search path: /home/fran/eclipse-workspace/brewITyourself/com-dotzet-rest-crud-dashboard/src/app/app-body/suppliers-dashboard/supplier-read-form
Config file name: /home/fran/eclipse-workspace/brewITyourself/com-dotzet-rest-crud-dashboard/tsconfig.json
getTemplateReferences: 0ms
getDiagnostics: 502ms
updating project structure from ...
updated: ng - 0ms
getHoverAt: 0ms
Search path: /home/fran/eclipse-workspace/brewITyourself/com-dotzet-rest-crud-dashboard/src/app/app-body/suppliers-dashboard/supplier-read-form
Config file name: /home/fran/eclipse-workspace/brewITyourself/com-dotzet-rest-crud-dashboard/tsconfig.json
getTemplateReferences: 4874ms
updating project structure from ...
updated: ng - 0ms
updating project structure from ...
updated: ng - 0ms
updating project structure from ...
updated: ng - 0ms
getDiagnostics: 16ms
getDiagnostics: 397ms
updating project structure from ...
updated: ng - 0ms
updating project structure from ...
updated: ng - 0ms
getDiagnostics: 1123ms
updating project structure from ...
updated: ng - 0ms
Search path: /home/fran/eclipse-workspace/brewITyourself/com-dotzet-rest-crud-dashboard/src/app/app-body/suppliers-dashboard/supplier-read-form
Config file name: /home/fran/eclipse-workspace/brewITyourself/com-dotzet-rest-crud-dashboard/tsconfig.json
getTemplateReferences: 0ms
getDiagnostics: 619ms
updating project structure from ...
updated: ng - 0ms
getHoverAt: 0ms
getHoverAt: 0ms
getDiagnostics: 3618ms
updating project structure from ...
updated: ng - 0ms
updating project structure from ...
updated: ng - 0ms
getDiagnostics: 1020ms
updating project structure from ...
updated: ng - 0ms
getDiagnostics: 3075ms
updating project structure from ...
updated: ng - 0ms
getDiagnostics: 1670ms
updating project structure from ...
updated: ng - 0ms
getDiagnostics: 2655ms
updating project structure from ...
updated: ng - 0ms
getDiagnostics: 286ms
updating project structure from ...
updated: ng - 0ms
Search path: /home/fran/eclipse-workspace/brewITyourself/com-dotzet-rest-crud-dashboard/src/app/app-body/suppliers-dashboard/supplier-read-form
Config file name: /home/fran/eclipse-workspace/brewITyourself/com-dotzet-rest-crud-dashboard/tsconfig.json
getTemplateReferences: 2708ms
updating project structure from ...
updated: ng - 0ms
getDiagnostics: 5ms
getHoverAt: 2ms
getDiagnostics: 426ms
getDiagnostics: 1494ms
updating project structure from ...
updated: ng - 0ms
getDiagnostics: 456ms
updating project structure from ...
updated: ng - 0ms
getDiagnostics: 1749ms
updating project structure from ...
updated: ng - 0ms
getDiagnostics: 253ms
getDiagnostics: 1237ms
updating project structure from ...
updated: ng - 1ms
Search path: /home/fran/eclipse-workspace/brewITyourself/com-dotzet-rest-crud-dashboard/src/app/app-body/suppliers-dashboard/supplier-read
Config file name: /home/fran/eclipse-workspace/brewITyourself/com-dotzet-rest-crud-dashboard/tsconfig.json
getTemplateReferences: 0ms
getDiagnostics: 519ms
getDiagnostics: 1098ms
updating project structure from ...
updated: ng - 0ms
updating project structure from ...
updated: ng - 0ms
getDiagnostics: 416ms
Search path: /home/fran/eclipse-workspace/brewITyourself/com-dotzet-rest-crud-dashboard/src/app/app-body/suppliers-dashboard/supplier-read
Config file name: /home/fran/eclipse-workspace/brewITyourself/com-dotzet-rest-crud-dashboard/tsconfig.json
getTemplateReferences: 1761ms
updating project structure from ...
updated: ng - 0ms
updating project structure from ...
updated: ng - 0ms
getDiagnostics: 3ms
Search path: /home/fran/eclipse-workspace/brewITyourself/com-dotzet-rest-crud-dashboard/src/app/app-body/suppliers-dashboard/supplier-read
Config file name: /home/fran/eclipse-workspace/brewITyourself/com-dotzet-rest-crud-dashboard/tsconfig.json
getTemplateReferences: 0ms
getTemplateReferences: 0ms
getDiagnostics: 864ms
getHoverAt: 0ms
getHoverAt: 193ms
getHoverAt: 58ms
getHoverAt: 180ms
getDiagnostics: 758ms
updating project structure from ...
getTemplateReferences: 161ms
updated: ng - 0ms
updating project structure from ...
getTemplateReferences: 0ms
updated: ng - 0ms
getCompletions: 231ms
getDiagnostics: 981ms
updating project structure from ...
getTemplateReferences: 261ms
updated: ng - 0ms
getDiagnostics: 987ms
updating project structure from ...
getTemplateReferences: 427ms
updated: ng - 0ms
getCompletions: 215ms
getDiagnostics: 1000ms
updating project structure from ...
getTemplateReferences: 128ms
updated: ng - 0ms
getDiagnostics: 549ms
getDiagnostics: 876ms
updating project structure from ...
getTemplateReferences: 0ms
updated: ng - 0ms
getCompletions: 101ms
getDiagnostics: 220ms
updating project structure from ...
getTemplateReferences: 76ms
updated: ng - 0ms
getDiagnostics: 564ms
getDiagnostics: 1013ms
updating project structure from ...
getTemplateReferences: 0ms
updated: ng - 0ms
getDiagnostics: 997ms
updating project structure from ...
getTemplateReferences: 186ms
updated: ng - 0ms
getDiagnostics: 454ms
updating project structure from ...
getTemplateReferences: 139ms
updated: ng - 0ms
getDiagnostics: 517ms
getDiagnostics: 742ms
updating project structure from ...
getTemplateReferences: 0ms
updated: ng - 0ms
getDiagnostics: 419ms
updating project structure from ...
getTemplateReferences: 70ms
updated: ng - 0ms
getDiagnostics: 590ms
updating project structure from ...
getTemplateReferences: 238ms
updated: ng - 0ms
getDiagnostics: 423ms
updating project structure from ...
getTemplateReferences: 163ms
updated: ng - 0ms
getDiagnostics: 508ms
updating project structure from ...
getTemplateReferences: 126ms
updated: ng - 0ms
getDiagnostics: 1006ms
updating project structure from ...
getTemplateReferences: 193ms
updated: ng - 0ms
getDiagnostics: 351ms
getDiagnostics: 1032ms
updating project structure from ...
getTemplateReferences: 0ms
updated: ng - 0ms
getDiagnostics: 532ms
updating project structure from ...
getTemplateReferences: 242ms
updated: ng - 0ms
getDiagnostics: 808ms
updating project structure from ...
getTemplateReferences: 117ms
updated: ng - 0ms
Search path: /home/fran/eclipse-workspace/brewITyourself/com-dotzet-rest-crud-dashboard/src/app/app-body/suppliers-dashboard/supplier-read
Config file name: /home/fran/eclipse-workspace/brewITyourself/com-dotzet-rest-crud-dashboard/tsconfig.json
getTemplateReferences: 0ms
getDiagnostics: 988ms
updating project structure from ...
getTemplateReferences: 407ms
updated: ng - 0ms
getHoverAt: 25ms
getCompletions: 122ms
getDiagnostics: 1577ms
updating project structure from ...
getTemplateReferences: 238ms
updated: ng - 0ms
getHoverAt: 7ms
getHoverAt: 0ms
getHoverAt: 0ms
getDiagnostics: 1472ms
updating project structure from ...
getTemplateReferences: 437ms
updated: ng - 0ms
getDiagnostics: 894ms
updating project structure from ...
getTemplateReferences: 399ms
updated: ng - 0ms
getDiagnostics: 837ms
updating project structure from ...
getTemplateReferences: 458ms
updated: ng - 0ms
getDiagnostics: 1581ms
updating project structure from ...
getTemplateReferences: 473ms
updated: ng - 0ms
getDiagnostics: 885ms
updating project structure from ...
getTemplateReferences: 150ms
updated: ng - 0ms
getDiagnostics: 652ms
updating project structure from ...
getTemplateReferences: 426ms
updated: ng - 0ms
getDiagnostics: 2ms
updating project structure from ...
getTemplateReferences: 0ms
updated: ng - 0ms
getHoverAt: 13ms
getHoverAt: 17ms
getHoverAt: 6ms
getHoverAt: 4ms
getDiagnostics: 1ms
updating project structure from ...
getTemplateReferences: 0ms
updated: ng - 0ms
getHoverAt: 0ms
getHoverAt: 0ms
getHoverAt: 183ms
getDiagnostics: 673ms
updating project structure from ...
getTemplateReferences: 114ms
updated: ng - 0ms
getDiagnostics: 540ms
getDiagnostics: 695ms
getDiagnostics: 361ms
getCompletions: 788ms
getDiagnostics: 50ms
getDiagnostics: 239ms
getDiagnostics: 637ms
updating project structure from ...
getTemplateReferences: 0ms
updated: ng - 0ms
getDiagnostics: 249ms
updating project structure from ...
getTemplateReferences: 52ms
updated: ng - 0ms
getDiagnostics: 422ms
updating project structure from ...
getTemplateReferences: 84ms
updated: ng - 0ms
getDiagnostics: 479ms
updating project structure from ...
getTemplateReferences: 167ms
updated: ng - 0ms
getDiagnostics: 587ms
updating project structure from ...
getTemplateReferences: 225ms
updated: ng - 0ms
getDiagnostics: 470ms
updating project structure from ...
getTemplateReferences: 102ms
updated: ng - 0ms
getDiagnostics: 575ms
updating project structure from ...
getTemplateReferences: 97ms
updated: ng - 0ms
getDiagnostics: 403ms
updating project structure from ...
getTemplateReferences: 137ms
updated: ng - 0ms
getDiagnostics: 638ms
updating project structure from ...
getTemplateReferences: 0ms
updated: ng - 0ms
updating project structure from ...
getTemplateReferences: 0ms
updated: ng - 0ms
getDiagnostics: 533ms
updating project structure from ...
getTemplateReferences: 0ms
updated: ng - 0ms
getDiagnostics: 551ms
getDiagnostics: 444ms
getDiagnostics: 488ms
updating project structure from ...
getTemplateReferences: 0ms
updated: ng - 0ms
getDiagnostics: 404ms
getCompletions: 976ms
getDiagnostics: 47ms
getDiagnostics: 510ms
updating project structure from ...
getTemplateReferences: 1ms
updated: ng - 0ms
getDiagnostics: 531ms
updating project structure from ...
getTemplateReferences: 0ms
updated: ng - 0ms
Search path: /home/fran/eclipse-workspace/brewITyourself/com-dotzet-rest-crud-dashboard/src/app/app-body/suppliers-dashboard/supplier-read
Config file name: /home/fran/eclipse-workspace/brewITyourself/com-dotzet-rest-crud-dashboard/tsconfig.json
getTemplateReferences: 0ms
getTemplateReferences: 0ms
getDiagnostics: 732ms
updating project structure from ...
getTemplateReferences: 0ms
updated: ng - 0ms
getDiagnostics: 6ms
updating project structure from ...
getTemplateReferences: 0ms
updated: ng - 0ms
getHoverAt: 1ms
getDiagnostics: 750ms
updating project structure from ...
getTemplateReferences: 374ms
updated: ng - 0ms
getDiagnostics: 530ms
updating project structure from ...
getTemplateReferences: 143ms
updated: ng - 0ms
Search path: /home/fran/eclipse-workspace/brewITyourself/com-dotzet-rest-crud-dashboard/src/app/app-body/suppliers-dashboard/supplier-read
Config file name: /home/fran/eclipse-workspace/brewITyourself/com-dotzet-rest-crud-dashboard/tsconfig.json
getTemplateReferences: 0ms
getDiagnostics: 429ms
updating project structure from ...
getTemplateReferences: 288ms
updated: ng - 0ms
Search path: /home/fran/eclipse-workspace/brewITyourself/com-dotzet-rest-crud-dashboard/src/app/app-body/suppliers-dashboard/suppliers-table
Config file name: /home/fran/eclipse-workspace/brewITyourself/com-dotzet-rest-crud-dashboard/tsconfig.json
getTemplateReferences: 0ms
getTemplateReferences: 0ms
getDiagnostics: 709ms
getDiagnostics: 11ms
updating project structure from ...
getTemplateReferences: 0ms
getTemplateReferences: 0ms
updated: ng - 0ms
Search path: /home/fran/eclipse-workspace/brewITyourself/com-dotzet-rest-crud-dashboard/src/app/app-body/suppliers-dashboard/suppliers-table
Config file name: /home/fran/eclipse-workspace/brewITyourself/com-dotzet-rest-crud-dashboard/tsconfig.json
getTemplateReferences: 0ms
getDiagnostics: 620ms
