[2018-12-07 12:35:08.995] [exthost1] [info] extension host started
[2018-12-07 12:35:09.460] [exthost1] [info] ExtensionService#_doActivateExtension vscode.debug-auto-launch {"startup":true,"activationEvent":"*"}
[2018-12-07 12:35:09.467] [exthost1] [info] ExtensionService#loadCommonJSModule /home/fran/.codemix/engine/resources/app/extensions/debug-auto-launch/out/extension
[2018-12-07 12:35:09.587] [exthost1] [info] ExtensionService#_doActivateExtension vscode.emmet {"startup":true,"activationEvent":"*"}
[2018-12-07 12:35:09.587] [exthost1] [info] ExtensionService#loadCommonJSModule /home/fran/.codemix/engine/resources/app/extensions/emmet/dist/extension
[2018-12-07 12:35:10.127] [exthost1] [info] ExtensionService#_doActivateExtension vscode.merge-conflict {"startup":true,"activationEvent":"*"}
[2018-12-07 12:35:10.156] [exthost1] [info] ExtensionService#loadCommonJSModule /home/fran/.codemix/engine/resources/app/extensions/merge-conflict/out/extension
[2018-12-07 12:35:10.378] [exthost1] [info] ExtensionService#_doActivateExtension vscode.search-rg {"startup":true,"activationEvent":"*"}
[2018-12-07 12:35:10.380] [exthost1] [info] ExtensionService#loadCommonJSModule /home/fran/.codemix/engine/resources/app/extensions/search-rg/out/extension
[2018-12-07 12:35:10.505] [exthost1] [info] ExtensionService#_doActivateExtension christian-kohler.path-intellisense {"startup":true,"activationEvent":"*"}
[2018-12-07 12:35:10.516] [exthost1] [info] ExtensionService#loadCommonJSModule /home/fran/.codemix/extensions/christian-kohler.path-intellisense-1.4.2/out/src/extension
[2018-12-07 12:35:10.611] [exthost1] [info] ExtensionService#_doActivateExtension dbaeumer.vscode-eslint {"startup":true,"activationEvent":"*"}
[2018-12-07 12:35:10.616] [exthost1] [info] ExtensionService#loadCommonJSModule /home/fran/.codemix/extensions/dbaeumer.vscode-eslint-1.4.10/client/out/extension
[2018-12-07 12:35:11.601] [exthost1] [info] ExtensionService#_doActivateExtension formulahendry.auto-close-tag {"startup":true,"activationEvent":"*"}
[2018-12-07 12:35:11.601] [exthost1] [info] ExtensionService#loadCommonJSModule /home/fran/.codemix/extensions/formulahendry.auto-close-tag-0.5.6/out/src/extension
[2018-12-07 12:35:11.630] [exthost1] [info] ExtensionService#_doActivateExtension HookyQR.beautify {"startup":true,"activationEvent":"*"}
[2018-12-07 12:35:11.630] [exthost1] [info] ExtensionService#loadCommonJSModule /home/fran/.codemix/extensions/hookyqr.beautify-1.3.0/extension
[2018-12-07 12:35:13.217] [exthost1] [info] eager extensions activated
[2018-12-07 12:35:16.233] [exthost1] [info] extension host started
[2018-12-07 12:35:16.573] [exthost1] [info] ExtensionService#_doActivateExtension vscode.debug-auto-launch {"startup":true,"activationEvent":"*"}
[2018-12-07 12:35:16.574] [exthost1] [info] ExtensionService#loadCommonJSModule /home/fran/.codemix/engine/resources/app/extensions/debug-auto-launch/out/extension
[2018-12-07 12:35:16.694] [exthost1] [info] ExtensionService#_doActivateExtension vscode.emmet {"startup":true,"activationEvent":"*"}
[2018-12-07 12:35:16.694] [exthost1] [info] ExtensionService#loadCommonJSModule /home/fran/.codemix/engine/resources/app/extensions/emmet/dist/extension
[2018-12-07 12:35:17.378] [exthost1] [info] ExtensionService#_doActivateExtension vscode.merge-conflict {"startup":true,"activationEvent":"*"}
[2018-12-07 12:35:17.383] [exthost1] [info] ExtensionService#loadCommonJSModule /home/fran/.codemix/engine/resources/app/extensions/merge-conflict/out/extension
[2018-12-07 12:35:17.551] [exthost1] [info] ExtensionService#_doActivateExtension vscode.search-rg {"startup":true,"activationEvent":"*"}
[2018-12-07 12:35:17.551] [exthost1] [info] ExtensionService#loadCommonJSModule /home/fran/.codemix/engine/resources/app/extensions/search-rg/out/extension
[2018-12-07 12:35:17.660] [exthost1] [info] ExtensionService#_doActivateExtension christian-kohler.path-intellisense {"startup":true,"activationEvent":"*"}
[2018-12-07 12:35:17.668] [exthost1] [info] ExtensionService#loadCommonJSModule /home/fran/.codemix/extensions/christian-kohler.path-intellisense-1.4.2/out/src/extension
[2018-12-07 12:35:17.789] [exthost1] [info] ExtensionService#_doActivateExtension dbaeumer.vscode-eslint {"startup":true,"activationEvent":"*"}
[2018-12-07 12:35:17.789] [exthost1] [info] ExtensionService#loadCommonJSModule /home/fran/.codemix/extensions/dbaeumer.vscode-eslint-1.4.10/client/out/extension
[2018-12-07 12:35:18.518] [exthost1] [info] ExtensionService#_doActivateExtension formulahendry.auto-close-tag {"startup":true,"activationEvent":"*"}
[2018-12-07 12:35:18.518] [exthost1] [info] ExtensionService#loadCommonJSModule /home/fran/.codemix/extensions/formulahendry.auto-close-tag-0.5.6/out/src/extension
[2018-12-07 12:35:18.533] [exthost1] [info] ExtensionService#_doActivateExtension HookyQR.beautify {"startup":true,"activationEvent":"*"}
[2018-12-07 12:35:18.533] [exthost1] [info] ExtensionService#loadCommonJSModule /home/fran/.codemix/extensions/hookyqr.beautify-1.3.0/extension
[2018-12-07 12:35:18.912] [exthost1] [info] eager extensions activated
[2018-12-07 12:35:18.927] [exthost1] [info] ExtensionService#_doActivateExtension vscode.configuration-editing {"startup":false,"activationEvent":"onLanguage:jsonc"}
[2018-12-07 12:35:18.927] [exthost1] [info] ExtensionService#loadCommonJSModule /home/fran/.codemix/engine/resources/app/extensions/configuration-editing/out/extension
[2018-12-07 12:35:18.982] [exthost1] [info] ExtensionService#_doActivateExtension vscode.json-language-features {"startup":false,"activationEvent":"onLanguage:jsonc"}
[2018-12-07 12:35:18.982] [exthost1] [info] ExtensionService#loadCommonJSModule /home/fran/.codemix/engine/resources/app/extensions/json-language-features/client/dist/jsonMain
[2018-12-07 12:35:19.771] [exthost1] [info] ExtensionService#_doActivateExtension vscode.typescript-language-features {"startup":false,"activationEvent":"onLanguage:jsonc"}
[2018-12-07 12:35:19.771] [exthost1] [info] ExtensionService#loadCommonJSModule /home/fran/.codemix/engine/resources/app/extensions/typescript-language-features/dist/extension
[2018-12-07 12:35:20.231] [exthost1] [info] ExtensionService#_doActivateExtension vscode.grunt {"startup":false,"activationEvent":"onCommand:workbench.action.tasks.runTask"}
[2018-12-07 12:35:20.231] [exthost1] [info] ExtensionService#loadCommonJSModule /home/fran/.codemix/engine/resources/app/extensions/grunt/out/main
[2018-12-07 12:35:20.242] [exthost1] [info] ExtensionService#_doActivateExtension vscode.gulp {"startup":false,"activationEvent":"onCommand:workbench.action.tasks.runTask"}
[2018-12-07 12:35:20.242] [exthost1] [info] ExtensionService#loadCommonJSModule /home/fran/.codemix/engine/resources/app/extensions/gulp/out/main
[2018-12-07 12:35:20.254] [exthost1] [info] ExtensionService#_doActivateExtension vscode.jake {"startup":false,"activationEvent":"onCommand:workbench.action.tasks.runTask"}
[2018-12-07 12:35:20.254] [exthost1] [info] ExtensionService#loadCommonJSModule /home/fran/.codemix/engine/resources/app/extensions/jake/out/main
[2018-12-07 12:35:20.265] [exthost1] [info] ExtensionService#_doActivateExtension vscode.npm {"startup":false,"activationEvent":"onCommand:workbench.action.tasks.runTask"}
[2018-12-07 12:35:20.266] [exthost1] [info] ExtensionService#loadCommonJSModule /home/fran/.codemix/engine/resources/app/extensions/npm/out/main
[2018-12-07 12:35:20.379] [exthost1] [info] ExtensionService#_doActivateExtension vscode.html-language-features {"startup":false,"activationEvent":"onLanguage:html"}
[2018-12-07 12:35:20.379] [exthost1] [info] ExtensionService#loadCommonJSModule /home/fran/.codemix/engine/resources/app/extensions/html-language-features/client/dist/htmlMain
[2018-12-07 12:35:20.827] [exthost1] [info] ExtensionService#_doActivateExtension Angular.ng-template {"startup":false,"activationEvent":"onLanguage:html"}
[2018-12-07 12:35:20.827] [exthost1] [info] ExtensionService#loadCommonJSModule /home/fran/.codemix/extensions/angular.ng-template-0.1.9/out/extension
[2018-12-07 12:35:20.917] [exthost1] [info] ExtensionService#_doActivateExtension mkaufman.HTMLHint {"startup":false,"activationEvent":"onLanguage:html"}
[2018-12-07 12:35:20.917] [exthost1] [info] ExtensionService#loadCommonJSModule /home/fran/.codemix/extensions/mkaufman.htmlhint-0.5.0/out/extension
[2018-12-07 12:48:41.501] [exthost1] [info] ExtensionService#_doActivateExtension vscode.extension-editing {"startup":false,"activationEvent":"onLanguage:typescript"}
[2018-12-07 12:48:41.501] [exthost1] [info] ExtensionService#loadCommonJSModule /home/fran/.codemix/engine/resources/app/extensions/extension-editing/out/extension
[2018-12-07 12:48:41.589] [exthost1] [info] ExtensionService#_doActivateExtension christian-kohler.npm-intellisense {"startup":false,"activationEvent":"onLanguage:typescript"}
[2018-12-07 12:48:41.589] [exthost1] [info] ExtensionService#loadCommonJSModule /home/fran/.codemix/extensions/christian-kohler.npm-intellisense-1.3.0/out/src/extension
[2018-12-07 12:48:41.767] [exthost1] [info] ExtensionService#_doActivateExtension eg2.tslint {"startup":false,"activationEvent":"onLanguage:typescript"}
[2018-12-07 12:48:41.768] [exthost1] [info] ExtensionService#loadCommonJSModule /home/fran/.codemix/extensions/eg2.tslint-1.0.29/out/extension
[2018-12-07 12:48:42.161] [exthost1] [info] ExtensionService#_doActivateExtension rbbit.typescript-hero {"startup":false,"activationEvent":"onLanguage:typescript"}
[2018-12-07 12:48:42.161] [exthost1] [info] ExtensionService#loadCommonJSModule /home/fran/.codemix/extensions/rbbit.typescript-hero-2.3.2/out/src/extension
