Search path: /home/fran/eclipse-workspace/brewITyourself/com-dotzet-rest-crud-dashboard/src/app/app-body/suppliers-dashboard/supplier-read-form
Config file name: /home/fran/eclipse-workspace/brewITyourself/com-dotzet-rest-crud-dashboard/tsconfig.json
Angular Language Service: 7.1.1
TypeScript: 2.6.2
getTemplateReferences: 16413ms
Add recursive watcher for: /home/fran/eclipse-workspace/brewITyourself/com-dotzet-rest-crud-dashboard
Opened configuration file /home/fran/eclipse-workspace/brewITyourself/com-dotzet-rest-crud-dashboard/tsconfig.json
getTemplateReferences: 0ms
Config errors encountered and need to be reported: 1
  Argument for '--lib' option must be: 'es5', 'es6', 'es2015', 'es7', 'es2016', 'es2017', 'esnext', 'dom', 'dom.iterable', 'webworker', 'scripthost', 'es2015.core', 'es2015.collection', 'es2015.generator', 'es2015.iterable', 'es2015.promise', 'es2015.proxy', 'es2015.reflect', 'es2015.symbol', 'es2015.symbol.wellknown', 'es2016.array.include', 'es2017.object', 'es2017.sharedmemory', 'es2017.string', 'es2017.intl', 'esnext.asynciterable'.
getCompletions: 436ms
getDiagnostics: 669ms
updating project structure from ...
getTemplateReferences: 0ms
updated: ng - 0ms
getDiagnostics: 477ms
updating project structure from ...
getTemplateReferences: 87ms
updated: ng - 0ms
getCompletions: 749ms
getDiagnostics: 409ms
getDiagnostics: 768ms
updating project structure from ...
getTemplateReferences: 246ms
updated: ng - 0ms
getCompletions: 970ms
getDiagnostics: 193ms
getDiagnostics: 445ms
updating project structure from ...
getTemplateReferences: 155ms
updated: ng - 0ms
getDiagnostics: 474ms
updating project structure from ...
getTemplateReferences: 104ms
updated: ng - 0ms
getCompletions: 1259ms
getDiagnostics: 91ms
getDiagnostics: 512ms
getCompletions: 907ms
getDiagnostics: 101ms
getDiagnostics: 263ms
updating project structure from ...
getTemplateReferences: 67ms
updated: ng - 0ms
getCompletions: 1006ms
getDiagnostics: 50ms
getDiagnostics: 421ms
updating project structure from ...
getTemplateReferences: 92ms
updated: ng - 0ms
getCompletions: 807ms
getDiagnostics: 143ms
getDiagnostics: 381ms
updating project structure from ...
getTemplateReferences: 87ms
updated: ng - 0ms
getCompletions: 1002ms
getDiagnostics: 29ms
getCompletions: 1086ms
getDiagnostics: 87ms
getCompletions: 713ms
getDiagnostics: 409ms
updating project structure from ...
getTemplateReferences: 112ms
updated: ng - 0ms
getDiagnostics: 445ms
updating project structure from ...
getTemplateReferences: 161ms
updated: ng - 0ms
getDiagnostics: 621ms
updating project structure from ...
getTemplateReferences: 0ms
updated: ng - 0ms
getDiagnostics: 536ms
updating project structure from ...
getTemplateReferences: 0ms
updated: ng - 0ms
getDiagnostics: 96ms
updating project structure from ...
getTemplateReferences: 0ms
updated: ng - 0ms
Search path: /home/fran/eclipse-workspace/brewITyourself/com-dotzet-rest-crud-dashboard/src/app/app-body/suppliers-dashboard/supplier-read-form
Config file name: /home/fran/eclipse-workspace/brewITyourself/com-dotzet-rest-crud-dashboard/tsconfig.json
getTemplateReferences: 0ms
getTemplateReferences: 0ms
getDiagnostics: 509ms
updating project structure from ...
getTemplateReferences: 0ms
updated: ng - 0ms
getHoverAt: 172ms
Search path: /home/fran/eclipse-workspace/brewITyourself/com-dotzet-rest-crud-dashboard/src/app/app-body/suppliers-dashboard/supplier-read-form
Config file name: /home/fran/eclipse-workspace/brewITyourself/com-dotzet-rest-crud-dashboard/tsconfig.json
getTemplateReferences: 0ms
getDiagnostics: 797ms
Search path: /home/fran/eclipse-workspace/brewITyourself/com-dotzet-rest-crud-dashboard/src/app
Config file name: /home/fran/eclipse-workspace/brewITyourself/com-dotzet-rest-crud-dashboard/tsconfig.json
getTemplateReferences: 1191ms
getDiagnostics: 12ms
getDiagnostics: 134ms
updating project structure from ...
getTemplateReferences: 0ms
updated: ng - 207ms
getDiagnostics: 787ms
updating project structure from ...
getTemplateReferences: 0ms
updated: ng - 0ms
getDiagnostics: 120ms
getDiagnostics: 93ms
updating project structure from ...
getTemplateReferences: 0ms
updated: ng - 180ms
getDiagnostics: 1849ms
updating project structure from ...
getTemplateReferences: 0ms
updated: ng - 0ms
getDiagnostics: 447ms
updating project structure from ...
getTemplateReferences: 0ms
updated: ng - 296ms
getCompletions: 217ms
getDiagnostics: 1308ms
updating project structure from ...
getTemplateReferences: 0ms
updated: ng - 0ms
getDiagnostics: 213ms
updating project structure from ...
getTemplateReferences: 0ms
updated: ng - 372ms
getDiagnostics: 747ms
updating project structure from ...
getTemplateReferences: 0ms
updated: ng - 0ms
getDiagnostics: 151ms
getDiagnostics: 127ms
getDiagnostics: 62ms
updating project structure from ...
getTemplateReferences: 0ms
updated: ng - 191ms
getCompletions: 136ms
getDiagnostics: 1510ms
updating project structure from ...
getTemplateReferences: 0ms
updated: ng - 0ms
getDiagnostics: 140ms
updating project structure from ...
getTemplateReferences: 0ms
updated: ng - 239ms
getDiagnostics: 837ms
updating project structure from ...
getTemplateReferences: 0ms
updated: ng - 0ms
getDiagnostics: 118ms
getCompletions: 219ms
getDiagnostics: 236ms
getDiagnostics: 72ms
getDiagnostics: 94ms
getCompletions: 109ms
getDiagnostics: 205ms
getDiagnostics: 89ms
updating project structure from ...
getTemplateReferences: 0ms
updated: ng - 186ms
getDiagnostics: 737ms
updating project structure from ...
getTemplateReferences: 0ms
updated: ng - 0ms
getDiagnostics: 453ms
updating project structure from ...
getTemplateReferences: 0ms
updated: ng - 181ms
getDiagnostics: 947ms
updating project structure from ...
getTemplateReferences: 0ms
updated: ng - 1ms
getHoverAt: 0ms
getCompletions: 745ms
getDiagnostics: 33ms
getDiagnostics: 352ms
updating project structure from ...
getTemplateReferences: 0ms
updated: ng - 189ms
getDiagnostics: 1159ms
updating project structure from ...
getTemplateReferences: 0ms
updated: ng - 0ms
getDiagnostics: 86ms
updating project structure from ...
getTemplateReferences: 0ms
updated: ng - 179ms
getDiagnostics: 1078ms
updating project structure from ...
getTemplateReferences: 0ms
updated: ng - 0ms
getDiagnostics: 114ms
updating project structure from ...
getTemplateReferences: 0ms
updated: ng - 540ms
getDiagnostics: 522ms
updating project structure from ...
getTemplateReferences: 0ms
updated: ng - 0ms
Search path: /home/fran/eclipse-workspace/brewITyourself/com-dotzet-rest-crud-dashboard/src/app
Config file name: /home/fran/eclipse-workspace/brewITyourself/com-dotzet-rest-crud-dashboard/tsconfig.json
getTemplateReferences: 0ms
getDiagnostics: 36ms
updating project structure from ...
getTemplateReferences: 0ms
updated: ng - 844ms
Search path: /home/fran/eclipse-workspace/brewITyourself/com-dotzet-rest-crud-dashboard/src/app
Config file name: /home/fran/eclipse-workspace/brewITyourself/com-dotzet-rest-crud-dashboard/tsconfig.json
getTemplateReferences: 2181ms
updating project structure from ...
getTemplateReferences: 1ms
updated: ng - 0ms
updating project structure from ...
getTemplateReferences: 0ms
updated: ng - 0ms
updating project structure from ...
getTemplateReferences: 0ms
updated: ng - 0ms
getDiagnostics: 12ms
getHoverAt: 1ms
getDiagnostics: 1304ms
updating project structure from ...
getTemplateReferences: 274ms
updated: ng - 0ms
updating project structure from ...
getTemplateReferences: 0ms
updated: ng - 0ms
Search path: /home/fran/eclipse-workspace/brewITyourself/com-dotzet-rest-crud-dashboard/src/app/app-body/suppliers-dashboard/supplier-read-form
Config file name: /home/fran/eclipse-workspace/brewITyourself/com-dotzet-rest-crud-dashboard/tsconfig.json
getTemplateReferences: 0ms
getDiagnostics: 945ms
updating project structure from ...
getTemplateReferences: 340ms
updated: ng - 0ms
getHoverAt: 0ms
getCompletions: 264ms
getDiagnostics: 980ms
updating project structure from ...
getTemplateReferences: 371ms
updated: ng - 0ms
getHoverAt: 0ms
Search path: /home/fran/eclipse-workspace/brewITyourself/com-dotzet-rest-crud-dashboard/src/app/app-body/suppliers-dashboard/supplier-read-form
Config file name: /home/fran/eclipse-workspace/brewITyourself/com-dotzet-rest-crud-dashboard/tsconfig.json
getTemplateReferences: 0ms
getDiagnostics: 1586ms
updating project structure from ...
getTemplateReferences: 511ms
updated: ng - 0ms
getHoverAt: 161ms
getDiagnostics: 1311ms
updating project structure from ...
getTemplateReferences: 0ms
updated: ng - 0ms
getCompletions: 870ms
getDiagnostics: 889ms
updating project structure from ...
getTemplateReferences: 0ms
updated: ng - 0ms
getDiagnostics: 642ms
getDiagnostics: 837ms
updating project structure from ...
getTemplateReferences: 0ms
updated: ng - 0ms
getDiagnostics: 595ms
updating project structure from ...
getTemplateReferences: 228ms
updated: ng - 0ms
getDiagnostics: 557ms
updating project structure from ...
getTemplateReferences: 214ms
updated: ng - 0ms
getDiagnostics: 861ms
updating project structure from ...
getTemplateReferences: 0ms
updated: ng - 0ms
getCompletions: 956ms
getDiagnostics: 446ms
getDiagnostics: 1004ms
updating project structure from ...
getTemplateReferences: 0ms
updated: ng - 0ms
getHoverAt: 149ms
Search path: /home/fran/eclipse-workspace/brewITyourself/com-dotzet-rest-crud-dashboard/src/app/app-body/suppliers-dashboard/supplier-read-form
Config file name: /home/fran/eclipse-workspace/brewITyourself/com-dotzet-rest-crud-dashboard/tsconfig.json
getTemplateReferences: 0ms
getTemplateReferences: 0ms
getDiagnostics: 883ms
updating project structure from ...
getTemplateReferences: 0ms
updated: ng - 0ms
getDiagnostics: 780ms
updating project structure from ...
getTemplateReferences: 0ms
updated: ng - 0ms
getDiagnostics: 643ms
updating project structure from ...
getTemplateReferences: 0ms
updated: ng - 0ms
Search path: /home/fran/eclipse-workspace/brewITyourself/com-dotzet-rest-crud-dashboard/src/app/app-body/suppliers-dashboard/supplier-read-form
Config file name: /home/fran/eclipse-workspace/brewITyourself/com-dotzet-rest-crud-dashboard/tsconfig.json
getTemplateReferences: 0ms
getTemplateReferences: 0ms
getDiagnostics: 872ms
updating project structure from ...
getTemplateReferences: 0ms
updated: ng - 0ms
Search path: /home/fran/eclipse-workspace/brewITyourself/com-dotzet-rest-crud-dashboard/src/app/app-body/suppliers-dashboard/supplier-read
Config file name: /home/fran/eclipse-workspace/brewITyourself/com-dotzet-rest-crud-dashboard/tsconfig.json
getTemplateReferences: 0ms
getDiagnostics: 824ms
Search path: /home/fran/eclipse-workspace/brewITyourself/com-dotzet-rest-crud-dashboard/src/app/application-header/company-logo
Config file name: /home/fran/eclipse-workspace/brewITyourself/com-dotzet-rest-crud-dashboard/tsconfig.json
getTemplateReferences: 715ms
getTemplateReferences: 0ms
getDiagnostics: 34ms
getHoverAt: 152ms
getHoverAt: 167ms
getCompletions: 860ms
getDiagnostics: 693ms
updating project structure from ...
getTemplateReferences: 0ms
updated: ng - 0ms
getDiagnostics: 609ms
updating project structure from ...
getTemplateReferences: 0ms
updated: ng - 0ms
Search path: /home/fran/eclipse-workspace/brewITyourself/com-dotzet-rest-crud-dashboard/src/app/app-body/suppliers-dashboard/supplier-read-form
Config file name: /home/fran/eclipse-workspace/brewITyourself/com-dotzet-rest-crud-dashboard/tsconfig.json
getTemplateReferences: 0ms
getTemplateReferences: 0ms
getDiagnostics: 1385ms
updating project structure from ...
getTemplateReferences: 0ms
updated: ng - 0ms
getHoverAt: 35ms
getDiagnostics: 1079ms
updating project structure from ...
getTemplateReferences: 0ms
updated: ng - 0ms
getDiagnostics: 2110ms
updating project structure from ...
getTemplateReferences: 0ms
updated: ng - 0ms
getDiagnostics: 1052ms
updating project structure from ...
getTemplateReferences: 0ms
updated: ng - 0ms
getDiagnostics: 1385ms
updating project structure from ...
getTemplateReferences: 0ms
updated: ng - 0ms
getDiagnostics: 759ms
updating project structure from ...
getTemplateReferences: 0ms
updated: ng - 0ms
getDiagnostics: 655ms
updating project structure from ...
getTemplateReferences: 0ms
updated: ng - 0ms
getDiagnostics: 600ms
updating project structure from ...
getTemplateReferences: 0ms
updated: ng - 0ms
getDiagnostics: 620ms
updating project structure from ...
getTemplateReferences: 0ms
updated: ng - 0ms
getDiagnostics: 614ms
updating project structure from ...
getTemplateReferences: 0ms
updated: ng - 0ms
getDiagnostics: 586ms
updating project structure from ...
getTemplateReferences: 0ms
updated: ng - 0ms
getDiagnostics: 647ms
getDiagnostics: 629ms
updating project structure from ...
getTemplateReferences: 0ms
updated: ng - 0ms
getDiagnostics: 548ms
updating project structure from ...
getTemplateReferences: 0ms
updated: ng - 0ms
getDiagnostics: 749ms
updating project structure from ...
getTemplateReferences: 0ms
updated: ng - 0ms
getDiagnostics: 571ms
updating project structure from ...
getTemplateReferences: 0ms
updated: ng - 0ms
getDiagnostics: 711ms
updating project structure from ...
getTemplateReferences: 0ms
updated: ng - 0ms
getDiagnostics: 586ms
getDiagnostics: 585ms
updating project structure from ...
getTemplateReferences: 0ms
updated: ng - 0ms
getDiagnostics: 510ms
updating project structure from ...
getTemplateReferences: 0ms
updated: ng - 0ms
getDiagnostics: 1161ms
updating project structure from ...
getTemplateReferences: 0ms
updated: ng - 1ms
getHoverAt: 49ms
getDiagnostics: 1152ms
updating project structure from ...
getTemplateReferences: 0ms
updated: ng - 0ms
getCompletions: 576ms
getDiagnostics: 561ms
getCompletions: 321ms
getDiagnostics: 789ms
updating project structure from ...
getTemplateReferences: 0ms
updated: ng - 0ms
getCompletions: 325ms
getDiagnostics: 169ms
updating project structure from ...
getTemplateReferences: 0ms
updated: ng - 0ms
getHoverAt: 61ms
getDiagnostics: 873ms
updating project structure from ...
getTemplateReferences: 0ms
updated: ng - 0ms
getCompletions: 452ms
getDiagnostics: 636ms
updating project structure from ...
getTemplateReferences: 0ms
updated: ng - 0ms
getHoverAt: 34ms
getDiagnostics: 352ms
getCompletions: 637ms
getCompletions: 621ms
getDiagnostics: 756ms
updating project structure from ...
getTemplateReferences: 0ms
updated: ng - 0ms
getHoverAt: 47ms
getDiagnostics: 1095ms
updating project structure from ...
getTemplateReferences: 0ms
updated: ng - 0ms
getCompletions: 547ms
getCompletions: 1081ms
getDiagnostics: 225ms
getDiagnostics: 629ms
getHoverAt: 41ms
updating project structure from ...
getTemplateReferences: 0ms
updated: ng - 0ms
getDiagnostics: 557ms
getCompletions: 730ms
getDiagnostics: 322ms
getCompletions: 467ms
getCompletions: 550ms
getDiagnostics: 423ms
updating project structure from ...
getTemplateReferences: 0ms
updated: ng - 0ms
getHoverAt: 36ms
getDiagnostics: 907ms
updating project structure from ...
getTemplateReferences: 0ms
updated: ng - 0ms
getCompletions: 515ms
getDiagnostics: 544ms
updating project structure from ...
getTemplateReferences: 0ms
updated: ng - 0ms
getHoverAt: 33ms
getDiagnostics: 408ms
updating project structure from ...
getTemplateReferences: 0ms
updated: ng - 0ms
getHoverAt: 293ms
getHoverAt: 36ms
getDiagnostics: 664ms
getCompletions: 473ms
getDiagnostics: 632ms
updating project structure from ...
getTemplateReferences: 0ms
updated: ng - 0ms
getHoverAt: 49ms
getDiagnostics: 525ms
getCompletions: 502ms
getDiagnostics: 258ms
updating project structure from ...
getTemplateReferences: 0ms
updated: ng - 0ms
getDiagnostics: 999ms
updating project structure from ...
getTemplateReferences: 0ms
updated: ng - 0ms
getDiagnostics: 615ms
updating project structure from ...
getTemplateReferences: 0ms
updated: ng - 0ms
getHoverAt: 69ms
getDiagnostics: 861ms
updating project structure from ...
getTemplateReferences: 0ms
updated: ng - 0ms
getCompletions: 680ms
getCompletions: 791ms
getDiagnostics: 142ms
getCompletions: 471ms
getDiagnostics: 633ms
updating project structure from ...
getTemplateReferences: 0ms
updated: ng - 0ms
Search path: /home/fran/eclipse-workspace/brewITyourself/com-dotzet-rest-crud-dashboard/src/app/app-body/suppliers-dashboard/supplier-read-form
Config file name: /home/fran/eclipse-workspace/brewITyourself/com-dotzet-rest-crud-dashboard/tsconfig.json
getTemplateReferences: 0ms
getTemplateReferences: 0ms
getDiagnostics: 500ms
updating project structure from ...
getTemplateReferences: 0ms
updated: ng - 0ms
getHoverAt: 358ms
getHoverAt: 1ms
getDiagnostics: 1420ms
updating project structure from ...
getTemplateReferences: 427ms
updated: ng - 0ms
updating project structure from ...
getTemplateReferences: 0ms
updated: ng - 0ms
getDiagnostics: 606ms
updating project structure from ...
getTemplateReferences: 365ms
updated: ng - 0ms
getDiagnostics: 1483ms
updating project structure from ...
getTemplateReferences: 250ms
updated: ng - 0ms
getDiagnostics: 823ms
updating project structure from ...
getTemplateReferences: 426ms
updated: ng - 0ms
getDiagnostics: 885ms
updating project structure from ...
getTemplateReferences: 410ms
updated: ng - 0ms
getHoverAt: 0ms
getHoverAt: 0ms
getDiagnostics: 558ms
updating project structure from ...
getTemplateReferences: 165ms
updated: ng - 0ms
getDiagnostics: 496ms
updating project structure from ...
getTemplateReferences: 168ms
updated: ng - 0ms
getHoverAt: 0ms
getDiagnostics: 1206ms
updating project structure from ...
getTemplateReferences: 205ms
updated: ng - 0ms
getCompletions: 135ms
getDiagnostics: 1042ms
updating project structure from ...
getTemplateReferences: 393ms
updated: ng - 0ms
getCompletions: 231ms
getCompletions: 173ms
getDiagnostics: 552ms
updating project structure from ...
getTemplateReferences: 247ms
updated: ng - 0ms
getCompletions: 178ms
getCompletions: 73ms
getCompletions: 167ms
getCompletions: 149ms
getDiagnostics: 1038ms
updating project structure from ...
getTemplateReferences: 232ms
updated: ng - 0ms
getHoverAt: 0ms
Search path: /home/fran/eclipse-workspace/brewITyourself/com-dotzet-rest-crud-dashboard/src/app/app-body/suppliers-dashboard/supplier-read-form
Config file name: /home/fran/eclipse-workspace/brewITyourself/com-dotzet-rest-crud-dashboard/tsconfig.json
getTemplateReferences: 0ms
getDiagnostics: 625ms
updating project structure from ...
getTemplateReferences: 948ms
updated: ng - 0ms
getHoverAt: 1ms
getHoverAt: 0ms
getHoverAt: 0ms
getCompletions: 114ms
getCompletions: 88ms
getDiagnostics: 533ms
updating project structure from ...
getTemplateReferences: 172ms
updated: ng - 0ms
getCompletions: 146ms
getDiagnostics: 404ms
updating project structure from ...
getTemplateReferences: 299ms
updated: ng - 0ms
getDiagnostics: 645ms
updating project structure from ...
getTemplateReferences: 229ms
updated: ng - 0ms
getDiagnostics: 850ms
updating project structure from ...
getTemplateReferences: 197ms
updated: ng - 0ms
getCompletions: 159ms
getDiagnostics: 1194ms
updating project structure from ...
getTemplateReferences: 201ms
updated: ng - 0ms
getDiagnostics: 1008ms
updating project structure from ...
getTemplateReferences: 200ms
updated: ng - 0ms
getCompletions: 147ms
getDiagnostics: 506ms
getDiagnostics: 1307ms
updating project structure from ...
getTemplateReferences: 0ms
updated: ng - 0ms
getCompletions: 174ms
getDiagnostics: 746ms
updating project structure from ...
getTemplateReferences: 149ms
updated: ng - 0ms
getDiagnostics: 786ms
updating project structure from ...
getTemplateReferences: 206ms
updated: ng - 0ms
getCompletions: 96ms
getDiagnostics: 620ms
updating project structure from ...
getTemplateReferences: 183ms
updated: ng - 0ms
getDiagnostics: 354ms
updating project structure from ...
getTemplateReferences: 138ms
updated: ng - 0ms
getDiagnostics: 794ms
updating project structure from ...
getTemplateReferences: 143ms
updated: ng - 0ms
getDiagnostics: 440ms
updating project structure from ...
getTemplateReferences: 271ms
updated: ng - 0ms
getDiagnostics: 470ms
updating project structure from ...
getTemplateReferences: 118ms
updated: ng - 0ms
getDiagnostics: 461ms
getDiagnostics: 810ms
updating project structure from ...
getTemplateReferences: 0ms
updated: ng - 0ms
getCompletions: 125ms
getDiagnostics: 668ms
getDiagnostics: 1646ms
updating project structure from ...
getTemplateReferences: 0ms
updated: ng - 0ms
getCompletions: 206ms
getCompletions: 121ms
getDiagnostics: 413ms
getDiagnostics: 892ms
updating project structure from ...
getTemplateReferences: 0ms
updated: ng - 0ms
getCompletions: 190ms
getDiagnostics: 765ms
updating project structure from ...
getTemplateReferences: 125ms
updated: ng - 0ms
getDiagnostics: 1979ms
updating project structure from ...
getTemplateReferences: 611ms
updated: ng - 0ms
getCompletions: 0ms
getCompletions: 174ms
getDiagnostics: 1724ms
updating project structure from ...
getTemplateReferences: 330ms
updated: ng - 0ms
getDiagnostics: 601ms
getDiagnostics: 612ms
updating project structure from ...
getTemplateReferences: 0ms
updated: ng - 0ms
getDiagnostics: 264ms
updating project structure from ...
getTemplateReferences: 55ms
updated: ng - 0ms
getDiagnostics: 564ms
getCompletions: 105ms
getDiagnostics: 1034ms
updating project structure from ...
getTemplateReferences: 0ms
updated: ng - 0ms
getCompletions: 230ms
getDiagnostics: 672ms
getCompletions: 166ms
getDiagnostics: 921ms
updating project structure from ...
getTemplateReferences: 0ms
updated: ng - 0ms
getCompletions: 109ms
getDiagnostics: 200ms
updating project structure from ...
getTemplateReferences: 83ms
updated: ng - 0ms
getDiagnostics: 552ms
updating project structure from ...
getTemplateReferences: 173ms
updated: ng - 0ms
getDiagnostics: 435ms
updating project structure from ...
getTemplateReferences: 122ms
updated: ng - 0ms
getDiagnostics: 365ms
getDiagnostics: 1091ms
updating project structure from ...
getTemplateReferences: 0ms
updated: ng - 0ms
getDiagnostics: 252ms
updating project structure from ...
getTemplateReferences: 72ms
updated: ng - 0ms
getDiagnostics: 822ms
updating project structure from ...
getTemplateReferences: 279ms
updated: ng - 0ms
getDiagnostics: 604ms
updating project structure from ...
getTemplateReferences: 129ms
updated: ng - 0ms
getCompletions: 86ms
getDiagnostics: 1072ms
updating project structure from ...
getTemplateReferences: 370ms
updated: ng - 0ms
getCompletions: 103ms
getDiagnostics: 676ms
updating project structure from ...
getTemplateReferences: 190ms
updated: ng - 0ms
getDiagnostics: 547ms
updating project structure from ...
getTemplateReferences: 135ms
updated: ng - 0ms
getCompletions: 69ms
getDiagnostics: 420ms
getDiagnostics: 1237ms
updating project structure from ...
getTemplateReferences: 0ms
updated: ng - 0ms
getDiagnostics: 411ms
updating project structure from ...
getTemplateReferences: 97ms
updated: ng - 0ms
getCompletions: 90ms
getDiagnostics: 327ms
getDiagnostics: 636ms
updating project structure from ...
getTemplateReferences: 0ms
updated: ng - 0ms
getDiagnostics: 301ms
getDiagnostics: 782ms
updating project structure from ...
getTemplateReferences: 0ms
updated: ng - 0ms
getCompletions: 88ms
getDiagnostics: 360ms
updating project structure from ...
getTemplateReferences: 86ms
updated: ng - 0ms
getCompletions: 95ms
getDiagnostics: 939ms
updating project structure from ...
getTemplateReferences: 356ms
updated: ng - 0ms
getCompletions: 133ms
getDiagnostics: 715ms
getDiagnostics: 1774ms
updating project structure from ...
getTemplateReferences: 0ms
updated: ng - 1ms
getDiagnostics: 484ms
updating project structure from ...
getTemplateReferences: 61ms
updated: ng - 0ms
getCompletions: 95ms
getDiagnostics: 337ms
updating project structure from ...
getTemplateReferences: 129ms
updated: ng - 0ms
getDiagnostics: 389ms
updating project structure from ...
getTemplateReferences: 134ms
updated: ng - 0ms
getDiagnostics: 372ms
getDiagnostics: 628ms
updating project structure from ...
getTemplateReferences: 0ms
updated: ng - 0ms
getCompletions: 123ms
getDiagnostics: 223ms
getDiagnostics: 1321ms
updating project structure from ...
getTemplateReferences: 0ms
updated: ng - 0ms
getDiagnostics: 299ms
updating project structure from ...
getTemplateReferences: 46ms
updated: ng - 0ms
getDiagnostics: 505ms
updating project structure from ...
getTemplateReferences: 144ms
updated: ng - 0ms
getCompletions: 304ms
getDiagnostics: 786ms
updating project structure from ...
getTemplateReferences: 302ms
updated: ng - 0ms
getDiagnostics: 1055ms
updating project structure from ...
getTemplateReferences: 468ms
updated: ng - 0ms
getDiagnostics: 456ms
updating project structure from ...
getTemplateReferences: 134ms
updated: ng - 0ms
getDiagnostics: 992ms
updating project structure from ...
getTemplateReferences: 323ms
updated: ng - 0ms
getCompletions: 180ms
getCompletions: 117ms
getDiagnostics: 789ms
updating project structure from ...
getTemplateReferences: 173ms
updated: ng - 0ms
getDiagnostics: 861ms
updating project structure from ...
getTemplateReferences: 526ms
updated: ng - 0ms
getCompletions: 104ms
getDiagnostics: 926ms
updating project structure from ...
getTemplateReferences: 310ms
updated: ng - 0ms
getCompletions: 151ms
getCompletions: 147ms
getDiagnostics: 929ms
updating project structure from ...
getTemplateReferences: 162ms
updated: ng - 0ms
getDiagnostics: 335ms
updating project structure from ...
getTemplateReferences: 155ms
updated: ng - 0ms
getDiagnostics: 427ms
updating project structure from ...
getTemplateReferences: 136ms
updated: ng - 0ms
getCompletions: 56ms
getDiagnostics: 584ms
updating project structure from ...
getTemplateReferences: 295ms
updated: ng - 0ms
getDiagnostics: 627ms
getCompletions: 146ms
getCompletions: 228ms
getDiagnostics: 1381ms
updating project structure from ...
getTemplateReferences: 0ms
updated: ng - 0ms
getCompletions: 169ms
getDiagnostics: 613ms
updating project structure from ...
getTemplateReferences: 208ms
updated: ng - 0ms
getDiagnostics: 510ms
updating project structure from ...
getTemplateReferences: 157ms
updated: ng - 0ms
getDiagnostics: 593ms
updating project structure from ...
getTemplateReferences: 225ms
updated: ng - 0ms
getDiagnostics: 419ms
updating project structure from ...
getTemplateReferences: 126ms
updated: ng - 0ms
getDiagnostics: 663ms
getCompletions: 137ms
getDiagnostics: 877ms
updating project structure from ...
getTemplateReferences: 1ms
updated: ng - 0ms
getCompletions: 92ms
getDiagnostics: 655ms
getCompletions: 190ms
getDiagnostics: 1080ms
updating project structure from ...
getTemplateReferences: 0ms
updated: ng - 0ms
getCompletions: 213ms
getDiagnostics: 334ms
getDiagnostics: 1133ms
updating project structure from ...
getTemplateReferences: 0ms
updated: ng - 0ms
getDiagnostics: 563ms
updating project structure from ...
getTemplateReferences: 89ms
updated: ng - 0ms
getDiagnostics: 710ms
updating project structure from ...
getTemplateReferences: 140ms
updated: ng - 0ms
getDiagnostics: 562ms
updating project structure from ...
getTemplateReferences: 141ms
updated: ng - 0ms
getDiagnostics: 423ms
getDiagnostics: 539ms
getCompletions: 135ms
getDiagnostics: 298ms
getCompletions: 149ms
getDiagnostics: 1111ms
updating project structure from ...
getTemplateReferences: 0ms
updated: ng - 0ms
getCompletions: 197ms
getCompletions: 129ms
getDiagnostics: 618ms
updating project structure from ...
getTemplateReferences: 178ms
updated: ng - 0ms
getDiagnostics: 410ms
updating project structure from ...
getTemplateReferences: 150ms
updated: ng - 0ms
getDiagnostics: 674ms
updating project structure from ...
getTemplateReferences: 324ms
updated: ng - 0ms
getDiagnostics: 715ms
updating project structure from ...
getTemplateReferences: 584ms
updated: ng - 0ms
getDiagnostics: 589ms
updating project structure from ...
getTemplateReferences: 148ms
updated: ng - 0ms
getCompletions: 232ms
getDiagnostics: 1191ms
updating project structure from ...
getTemplateReferences: 335ms
updated: ng - 0ms
getCompletions: 114ms
getDiagnostics: 384ms
getDiagnostics: 498ms
updating project structure from ...
getTemplateReferences: 0ms
updated: ng - 0ms
getCompletions: 88ms
getDiagnostics: 388ms
getDiagnostics: 723ms
updating project structure from ...
getTemplateReferences: 0ms
updated: ng - 0ms
getCompletions: 85ms
getDiagnostics: 616ms
getDiagnostics: 720ms
updating project structure from ...
getTemplateReferences: 0ms
updated: ng - 0ms
getDiagnostics: 413ms
updating project structure from ...
getTemplateReferences: 107ms
updated: ng - 0ms
getCompletions: 147ms
getDiagnostics: 349ms
updating project structure from ...
getTemplateReferences: 130ms
updated: ng - 0ms
getDiagnostics: 328ms
updating project structure from ...
getTemplateReferences: 126ms
updated: ng - 0ms
getHoverAt: 1ms
Search path: /home/fran/eclipse-workspace/brewITyourself/com-dotzet-rest-crud-dashboard/src/app/app-body/suppliers-dashboard/supplier-read-form
Config file name: /home/fran/eclipse-workspace/brewITyourself/com-dotzet-rest-crud-dashboard/tsconfig.json
getTemplateReferences: 0ms
getDiagnostics: 1097ms
updating project structure from ...
getTemplateReferences: 583ms
updated: ng - 0ms
getHoverAt: 405ms
getDiagnostics: 1243ms
updating project structure from ...
getTemplateReferences: 98ms
updated: ng - 0ms
getDiagnostics: 2251ms
updating project structure from ...
getTemplateReferences: 220ms
updated: ng - 0ms
getDiagnostics: 1046ms
updating project structure from ...
getTemplateReferences: 266ms
updated: ng - 0ms
getDiagnostics: 1214ms
updating project structure from ...
getTemplateReferences: 364ms
updated: ng - 0ms
getDiagnostics: 737ms
updating project structure from ...
getTemplateReferences: 352ms
updated: ng - 0ms
getDiagnostics: 511ms
getDiagnostics: 534ms
updating project structure from ...
getTemplateReferences: 0ms
updated: ng - 0ms
getHoverAt: 0ms
getHoverAt: 0ms
getHoverAt: 0ms
getDiagnostics: 78ms
updating project structure from ...
getTemplateReferences: 0ms
updated: ng - 0ms
getHoverAt: 199ms
getDiagnostics: 427ms
updating project structure from ...
getTemplateReferences: 57ms
updated: ng - 0ms
getDiagnostics: 82ms
updating project structure from ...
getTemplateReferences: 0ms
updated: ng - 0ms
getHoverAt: 408ms
getHoverAt: 283ms
getDiagnostics: 664ms
getCompletions: 639ms
getDiagnostics: 590ms
updating project structure from ...
getTemplateReferences: 0ms
updated: ng - 0ms
getHoverAt: 141ms
getHoverAt: 131ms
getDiagnostics: 628ms
updating project structure from ...
getTemplateReferences: 0ms
updated: ng - 0ms
getDiagnostics: 437ms
updating project structure from ...
getTemplateReferences: 82ms
updated: ng - 0ms
getDiagnostics: 571ms
updating project structure from ...
getTemplateReferences: 0ms
updated: ng - 0ms
getDiagnostics: 543ms
updating project structure from ...
getTemplateReferences: 86ms
updated: ng - 0ms
getCompletions: 530ms
getDiagnostics: 530ms
updating project structure from ...
getTemplateReferences: 0ms
updated: ng - 0ms
getHoverAt: 169ms
getDiagnostics: 446ms
updating project structure from ...
getTemplateReferences: 68ms
updated: ng - 0ms
updating project structure from ...
getTemplateReferences: 0ms
updated: ng - 0ms
getCompletions: 199ms
getCompletions: 225ms
getDiagnostics: 831ms
updating project structure from ...
getTemplateReferences: 141ms
updated: ng - 0ms
getDiagnostics: 1017ms
updating project structure from ...
getTemplateReferences: 267ms
updated: ng - 0ms
getDiagnostics: 576ms
updating project structure from ...
getTemplateReferences: 146ms
updated: ng - 0ms
getCompletions: 93ms
getDiagnostics: 746ms
updating project structure from ...
getTemplateReferences: 319ms
updated: ng - 0ms
getDiagnostics: 479ms
updating project structure from ...
getTemplateReferences: 161ms
updated: ng - 0ms
getDiagnostics: 501ms
getCompletions: 108ms
getDiagnostics: 797ms
updating project structure from ...
getTemplateReferences: 0ms
updated: ng - 0ms
getDiagnostics: 549ms
getCompletions: 179ms
getDiagnostics: 1382ms
updating project structure from ...
getTemplateReferences: 0ms
updated: ng - 0ms
getDiagnostics: 531ms
getDiagnostics: 1250ms
updating project structure from ...
getTemplateReferences: 0ms
updated: ng - 0ms
getDiagnostics: 508ms
updating project structure from ...
getTemplateReferences: 179ms
updated: ng - 0ms
getDiagnostics: 380ms
updating project structure from ...
getTemplateReferences: 126ms
updated: ng - 0ms
getDiagnostics: 78ms
updating project structure from ...
getTemplateReferences: 0ms
updated: ng - 0ms
getDiagnostics: 1ms
updating project structure from ...
getTemplateReferences: 0ms
updated: ng - 0ms
getCompletions: 121ms
getDiagnostics: 593ms
updating project structure from ...
getTemplateReferences: 388ms
updated: ng - 0ms
getDiagnostics: 447ms
updating project structure from ...
getTemplateReferences: 153ms
updated: ng - 0ms
getDiagnostics: 990ms
updating project structure from ...
getTemplateReferences: 279ms
updated: ng - 0ms
getDiagnostics: 475ms
getDiagnostics: 693ms
updating project structure from ...
getTemplateReferences: 0ms
updated: ng - 0ms
getCompletions: 75ms
getCompletions: 259ms
getDiagnostics: 519ms
updating project structure from ...
getTemplateReferences: 240ms
updated: ng - 0ms
getCompletions: 106ms
getDiagnostics: 826ms
updating project structure from ...
getTemplateReferences: 286ms
updated: ng - 0ms
getCompletions: 124ms
getDiagnostics: 451ms
getDiagnostics: 1482ms
updating project structure from ...
getTemplateReferences: 0ms
updated: ng - 0ms
getDiagnostics: 500ms
getDiagnostics: 1524ms
updating project structure from ...
getTemplateReferences: 0ms
updated: ng - 0ms
getDiagnostics: 67ms
updating project structure from ...
getTemplateReferences: 0ms
updated: ng - 0ms
getHoverAt: 123ms
getDiagnostics: 653ms
updating project structure from ...
updated: ng - 0ms
updating project structure from ...
updated: ng - 0ms
updating project structure from ...
updated: ng - 0ms
Search path: /home/fran/eclipse-workspace/brewITyourself/com-dotzet-rest-crud-dashboard/src/app/app-body/suppliers-dashboard/supplier-read-form
Config file name: /home/fran/eclipse-workspace/brewITyourself/com-dotzet-rest-crud-dashboard/tsconfig.json
getTemplateReferences: 715ms
getTemplateReferences: 0ms
getDiagnostics: 77ms
getDiagnostics: 5ms
updating project structure from ...
updated: ng - 0ms
getDiagnostics: 452ms
updating project structure from ...
updated: ng - 0ms
getDiagnostics: 2196ms
updating project structure from ...
updated: ng - 0ms
getCompletions: 185ms
getDiagnostics: 588ms
updating project structure from ...
updated: ng - 0ms
getCompletions: 229ms
getDiagnostics: 971ms
updating project structure from ...
updated: ng - 0ms
getCompletions: 227ms
getDiagnostics: 285ms
updating project structure from ...
updated: ng - 0ms
getCompletions: 174ms
getCompletions: 66ms
getCompletions: 117ms
getDiagnostics: 678ms
updating project structure from ...
updated: ng - 0ms
getDiagnostics: 499ms
updating project structure from ...
updated: ng - 0ms
getCompletions: 162ms
getDiagnostics: 1588ms
updating project structure from ...
updated: ng - 0ms
getDiagnostics: 506ms
getCompletions: 170ms
getDiagnostics: 1301ms
updating project structure from ...
updated: ng - 0ms
getDiagnostics: 694ms
updating project structure from ...
updated: ng - 0ms
Search path: /home/fran/eclipse-workspace/brewITyourself/com-dotzet-rest-crud-dashboard/src/app/app-body/suppliers-dashboard/supplier-read-form
Config file name: /home/fran/eclipse-workspace/brewITyourself/com-dotzet-rest-crud-dashboard/tsconfig.json
getTemplateReferences: 1346ms
updating project structure from ...
updated: ng - 0ms
getDiagnostics: 27ms
Search path: /home/fran/eclipse-workspace/brewITyourself/com-dotzet-rest-crud-dashboard/src/app/app-body/suppliers-dashboard/supplier-read-form
Config file name: /home/fran/eclipse-workspace/brewITyourself/com-dotzet-rest-crud-dashboard/tsconfig.json
getTemplateReferences: 0ms
getTemplateReferences: 0ms
getHoverAt: 911ms
getDiagnostics: 69ms
getHoverAt: 0ms
getHoverAt: 0ms
getHoverAt: 0ms
getHoverAt: 236ms
getDiagnostics: 913ms
updating project structure from ...
getTemplateReferences: 171ms
updated: ng - 0ms
getDiagnostics: 452ms
updating project structure from ...
getTemplateReferences: 151ms
updated: ng - 0ms
getDiagnostics: 504ms
updating project structure from ...
getTemplateReferences: 101ms
updated: ng - 0ms
getHoverAt: 132ms
getDiagnostics: 552ms
updating project structure from ...
getTemplateReferences: 111ms
updated: ng - 0ms
getHoverAt: 0ms
getHoverAt: 0ms
getDiagnostics: 388ms
updating project structure from ...
getTemplateReferences: 149ms
updated: ng - 0ms
getDiagnostics: 77ms
updating project structure from ...
getTemplateReferences: 0ms
updated: ng - 0ms
getHoverAt: 122ms
getHoverAt: 106ms
getDiagnostics: 959ms
updating project structure from ...
getTemplateReferences: 146ms
updated: ng - 0ms
getDiagnostics: 504ms
updating project structure from ...
getTemplateReferences: 151ms
updated: ng - 0ms
getDiagnostics: 427ms
updating project structure from ...
getTemplateReferences: 91ms
updated: ng - 0ms
getDiagnostics: 432ms
updating project structure from ...
getTemplateReferences: 88ms
updated: ng - 0ms
getDiagnostics: 485ms
updating project structure from ...
getTemplateReferences: 125ms
updated: ng - 0ms
getDiagnostics: 560ms
updating project structure from ...
getTemplateReferences: 114ms
updated: ng - 0ms
getDiagnostics: 533ms
updating project structure from ...
getTemplateReferences: 104ms
updated: ng - 0ms
getCompletions: 1713ms
getDiagnostics: 72ms
updating project structure from ...
getTemplateReferences: 0ms
updated: ng - 0ms
getDiagnostics: 597ms
getDiagnostics: 534ms
updating project structure from ...
getTemplateReferences: 0ms
updated: ng - 0ms
getDiagnostics: 336ms
updating project structure from ...
getTemplateReferences: 56ms
updated: ng - 0ms
getDiagnostics: 487ms
updating project structure from ...
getTemplateReferences: 129ms
updated: ng - 0ms
getDiagnostics: 584ms
updating project structure from ...
getTemplateReferences: 133ms
updated: ng - 0ms
getDiagnostics: 569ms
updating project structure from ...
getTemplateReferences: 113ms
updated: ng - 0ms
getDiagnostics: 574ms
updating project structure from ...
getTemplateReferences: 146ms
updated: ng - 0ms
getDiagnostics: 472ms
updating project structure from ...
getTemplateReferences: 84ms
updated: ng - 0ms
getDiagnostics: 608ms
getCompletions: 757ms
getDiagnostics: 49ms
getDiagnostics: 303ms
updating project structure from ...
getTemplateReferences: 47ms
updated: ng - 0ms
getDiagnostics: 569ms
updating project structure from ...
getTemplateReferences: 83ms
updated: ng - 0ms
getCompletions: 693ms
getDiagnostics: 219ms
getDiagnostics: 538ms
getCompletions: 693ms
getCompletions: 410ms
getDiagnostics: 83ms
updating project structure from ...
getTemplateReferences: 0ms
updated: ng - 0ms
getDiagnostics: 435ms
updating project structure from ...
getTemplateReferences: 153ms
updated: ng - 0ms
getHoverAt: 73ms
getHoverAt: 34ms
getHoverAt: 39ms
getDiagnostics: 473ms
updating project structure from ...
getTemplateReferences: 95ms
updated: ng - 0ms
getHoverAt: 83ms
getDiagnostics: 792ms
updating project structure from ...
getTemplateReferences: 103ms
updated: ng - 0ms
getCompletions: 655ms
getDiagnostics: 611ms
updating project structure from ...
getTemplateReferences: 0ms
updated: ng - 0ms
getHoverAt: 39ms
getDiagnostics: 288ms
updating project structure from ...
getTemplateReferences: 67ms
updated: ng - 0ms
getHoverAt: 53ms
getDiagnostics: 417ms
updating project structure from ...
getTemplateReferences: 107ms
updated: ng - 0ms
getCompletions: 622ms
getCompletions: 611ms
getDiagnostics: 365ms
updating project structure from ...
getTemplateReferences: 44ms
updated: ng - 0ms
getHoverAt: 42ms
getDiagnostics: 430ms
updating project structure from ...
getTemplateReferences: 105ms
updated: ng - 0ms
getHoverAt: 91ms
getHoverAt: 145ms
getHoverAt: 103ms
getCompletions: 785ms
getDiagnostics: 86ms
getCompletions: 863ms
getDiagnostics: 96ms
getDiagnostics: 498ms
updating project structure from ...
getTemplateReferences: 122ms
updated: ng - 0ms
getHoverAt: 32ms
getDiagnostics: 528ms
getCompletions: 687ms
getCompletions: 476ms
getDiagnostics: 575ms
updating project structure from ...
getTemplateReferences: 0ms
updated: ng - 0ms
getHoverAt: 70ms
getHoverAt: 112ms
getHoverAt: 30ms
getHoverAt: 214ms
getCompletions: 331ms
getDiagnostics: 85ms
getCompletions: 688ms
getCompletions: 802ms
getDiagnostics: 66ms
getCompletions: 558ms
getDiagnostics: 628ms
updating project structure from ...
getTemplateReferences: 0ms
updated: ng - 0ms
getDiagnostics: 260ms
updating project structure from ...
getTemplateReferences: 39ms
updated: ng - 0ms
getDiagnostics: 484ms
getDiagnostics: 546ms
updating project structure from ...
getTemplateReferences: 0ms
updated: ng - 0ms
getCompletions: 388ms
getDiagnostics: 74ms
getDiagnostics: 441ms
updating project structure from ...
getTemplateReferences: 228ms
updated: ng - 0ms
getDiagnostics: 412ms
updating project structure from ...
getTemplateReferences: 89ms
updated: ng - 0ms
getCompletions: 467ms
getDiagnostics: 338ms
getCompletions: 766ms
getDiagnostics: 172ms
getDiagnostics: 687ms
getCompletions: 940ms
getDiagnostics: 139ms
getDiagnostics: 440ms
updating project structure from ...
getTemplateReferences: 61ms
updated: ng - 0ms
getHoverAt: 69ms
getCompletions: 655ms
getDiagnostics: 184ms
updating project structure from ...
getTemplateReferences: 0ms
updated: ng - 0ms
getDiagnostics: 583ms
getCompletions: 747ms
getDiagnostics: 86ms
getDiagnostics: 283ms
updating project structure from ...
getTemplateReferences: 125ms
updated: ng - 0ms
getDiagnostics: 422ms
updating project structure from ...
getTemplateReferences: 84ms
updated: ng - 0ms
getDiagnostics: 426ms
updating project structure from ...
getTemplateReferences: 89ms
updated: ng - 0ms
getCompletions: 447ms
getCompletions: 806ms
getDiagnostics: 86ms
getDiagnostics: 297ms
updating project structure from ...
getTemplateReferences: 40ms
updated: ng - 0ms
getCompletions: 691ms
getDiagnostics: 203ms
getDiagnostics: 422ms
getDiagnostics: 539ms
updating project structure from ...
getTemplateReferences: 0ms
updated: ng - 0ms
getCompletions: 385ms
getDiagnostics: 549ms
updating project structure from ...
getTemplateReferences: 0ms
updated: ng - 0ms
getDiagnostics: 290ms
updating project structure from ...
getTemplateReferences: 42ms
updated: ng - 0ms
getCompletions: 540ms
getDiagnostics: 217ms
updating project structure from ...
getTemplateReferences: 0ms
updated: ng - 0ms
getDiagnostics: 484ms
getDiagnostics: 534ms
updating project structure from ...
getTemplateReferences: 0ms
updated: ng - 0ms
getDiagnostics: 275ms
getCompletions: 710ms
getDiagnostics: 56ms
updating project structure from ...
getTemplateReferences: 0ms
updated: ng - 0ms
getDiagnostics: 285ms
updating project structure from ...
getTemplateReferences: 56ms
updated: ng - 0ms
getDiagnostics: 682ms
getCompletions: 618ms
getDiagnostics: 651ms
getCompletions: 464ms
getCompletions: 643ms
getCompletions: 356ms
getDiagnostics: 595ms
updating project structure from ...
getTemplateReferences: 0ms
updated: ng - 0ms
getCompletions: 338ms
getDiagnostics: 200ms
getDiagnostics: 482ms
updating project structure from ...
getTemplateReferences: 104ms
updated: ng - 0ms
getCompletions: 648ms
getDiagnostics: 516ms
updating project structure from ...
getTemplateReferences: 0ms
updated: ng - 0ms
getDiagnostics: 410ms
updating project structure from ...
getTemplateReferences: 46ms
updated: ng - 0ms
getCompletions: 536ms
getDiagnostics: 555ms
updating project structure from ...
getTemplateReferences: 0ms
updated: ng - 0ms
getCompletions: 362ms
getDiagnostics: 103ms
updating project structure from ...
getTemplateReferences: 0ms
updated: ng - 0ms
getDiagnostics: 574ms
updating project structure from ...
getTemplateReferences: 0ms
updated: ng - 0ms
getHoverAt: 38ms
getDiagnostics: 492ms
getCompletions: 717ms
getDiagnostics: 273ms
updating project structure from ...
getTemplateReferences: 65ms
updated: ng - 0ms
getDiagnostics: 583ms
getCompletions: 853ms
getDiagnostics: 79ms
getDiagnostics: 313ms
updating project structure from ...
getTemplateReferences: 60ms
updated: ng - 0ms
getDiagnostics: 466ms
updating project structure from ...
getTemplateReferences: 91ms
updated: ng - 0ms
getCompletions: 478ms
getDiagnostics: 200ms
updating project structure from ...
getTemplateReferences: 0ms
updated: ng - 0ms
getDiagnostics: 509ms
getDiagnostics: 552ms
getCompletions: 537ms
getDiagnostics: 512ms
updating project structure from ...
getTemplateReferences: 0ms
updated: ng - 0ms
getDiagnostics: 267ms
updating project structure from ...
getTemplateReferences: 41ms
updated: ng - 0ms
getDiagnostics: 431ms
updating project structure from ...
getTemplateReferences: 100ms
updated: ng - 0ms
getDiagnostics: 418ms
updating project structure from ...
getTemplateReferences: 95ms
updated: ng - 0ms
getDiagnostics: 9ms
updating project structure from ...
getTemplateReferences: 0ms
updated: ng - 0ms
getHoverAt: 0ms
getHoverAt: 0ms
getDiagnostics: 39ms
updating project structure from ...
getTemplateReferences: 0ms
updated: ng - 0ms
getHoverAt: 171ms
getDiagnostics: 492ms
updating project structure from ...
getTemplateReferences: 116ms
updated: ng - 0ms
Search path: /home/fran/eclipse-workspace/brewITyourself/com-dotzet-rest-crud-dashboard/src/app/app-body/suppliers-dashboard/supplier-read-form
Config file name: /home/fran/eclipse-workspace/brewITyourself/com-dotzet-rest-crud-dashboard/tsconfig.json
getTemplateReferences: 0ms
getTemplateReferences: 0ms
Search path: /home/fran/eclipse-workspace/brewITyourself/com-dotzet-rest-crud-dashboard/src/app/app-body/suppliers-dashboard/supplier-read-form
Config file name: /home/fran/eclipse-workspace/brewITyourself/com-dotzet-rest-crud-dashboard/tsconfig.json
getTemplateReferences: 0ms
updating project structure from ...
getTemplateReferences: 0ms
updated: ng - 1468ms
updating project structure from ...
getTemplateReferences: 768ms
updated: ng - 0ms
getDiagnostics: 59ms
updating project structure from ...
getTemplateReferences: 0ms
updated: ng - 0ms
updating project structure from ...
getTemplateReferences: 0ms
updated: ng - 0ms
getHoverAt: 125ms
getDiagnostics: 435ms
getCompletions: 875ms
getDiagnostics: 67ms
getDiagnostics: 842ms
updating project structure from ...
getTemplateReferences: 0ms
updated: ng - 0ms
Search path: /home/fran/eclipse-workspace/brewITyourself/com-dotzet-rest-crud-dashboard/src/app/app-body/suppliers-dashboard/supplier-read-form
Config file name: /home/fran/eclipse-workspace/brewITyourself/com-dotzet-rest-crud-dashboard/tsconfig.json
getTemplateReferences: 0ms
getTemplateReferences: 0ms
getDiagnostics: 1022ms
updating project structure from ...
getTemplateReferences: 0ms
updated: ng - 0ms
getDiagnostics: 1566ms
updating project structure from ...
updated: ng - 0ms
updating project structure from ...
updated: ng - 0ms
getCompletions: 83ms
getDiagnostics: 1684ms
updating project structure from ...
updated: ng - 0ms
getCompletions: 189ms
getDiagnostics: 256ms
updating project structure from ...
updated: ng - 0ms
getHoverAt: 0ms
getDiagnostics: 894ms
updating project structure from ...
updated: ng - 0ms
getCompletions: 236ms
getDiagnostics: 321ms
updating project structure from ...
updated: ng - 0ms
getDiagnostics: 1089ms
updating project structure from ...
updated: ng - 0ms
getCompletions: 185ms
getDiagnostics: 247ms
updating project structure from ...
updated: ng - 0ms
getDiagnostics: 662ms
updating project structure from ...
updated: ng - 0ms
getCompletions: 119ms
getDiagnostics: 210ms
getDiagnostics: 751ms
updating project structure from ...
updated: ng - 0ms
getDiagnostics: 349ms
updating project structure from ...
updated: ng - 0ms
getDiagnostics: 558ms
updating project structure from ...
updated: ng - 0ms
getDiagnostics: 225ms
getDiagnostics: 788ms
updating project structure from ...
updated: ng - 0ms
getDiagnostics: 312ms
getDiagnostics: 572ms
updating project structure from ...
updated: ng - 0ms
getCompletions: 116ms
getDiagnostics: 224ms
updating project structure from ...
updated: ng - 0ms
getDiagnostics: 634ms
updating project structure from ...
updated: ng - 0ms
getDiagnostics: 227ms
updating project structure from ...
updated: ng - 0ms
getHoverAt: 0ms
getDiagnostics: 893ms
updating project structure from ...
updated: ng - 0ms
getDiagnostics: 305ms
updating project structure from ...
updated: ng - 0ms
getDiagnostics: 828ms
updating project structure from ...
updated: ng - 0ms
getDiagnostics: 283ms
updating project structure from ...
updated: ng - 0ms
getDiagnostics: 834ms
updating project structure from ...
updated: ng - 0ms
getCompletions: 123ms
getDiagnostics: 394ms
getCompletions: 156ms
getDiagnostics: 1120ms
updating project structure from ...
updated: ng - 0ms
getDiagnostics: 322ms
updating project structure from ...
updated: ng - 0ms
getDiagnostics: 929ms
updating project structure from ...
updated: ng - 0ms
getDiagnostics: 256ms
getDiagnostics: 549ms
updating project structure from ...
updated: ng - 0ms
getDiagnostics: 275ms
updating project structure from ...
updated: ng - 0ms
getDiagnostics: 760ms
updating project structure from ...
updated: ng - 0ms
getCompletions: 103ms
getDiagnostics: 211ms
updating project structure from ...
updated: ng - 0ms
getDiagnostics: 773ms
updating project structure from ...
updated: ng - 0ms
getDiagnostics: 234ms
updating project structure from ...
updated: ng - 0ms
getDiagnostics: 1466ms
updating project structure from ...
updated: ng - 0ms
getDiagnostics: 355ms
getCompletions: 115ms
getDiagnostics: 1090ms
updating project structure from ...
updated: ng - 0ms
getDiagnostics: 248ms
updating project structure from ...
updated: ng - 0ms
getCompletions: 122ms
getDiagnostics: 635ms
getCompletions: 119ms
getDiagnostics: 363ms
updating project structure from ...
updated: ng - 0ms
getDiagnostics: 825ms
updating project structure from ...
updated: ng - 0ms
getCompletions: 100ms
getDiagnostics: 183ms
updating project structure from ...
updated: ng - 0ms
getCompletions: 97ms
getDiagnostics: 1367ms
updating project structure from ...
updated: ng - 0ms
getDiagnostics: 389ms
updating project structure from ...
updated: ng - 0ms
getCompletions: 109ms
getDiagnostics: 951ms
updating project structure from ...
updated: ng - 0ms
getCompletions: 168ms
getDiagnostics: 503ms
updating project structure from ...
updated: ng - 0ms
getCompletions: 146ms
getDiagnostics: 797ms
updating project structure from ...
updated: ng - 0ms
getDiagnostics: 292ms
updating project structure from ...
updated: ng - 0ms
getDiagnostics: 660ms
updating project structure from ...
updated: ng - 0ms
getDiagnostics: 251ms
updating project structure from ...
updated: ng - 0ms
getDiagnostics: 634ms
updating project structure from ...
updated: ng - 0ms
getHoverAt: 0ms
getHoverAt: 0ms
getHoverAt: 10ms
getCompletions: 57ms
getDiagnostics: 784ms
updating project structure from ...
updated: ng - 0ms
getDiagnostics: 1343ms
updating project structure from ...
updated: ng - 0ms
getHoverAt: 0ms
getDiagnostics: 569ms
getDiagnostics: 1120ms
updating project structure from ...
updated: ng - 0ms
getDiagnostics: 338ms
updating project structure from ...
updated: ng - 0ms
getHoverAt: 9ms
getHoverAt: 0ms
getHoverAt: 0ms
getDiagnostics: 836ms
updating project structure from ...
updated: ng - 0ms
getDiagnostics: 435ms
updating project structure from ...
updated: ng - 0ms
getCompletions: 223ms
getDiagnostics: 841ms
updating project structure from ...
updated: ng - 0ms
getDiagnostics: 380ms
getCompletions: 175ms
getDiagnostics: 1242ms
updating project structure from ...
updated: ng - 0ms
getDiagnostics: 720ms
getDiagnostics: 1014ms
updating project structure from ...
updated: ng - 0ms
getDiagnostics: 448ms
updating project structure from ...
updated: ng - 0ms
getDiagnostics: 722ms
updating project structure from ...
updated: ng - 1ms
getCompletions: 1ms
getDiagnostics: 629ms
updating project structure from ...
updated: ng - 0ms
getCompletions: 393ms
getDiagnostics: 979ms
updating project structure from ...
updated: ng - 0ms
getCompletions: 199ms
getDiagnostics: 317ms
updating project structure from ...
updated: ng - 0ms
getDiagnostics: 664ms
updating project structure from ...
updated: ng - 0ms
getDiagnostics: 272ms
getDiagnostics: 857ms
updating project structure from ...
updated: ng - 0ms
getDiagnostics: 408ms
updating project structure from ...
updated: ng - 0ms
getCompletions: 89ms
getDiagnostics: 601ms
getDiagnostics: 554ms
getDiagnostics: 940ms
updating project structure from ...
updated: ng - 0ms
getDiagnostics: 206ms
getDiagnostics: 1154ms
updating project structure from ...
updated: ng - 0ms
getDiagnostics: 615ms
updating project structure from ...
updated: ng - 0ms
getDiagnostics: 558ms
getDiagnostics: 356ms
updating project structure from ...
updated: ng - 0ms
getDiagnostics: 763ms
updating project structure from ...
updated: ng - 0ms
getDiagnostics: 617ms
getDiagnostics: 928ms
updating project structure from ...
updated: ng - 0ms
getCompletions: 252ms
getDiagnostics: 396ms
updating project structure from ...
updated: ng - 0ms
getDiagnostics: 867ms
updating project structure from ...
updated: ng - 0ms
getCompletions: 122ms
getDiagnostics: 579ms
getDiagnostics: 1075ms
updating project structure from ...
updated: ng - 0ms
getDiagnostics: 334ms
getDiagnostics: 751ms
updating project structure from ...
updated: ng - 0ms
getCompletions: 124ms
getDiagnostics: 947ms
updating project structure from ...
updated: ng - 0ms
getCompletions: 90ms
getDiagnostics: 600ms
updating project structure from ...
updated: ng - 0ms
getDiagnostics: 591ms
getDiagnostics: 1025ms
updating project structure from ...
updated: ng - 0ms
getDiagnostics: 435ms
getDiagnostics: 1523ms
updating project structure from ...
updated: ng - 0ms
getCompletions: 197ms
getDiagnostics: 242ms
updating project structure from ...
updated: ng - 0ms
getHoverAt: 17ms
getHoverAt: 2ms
getDiagnostics: 1240ms
updating project structure from ...
updated: ng - 0ms
getDiagnostics: 453ms
getCompletions: 122ms
getDiagnostics: 862ms
updating project structure from ...
updated: ng - 0ms
getDiagnostics: 575ms
updating project structure from ...
updated: ng - 0ms
getCompletions: 336ms
getDiagnostics: 848ms
updating project structure from ...
updated: ng - 0ms
getCompletions: 109ms
getDiagnostics: 221ms
getDiagnostics: 1170ms
updating project structure from ...
updated: ng - 0ms
getCompletions: 162ms
getDiagnostics: 348ms
updating project structure from ...
updated: ng - 0ms
getDiagnostics: 1493ms
updating project structure from ...
updated: ng - 0ms
getDiagnostics: 382ms
updating project structure from ...
updated: ng - 0ms
getDiagnostics: 1143ms
updating project structure from ...
updated: ng - 0ms
getDiagnostics: 1491ms
updating project structure from ...
updated: ng - 0ms
getCompletions: 0ms
getCompletions: 154ms
getDiagnostics: 736ms
updating project structure from ...
updated: ng - 0ms
getDiagnostics: 457ms
updating project structure from ...
updated: ng - 0ms
getDiagnostics: 632ms
updating project structure from ...
updated: ng - 0ms
getCompletions: 163ms
getDiagnostics: 447ms
getCompletions: 158ms
getDiagnostics: 998ms
updating project structure from ...
updated: ng - 0ms
getDiagnostics: 545ms
updating project structure from ...
updated: ng - 0ms
getCompletions: 67ms
getDiagnostics: 434ms
updating project structure from ...
updated: ng - 0ms
getCompletions: 64ms
getCompletions: 69ms
getDiagnostics: 174ms
updating project structure from ...
updated: ng - 0ms
getCompletions: 107ms
getDiagnostics: 437ms
updating project structure from ...
updated: ng - 0ms
getDiagnostics: 205ms
updating project structure from ...
updated: ng - 0ms
getHoverAt: 1ms
getDiagnostics: 768ms
updating project structure from ...
updated: ng - 0ms
getCompletions: 168ms
getDiagnostics: 412ms
getCompletions: 115ms
getDiagnostics: 608ms
updating project structure from ...
updated: ng - 0ms
getDiagnostics: 647ms
getDiagnostics: 749ms
updating project structure from ...
updated: ng - 0ms
getCompletions: 271ms
getDiagnostics: 575ms
getCompletions: 99ms
getDiagnostics: 765ms
updating project structure from ...
updated: ng - 0ms
getDiagnostics: 312ms
updating project structure from ...
updated: ng - 0ms
getCompletions: 122ms
getDiagnostics: 817ms
updating project structure from ...
updated: ng - 0ms
getDiagnostics: 438ms
updating project structure from ...
updated: ng - 0ms
getCompletions: 108ms
getDiagnostics: 477ms
updating project structure from ...
updated: ng - 0ms
getCompletions: 156ms
getDiagnostics: 242ms
updating project structure from ...
updated: ng - 0ms
getDiagnostics: 686ms
updating project structure from ...
updated: ng - 0ms
getCompletions: 117ms
getDiagnostics: 172ms
updating project structure from ...
updated: ng - 0ms
getCompletions: 0ms
getDiagnostics: 485ms
getDiagnostics: 258ms
updating project structure from ...
updated: ng - 0ms
getDiagnostics: 1025ms
updating project structure from ...
updated: ng - 0ms
getDiagnostics: 506ms
updating project structure from ...
updated: ng - 0ms
getDiagnostics: 836ms
updating project structure from ...
updated: ng - 0ms
getDiagnostics: 333ms
getDiagnostics: 709ms
updating project structure from ...
updated: ng - 0ms
getDiagnostics: 278ms
updating project structure from ...
updated: ng - 0ms
getCompletions: 94ms
getDiagnostics: 1356ms
updating project structure from ...
updated: ng - 0ms
getDiagnostics: 566ms
getDiagnostics: 748ms
updating project structure from ...
updated: ng - 0ms
getCompletions: 98ms
getDiagnostics: 203ms
updating project structure from ...
updated: ng - 0ms
getCompletions: 112ms
getDiagnostics: 1075ms
updating project structure from ...
updated: ng - 0ms
getDiagnostics: 380ms
getDiagnostics: 863ms
updating project structure from ...
updated: ng - 0ms
getCompletions: 145ms
getDiagnostics: 449ms
updating project structure from ...
updated: ng - 0ms
getDiagnostics: 605ms
getDiagnostics: 257ms
updating project structure from ...
updated: ng - 0ms
getDiagnostics: 758ms
updating project structure from ...
updated: ng - 0ms
getDiagnostics: 324ms
updating project structure from ...
updated: ng - 0ms
getCompletions: 120ms
getDiagnostics: 589ms
updating project structure from ...
updated: ng - 0ms
getDiagnostics: 738ms
getDiagnostics: 1202ms
updating project structure from ...
updated: ng - 0ms
getCompletions: 274ms
getDiagnostics: 739ms
updating project structure from ...
updated: ng - 0ms
getCompletions: 120ms
getDiagnostics: 1461ms
updating project structure from ...
updated: ng - 0ms
getDiagnostics: 235ms
getDiagnostics: 716ms
updating project structure from ...
updated: ng - 0ms
getDiagnostics: 412ms
updating project structure from ...
updated: ng - 0ms
getDiagnostics: 703ms
updating project structure from ...
updated: ng - 0ms
getHoverAt: 1ms
getDiagnostics: 244ms
updating project structure from ...
updated: ng - 0ms
getCompletions: 116ms
getDiagnostics: 1164ms
updating project structure from ...
updated: ng - 0ms
getCompletions: 146ms
getDiagnostics: 387ms
updating project structure from ...
updated: ng - 0ms
getCompletions: 747ms
getDiagnostics: 692ms
updating project structure from ...
updated: ng - 0ms
getDiagnostics: 589ms
getDiagnostics: 852ms
updating project structure from ...
updated: ng - 0ms
getCompletions: 112ms
getDiagnostics: 230ms
updating project structure from ...
updated: ng - 0ms
getDiagnostics: 874ms
updating project structure from ...
updated: ng - 0ms
getCompletions: 126ms
getDiagnostics: 456ms
updating project structure from ...
updated: ng - 0ms
getCompletions: 92ms
getDiagnostics: 535ms
updating project structure from ...
updated: ng - 0ms
getDiagnostics: 216ms
updating project structure from ...
updated: ng - 0ms
getHoverAt: 1ms
getHoverAt: 0ms
getDiagnostics: 1188ms
updating project structure from ...
updated: ng - 0ms
getCompletions: 86ms
getDiagnostics: 197ms
updating project structure from ...
updated: ng - 0ms
getCompletions: 112ms
getDiagnostics: 1427ms
updating project structure from ...
updated: ng - 0ms
getDiagnostics: 367ms
updating project structure from ...
updated: ng - 0ms
getCompletions: 309ms
getDiagnostics: 1459ms
updating project structure from ...
updated: ng - 0ms
getHoverAt: 2ms
getCompletions: 233ms
getDiagnostics: 737ms
updating project structure from ...
updated: ng - 0ms
getCompletions: 150ms
getDiagnostics: 1158ms
updating project structure from ...
updated: ng - 0ms
getCompletions: 119ms
getDiagnostics: 302ms
getDiagnostics: 654ms
updating project structure from ...
updated: ng - 0ms
getCompletions: 73ms
getDiagnostics: 512ms
updating project structure from ...
updated: ng - 0ms
getDiagnostics: 846ms
updating project structure from ...
updated: ng - 0ms
getDiagnostics: 344ms
getDiagnostics: 533ms
updating project structure from ...
updated: ng - 0ms
getCompletions: 156ms
getDiagnostics: 542ms
getCompletions: 260ms
getDiagnostics: 852ms
updating project structure from ...
updated: ng - 0ms
getCompletions: 173ms
getDiagnostics: 435ms
getDiagnostics: 602ms
updating project structure from ...
updated: ng - 0ms
getDiagnostics: 261ms
updating project structure from ...
updated: ng - 0ms
getCompletions: 92ms
getDiagnostics: 491ms
updating project structure from ...
updated: ng - 0ms
getDiagnostics: 632ms
getDiagnostics: 735ms
updating project structure from ...
updated: ng - 0ms
getCompletions: 75ms
getDiagnostics: 732ms
getCompletions: 95ms
getDiagnostics: 1055ms
updating project structure from ...
updated: ng - 0ms
getCompletions: 124ms
getDiagnostics: 336ms
updating project structure from ...
updated: ng - 0ms
getDiagnostics: 656ms
getCompletions: 60ms
getDiagnostics: 191ms
updating project structure from ...
updated: ng - 0ms
getHoverAt: 1ms
getHoverAt: 1ms
getHoverAt: 0ms
getDiagnostics: 1207ms
updating project structure from ...
updated: ng - 0ms
getDiagnostics: 291ms
updating project structure from ...
updated: ng - 0ms
getDiagnostics: 1334ms
updating project structure from ...
updated: ng - 0ms
getDiagnostics: 387ms
updating project structure from ...
updated: ng - 0ms
getCompletions: 84ms
getDiagnostics: 531ms
updating project structure from ...
updated: ng - 0ms
getDiagnostics: 331ms
updating project structure from ...
updated: ng - 0ms
getCompletions: 79ms
getDiagnostics: 1113ms
updating project structure from ...
updated: ng - 0ms
getCompletions: 121ms
getDiagnostics: 197ms
updating project structure from ...
updated: ng - 0ms
getDiagnostics: 480ms
updating project structure from ...
updated: ng - 0ms
getDiagnostics: 246ms
updating project structure from ...
updated: ng - 0ms
getCompletions: 143ms
getDiagnostics: 501ms
updating project structure from ...
updated: ng - 0ms
getDiagnostics: 356ms
updating project structure from ...
updated: ng - 0ms
getCompletions: 150ms
getDiagnostics: 589ms
getCompletions: 66ms
getDiagnostics: 231ms
updating project structure from ...
updated: ng - 0ms
getCompletions: 144ms
getDiagnostics: 1026ms
updating project structure from ...
updated: ng - 0ms
getDiagnostics: 581ms
getCompletions: 172ms
getDiagnostics: 776ms
updating project structure from ...
updated: ng - 0ms
getCompletions: 190ms
getCompletions: 194ms
getDiagnostics: 515ms
updating project structure from ...
updated: ng - 0ms
getDiagnostics: 802ms
updating project structure from ...
updated: ng - 0ms
getDiagnostics: 314ms
getDiagnostics: 759ms
updating project structure from ...
updated: ng - 0ms
getHoverAt: 0ms
getDiagnostics: 514ms
updating project structure from ...
updated: ng - 0ms
getDiagnostics: 832ms
updating project structure from ...
updated: ng - 0ms
getCompletions: 226ms
getDiagnostics: 406ms
updating project structure from ...
updated: ng - 0ms
getHoverAt: 0ms
getDiagnostics: 884ms
updating project structure from ...
updated: ng - 0ms
getHoverAt: 0ms
getDiagnostics: 239ms
updating project structure from ...
updated: ng - 0ms
getDiagnostics: 480ms
updating project structure from ...
updated: ng - 0ms
getDiagnostics: 372ms
updating project structure from ...
updated: ng - 0ms
getDiagnostics: 710ms
getDiagnostics: 317ms
getDiagnostics: 916ms
updating project structure from ...
updated: ng - 0ms
getHoverAt: 0ms
getCompletions: 109ms
getCompletions: 193ms
getDiagnostics: 526ms
updating project structure from ...
updated: ng - 0ms
getHoverAt: 0ms
getCompletions: 142ms
getDiagnostics: 858ms
updating project structure from ...
updated: ng - 0ms
getDiagnostics: 614ms
updating project structure from ...
updated: ng - 0ms
getDiagnostics: 944ms
updating project structure from ...
updated: ng - 0ms
getCompletions: 180ms
getDiagnostics: 412ms
getCompletions: 137ms
getDiagnostics: 722ms
updating project structure from ...
updated: ng - 0ms
getDiagnostics: 532ms
updating project structure from ...
updated: ng - 0ms
getDiagnostics: 577ms
updating project structure from ...
updated: ng - 0ms
getCompletions: 140ms
getDiagnostics: 289ms
updating project structure from ...
updated: ng - 0ms
getDiagnostics: 842ms
updating project structure from ...
updated: ng - 0ms
getDiagnostics: 284ms
updating project structure from ...
updated: ng - 0ms
getCompletions: 94ms
getDiagnostics: 535ms
updating project structure from ...
updated: ng - 0ms
getDiagnostics: 234ms
updating project structure from ...
updated: ng - 0ms
getCompletions: 91ms
getDiagnostics: 1516ms
updating project structure from ...
updated: ng - 0ms
getDiagnostics: 481ms
getCompletions: 243ms
getDiagnostics: 782ms
updating project structure from ...
updated: ng - 0ms
getCompletions: 125ms
getDiagnostics: 229ms
updating project structure from ...
updated: ng - 0ms
getDiagnostics: 615ms
updating project structure from ...
updated: ng - 0ms
getCompletions: 105ms
getDiagnostics: 181ms
updating project structure from ...
updated: ng - 0ms
getCompletions: 128ms
getDiagnostics: 491ms
updating project structure from ...
updated: ng - 0ms
getDiagnostics: 231ms
updating project structure from ...
updated: ng - 0ms
getHoverAt: 0ms
getDiagnostics: 1616ms
updating project structure from ...
updated: ng - 0ms
getCompletions: 226ms
getDiagnostics: 627ms
updating project structure from ...
updated: ng - 0ms
getHoverAt: 0ms
getDiagnostics: 793ms
updating project structure from ...
updated: ng - 0ms
getHoverAt: 0ms
getHoverAt: 1ms
getDiagnostics: 266ms
updating project structure from ...
updated: ng - 0ms
getDiagnostics: 836ms
updating project structure from ...
updated: ng - 0ms
getDiagnostics: 318ms
updating project structure from ...
updated: ng - 0ms
getDiagnostics: 713ms
updating project structure from ...
updated: ng - 0ms
getDiagnostics: 283ms
getCompletions: 146ms
getDiagnostics: 1361ms
updating project structure from ...
updated: ng - 0ms
getCompletions: 157ms
getDiagnostics: 374ms
getCompletions: 93ms
getDiagnostics: 905ms
updating project structure from ...
updated: ng - 0ms
getCompletions: 150ms
getDiagnostics: 584ms
getDiagnostics: 548ms
updating project structure from ...
updated: ng - 0ms
getCompletions: 67ms
getDiagnostics: 197ms
updating project structure from ...
updated: ng - 0ms
getDiagnostics: 852ms
updating project structure from ...
updated: ng - 0ms
getDiagnostics: 248ms
updating project structure from ...
updated: ng - 0ms
getDiagnostics: 604ms
updating project structure from ...
updated: ng - 0ms
getDiagnostics: 327ms
updating project structure from ...
updated: ng - 0ms
getHoverAt: 1ms
getCompletions: 142ms
getDiagnostics: 1005ms
updating project structure from ...
updated: ng - 0ms
getCompletions: 129ms
getDiagnostics: 500ms
updating project structure from ...
updated: ng - 0ms
getDiagnostics: 848ms
updating project structure from ...
updated: ng - 0ms
getDiagnostics: 231ms
getCompletions: 155ms
getDiagnostics: 499ms
getCompletions: 156ms
getDiagnostics: 693ms
getDiagnostics: 1023ms
updating project structure from ...
updated: ng - 0ms
getCompletions: 113ms
getDiagnostics: 485ms
updating project structure from ...
updated: ng - 0ms
getDiagnostics: 927ms
updating project structure from ...
updated: ng - 0ms
getDiagnostics: 563ms
updating project structure from ...
updated: ng - 0ms
getDiagnostics: 586ms
updating project structure from ...
updated: ng - 0ms
getHoverAt: 1ms
getHoverAt: 0ms
getHoverAt: 0ms
getDiagnostics: 317ms
updating project structure from ...
updated: ng - 0ms
getHoverAt: 1ms
getDiagnostics: 1015ms
updating project structure from ...
updated: ng - 0ms
getDiagnostics: 251ms
updating project structure from ...
updated: ng - 0ms
getHoverAt: 1ms
getCompletions: 125ms
getDiagnostics: 718ms
updating project structure from ...
updated: ng - 0ms
getCompletions: 116ms
getDiagnostics: 660ms
updating project structure from ...
updated: ng - 0ms
getDiagnostics: 810ms
updating project structure from ...
updated: ng - 0ms
getHoverAt: 0ms
getDiagnostics: 266ms
getCompletions: 179ms
getDiagnostics: 1456ms
updating project structure from ...
updated: ng - 0ms
getCompletions: 285ms
getCompletions: 144ms
getCompletions: 157ms
getDiagnostics: 601ms
updating project structure from ...
updated: ng - 0ms
getCompletions: 257ms
getDiagnostics: 484ms
updating project structure from ...
updated: ng - 0ms
getHoverAt: 1ms
getDiagnostics: 255ms
getCompletions: 85ms
getDiagnostics: 748ms
updating project structure from ...
updated: ng - 0ms
getDiagnostics: 311ms
getCompletions: 253ms
getCompletions: 137ms
getDiagnostics: 1662ms
updating project structure from ...
updated: ng - 0ms
getDiagnostics: 574ms
updating project structure from ...
updated: ng - 0ms
getDiagnostics: 1214ms
updating project structure from ...
updated: ng - 0ms
getDiagnostics: 552ms
updating project structure from ...
updated: ng - 0ms
getDiagnostics: 666ms
updating project structure from ...
updated: ng - 0ms
getDiagnostics: 321ms
updating project structure from ...
updated: ng - 0ms
getDiagnostics: 598ms
updating project structure from ...
updated: ng - 0ms
getDiagnostics: 248ms
updating project structure from ...
updated: ng - 0ms
getDiagnostics: 750ms
updating project structure from ...
updated: ng - 0ms
getDiagnostics: 373ms
updating project structure from ...
updated: ng - 1ms
getDiagnostics: 823ms
updating project structure from ...
updated: ng - 0ms
getDiagnostics: 557ms
updating project structure from ...
updated: ng - 0ms
getDiagnostics: 575ms
updating project structure from ...
updated: ng - 0ms
getDiagnostics: 400ms
getDiagnostics: 1123ms
updating project structure from ...
updated: ng - 0ms
getDiagnostics: 856ms
updating project structure from ...
updated: ng - 0ms
getDiagnostics: 1094ms
updating project structure from ...
updated: ng - 0ms
getDiagnostics: 381ms
updating project structure from ...
updated: ng - 0ms
Search path: /home/fran/eclipse-workspace/brewITyourself/com-dotzet-rest-crud-dashboard/src/app/app-body/suppliers-dashboard/suppliers-table
Config file name: /home/fran/eclipse-workspace/brewITyourself/com-dotzet-rest-crud-dashboard/tsconfig.json
getTemplateReferences: 1015ms
getDiagnostics: 7ms
getHoverAt: 1ms
getHoverAt: 0ms
getDiagnostics: 1ms
updating project structure from ...
updated: ng - 0ms
getHoverAt: 0ms
getDiagnostics: 922ms
updating project structure from ...
updated: ng - 0ms
getHoverAt: 1ms
getHoverAt: 0ms
getDiagnostics: 796ms
updating project structure from ...
updated: ng - 0ms
getHoverAt: 0ms
getDiagnostics: 2ms
updating project structure from ...
updated: ng - 0ms
getDiagnostics: 1ms
updating project structure from ...
updated: ng - 0ms
getHoverAt: 1ms
getDiagnostics: 1ms
updating project structure from ...
updated: ng - 0ms
getHoverAt: 0ms
getDiagnostics: 424ms
updating project structure from ...
updated: ng - 0ms
getCompletions: 218ms
getDiagnostics: 1041ms
updating project structure from ...
updated: ng - 0ms
getHoverAt: 0ms
getDiagnostics: 2ms
updating project structure from ...
updated: ng - 0ms
getDiagnostics: 517ms
updating project structure from ...
updated: ng - 0ms
getDiagnostics: 97ms
updating project structure from ...
updated: ng - 0ms
getDiagnostics: 600ms
updating project structure from ...
updated: ng - 0ms
getDiagnostics: 666ms
getDiagnostics: 520ms
getDiagnostics: 653ms
updating project structure from ...
updated: ng - 0ms
getDiagnostics: 258ms
updating project structure from ...
updated: ng - 0ms
getCompletions: 87ms
getDiagnostics: 1456ms
updating project structure from ...
updated: ng - 0ms
getCompletions: 145ms
getDiagnostics: 312ms
getCompletions: 112ms
getCompletions: 119ms
getDiagnostics: 1631ms
updating project structure from ...
updated: ng - 0ms
getCompletions: 167ms
getCompletions: 240ms
getCompletions: 157ms
getDiagnostics: 474ms
getDiagnostics: 1527ms
updating project structure from ...
updated: ng - 0ms
getDiagnostics: 558ms
getDiagnostics: 586ms
updating project structure from ...
updated: ng - 0ms
getDiagnostics: 256ms
updating project structure from ...
updated: ng - 0ms
getDiagnostics: 814ms
updating project structure from ...
updated: ng - 0ms
getDiagnostics: 243ms
updating project structure from ...
updated: ng - 0ms
getHoverAt: 1ms
getDiagnostics: 899ms
updating project structure from ...
updated: ng - 0ms
getDiagnostics: 249ms
updating project structure from ...
updated: ng - 0ms
getCompletions: 71ms
getDiagnostics: 1277ms
updating project structure from ...
updated: ng - 0ms
getCompletions: 107ms
getDiagnostics: 438ms
getCompletions: 173ms
getDiagnostics: 571ms
updating project structure from ...
updated: ng - 0ms
getDiagnostics: 239ms
getCompletions: 133ms
getDiagnostics: 653ms
getDiagnostics: 404ms
getDiagnostics: 572ms
updating project structure from ...
updated: ng - 0ms
getCompletions: 127ms
getDiagnostics: 176ms
updating project structure from ...
updated: ng - 0ms
getCompletions: 149ms
getDiagnostics: 1607ms
updating project structure from ...
updated: ng - 0ms
getDiagnostics: 573ms
updating project structure from ...
updated: ng - 0ms
getCompletions: 156ms
getDiagnostics: 1324ms
updating project structure from ...
updated: ng - 0ms
getDiagnostics: 286ms
updating project structure from ...
updated: ng - 0ms
getDiagnostics: 617ms
updating project structure from ...
updated: ng - 0ms
getDiagnostics: 233ms
updating project structure from ...
updated: ng - 0ms
getCompletions: 95ms
getDiagnostics: 911ms
updating project structure from ...
updated: ng - 0ms
getCompletions: 115ms
getDiagnostics: 532ms
updating project structure from ...
updated: ng - 1ms
getCompletions: 125ms
getDiagnostics: 449ms
updating project structure from ...
updated: ng - 0ms
getCompletions: 188ms
getDiagnostics: 541ms
updating project structure from ...
updated: ng - 0ms
getCompletions: 209ms
getDiagnostics: 838ms
updating project structure from ...
updated: ng - 0ms
getHoverAt: 0ms
getHoverAt: 1ms
getDiagnostics: 262ms
updating project structure from ...
updated: ng - 0ms
getCompletions: 207ms
getDiagnostics: 1299ms
updating project structure from ...
updated: ng - 0ms
getCompletions: 66ms
getDiagnostics: 274ms
getDiagnostics: 1185ms
updating project structure from ...
updated: ng - 0ms
getDiagnostics: 248ms
getCompletions: 133ms
getDiagnostics: 433ms
updating project structure from ...
updated: ng - 1ms
getHoverAt: 1ms
getCompletions: 184ms
getDiagnostics: 572ms
getCompletions: 152ms
getDiagnostics: 701ms
updating project structure from ...
updated: ng - 0ms
getDiagnostics: 284ms
updating project structure from ...
updated: ng - 0ms
getCompletions: 106ms
getDiagnostics: 605ms
updating project structure from ...
updated: ng - 0ms
getCompletions: 98ms
getDiagnostics: 372ms
updating project structure from ...
updated: ng - 0ms
getDiagnostics: 611ms
updating project structure from ...
updated: ng - 0ms
getHoverAt: 0ms
getDiagnostics: 265ms
updating project structure from ...
updated: ng - 0ms
getCompletions: 116ms
getDiagnostics: 1162ms
updating project structure from ...
updated: ng - 0ms
getDiagnostics: 284ms
updating project structure from ...
updated: ng - 0ms
getDiagnostics: 606ms
updating project structure from ...
updated: ng - 0ms
getDiagnostics: 247ms
updating project structure from ...
updated: ng - 0ms
getCompletions: 211ms
getCompletions: 257ms
getDiagnostics: 1347ms
updating project structure from ...
updated: ng - 0ms
getDiagnostics: 410ms
updating project structure from ...
updated: ng - 0ms
getCompletions: 100ms
getCompletions: 156ms
getCompletions: 206ms
getDiagnostics: 1331ms
updating project structure from ...
updated: ng - 0ms
getDiagnostics: 537ms
getDiagnostics: 625ms
updating project structure from ...
updated: ng - 0ms
getCompletions: 117ms
getDiagnostics: 185ms
getDiagnostics: 735ms
updating project structure from ...
updated: ng - 0ms
getCompletions: 96ms
getDiagnostics: 549ms
updating project structure from ...
updated: ng - 0ms
getDiagnostics: 986ms
updating project structure from ...
updated: ng - 0ms
getCompletions: 168ms
getDiagnostics: 303ms
getCompletions: 72ms
getDiagnostics: 786ms
updating project structure from ...
updated: ng - 0ms
getCompletions: 91ms
getDiagnostics: 156ms
getDiagnostics: 831ms
updating project structure from ...
updated: ng - 0ms
getDiagnostics: 243ms
updating project structure from ...
updated: ng - 0ms
getDiagnostics: 612ms
updating project structure from ...
updated: ng - 0ms
getDiagnostics: 270ms
updating project structure from ...
updated: ng - 0ms
getDiagnostics: 720ms
getDiagnostics: 288ms
updating project structure from ...
updated: ng - 0ms
getDiagnostics: 575ms
updating project structure from ...
updated: ng - 0ms
Search path: /home/fran/eclipse-workspace/brewITyourself/com-dotzet-rest-crud-dashboard/src/app/app-body/suppliers-dashboard/supplier-read-form
Config file name: /home/fran/eclipse-workspace/brewITyourself/com-dotzet-rest-crud-dashboard/tsconfig.json
getTemplateReferences: 0ms
getDiagnostics: 356ms
updating project structure from ...
updated: ng - 0ms
