Search path: /home/fran/eclipse-workspace/brewITyourself/com-dotzet-rest-crud-dashboard/src/app/app-body/suppliers-dashboard/suppliers-table
Config file name: /home/fran/eclipse-workspace/brewITyourself/com-dotzet-rest-crud-dashboard/tsconfig.json
Angular Language Service: 7.1.1
TypeScript: 2.6.2
getTemplateReferences: 13688ms
Add recursive watcher for: /home/fran/eclipse-workspace/brewITyourself/com-dotzet-rest-crud-dashboard
Opened configuration file /home/fran/eclipse-workspace/brewITyourself/com-dotzet-rest-crud-dashboard/tsconfig.json
getTemplateReferences: 0ms
Config errors encountered and need to be reported: 1
  Argument for '--lib' option must be: 'es5', 'es6', 'es2015', 'es7', 'es2016', 'es2017', 'esnext', 'dom', 'dom.iterable', 'webworker', 'scripthost', 'es2015.core', 'es2015.collection', 'es2015.generator', 'es2015.iterable', 'es2015.promise', 'es2015.proxy', 'es2015.reflect', 'es2015.symbol', 'es2015.symbol.wellknown', 'es2016.array.include', 'es2017.object', 'es2017.sharedmemory', 'es2017.string', 'es2017.intl', 'esnext.asynciterable'.
getDiagnostics: 390ms
updating project structure from ...
getTemplateReferences: 84ms
updated: ng - 0ms
getHoverAt: 141ms
getHoverAt: 61ms
getDiagnostics: 900ms
updating project structure from ...
getTemplateReferences: 120ms
updated: ng - 0ms
getDiagnostics: 542ms
updating project structure from ...
getTemplateReferences: 165ms
updated: ng - 0ms
getHoverAt: 156ms
getDiagnostics: 752ms
updating project structure from ...
getTemplateReferences: 0ms
updated: ng - 0ms
Search path: /home/fran/eclipse-workspace/brewITyourself/com-dotzet-rest-crud-dashboard/src/app/app-body/suppliers-dashboard/suppliers-table
Config file name: /home/fran/eclipse-workspace/brewITyourself/com-dotzet-rest-crud-dashboard/tsconfig.json
getTemplateReferences: 0ms
getTemplateReferences: 0ms
getDiagnostics: 691ms
updating project structure from ...
getTemplateReferences: 0ms
updated: ng - 0ms
getHoverAt: 74ms
getDiagnostics: 644ms
updating project structure from ...
getTemplateReferences: 0ms
updated: ng - 0ms
getCompletions: 663ms
getDiagnostics: 370ms
updating project structure from ...
getTemplateReferences: 0ms
updated: ng - 0ms
getCompletions: 805ms
getDiagnostics: 246ms
getCompletions: 574ms
getDiagnostics: 194ms
updating project structure from ...
getTemplateReferences: 0ms
updated: ng - 0ms
getDiagnostics: 456ms
updating project structure from ...
getTemplateReferences: 125ms
updated: ng - 0ms
getDiagnostics: 462ms
updating project structure from ...
getTemplateReferences: 97ms
updated: ng - 0ms
getDiagnostics: 451ms
updating project structure from ...
getTemplateReferences: 140ms
updated: ng - 0ms
getDiagnostics: 457ms
updating project structure from ...
getTemplateReferences: 344ms
updated: ng - 0ms
getDiagnostics: 458ms
updating project structure from ...
getTemplateReferences: 84ms
updated: ng - 0ms
getHoverAt: 158ms
getDiagnostics: 503ms
updating project structure from ...
getTemplateReferences: 115ms
updated: ng - 0ms
getDiagnostics: 496ms
updating project structure from ...
getTemplateReferences: 145ms
updated: ng - 0ms
getDiagnostics: 543ms
updating project structure from ...
getTemplateReferences: 124ms
updated: ng - 0ms
getDiagnostics: 439ms
updating project structure from ...
getTemplateReferences: 98ms
updated: ng - 0ms
getDiagnostics: 466ms
updating project structure from ...
getTemplateReferences: 130ms
updated: ng - 0ms
getDiagnostics: 535ms
updating project structure from ...
getTemplateReferences: 153ms
updated: ng - 0ms
Search path: /home/fran/eclipse-workspace/brewITyourself/com-dotzet-rest-crud-dashboard/src/app/app-body/suppliers-dashboard/suppliers-table
Config file name: /home/fran/eclipse-workspace/brewITyourself/com-dotzet-rest-crud-dashboard/tsconfig.json
getTemplateReferences: 0ms
getTemplateReferences: 0ms
getDiagnostics: 415ms
updating project structure from ...
getTemplateReferences: 111ms
updated: ng - 0ms
Search path: /home/fran/eclipse-workspace/brewITyourself/com-dotzet-rest-crud-dashboard/src/app/app-body/suppliers-dashboard/supplier-read
Config file name: /home/fran/eclipse-workspace/brewITyourself/com-dotzet-rest-crud-dashboard/tsconfig.json
getTemplateReferences: 0ms
getDiagnostics: 1238ms
getDiagnostics: 806ms
updating project structure from ...
getTemplateReferences: 0ms
updated: ng - 0ms
updating project structure from ...
getTemplateReferences: 0ms
updated: ng - 0ms
getDiagnostics: 495ms
updating project structure from ...
getTemplateReferences: 162ms
updated: ng - 0ms
getCompletions: 264ms
getDiagnostics: 955ms
updating project structure from ...
getTemplateReferences: 389ms
updated: ng - 0ms
getDiagnostics: 835ms
updating project structure from ...
getTemplateReferences: 182ms
updated: ng - 0ms
getDiagnostics: 691ms
updating project structure from ...
getTemplateReferences: 321ms
updated: ng - 0ms
getDiagnostics: 848ms
updating project structure from ...
getTemplateReferences: 281ms
updated: ng - 0ms
getDiagnostics: 654ms
getCompletions: 138ms
getDiagnostics: 1007ms
updating project structure from ...
getTemplateReferences: 0ms
updated: ng - 0ms
getDiagnostics: 500ms
updating project structure from ...
getTemplateReferences: 112ms
updated: ng - 0ms
getHoverAt: 0ms
getDiagnostics: 1029ms
updating project structure from ...
getTemplateReferences: 183ms
updated: ng - 0ms
getDiagnostics: 568ms
updating project structure from ...
getTemplateReferences: 167ms
updated: ng - 0ms
getHoverAt: 0ms
getDiagnostics: 601ms
updating project structure from ...
getTemplateReferences: 180ms
updated: ng - 0ms
getDiagnostics: 1348ms
updating project structure from ...
getTemplateReferences: 382ms
updated: ng - 0ms
getDiagnostics: 696ms
getCompletions: 151ms
getDiagnostics: 1435ms
updating project structure from ...
getTemplateReferences: 0ms
updated: ng - 0ms
getCompletions: 200ms
getDiagnostics: 879ms
updating project structure from ...
getTemplateReferences: 183ms
updated: ng - 0ms
getDiagnostics: 574ms
updating project structure from ...
getTemplateReferences: 169ms
updated: ng - 0ms
getDiagnostics: 972ms
updating project structure from ...
getTemplateReferences: 573ms
updated: ng - 0ms
getCompletions: 156ms
getDiagnostics: 579ms
updating project structure from ...
getTemplateReferences: 140ms
updated: ng - 0ms
getDiagnostics: 520ms
updating project structure from ...
getTemplateReferences: 152ms
updated: ng - 0ms
getDiagnostics: 1087ms
updating project structure from ...
getTemplateReferences: 418ms
updated: ng - 0ms
getDiagnostics: 404ms
updating project structure from ...
getTemplateReferences: 163ms
updated: ng - 0ms
getDiagnostics: 883ms
updating project structure from ...
getTemplateReferences: 377ms
updated: ng - 0ms
getCompletions: 164ms
getDiagnostics: 753ms
updating project structure from ...
getTemplateReferences: 224ms
updated: ng - 0ms
getDiagnostics: 764ms
updating project structure from ...
getTemplateReferences: 356ms
updated: ng - 0ms
getCompletions: 100ms
getDiagnostics: 1139ms
updating project structure from ...
getTemplateReferences: 233ms
updated: ng - 0ms
getDiagnostics: 460ms
getDiagnostics: 942ms
updating project structure from ...
getTemplateReferences: 0ms
updated: ng - 0ms
getDiagnostics: 724ms
updating project structure from ...
getTemplateReferences: 140ms
updated: ng - 0ms
getDiagnostics: 645ms
updating project structure from ...
getTemplateReferences: 124ms
updated: ng - 0ms
getDiagnostics: 415ms
updating project structure from ...
getTemplateReferences: 159ms
updated: ng - 0ms
getHoverAt: 107ms
getCompletions: 729ms
getDiagnostics: 27ms
updating project structure from ...
getTemplateReferences: 0ms
updated: ng - 0ms
getCompletions: 787ms
getDiagnostics: 52ms
getDiagnostics: 518ms
getDiagnostics: 549ms
updating project structure from ...
getTemplateReferences: 0ms
updated: ng - 0ms
getCompletions: 482ms
getCompletions: 707ms
getDiagnostics: 44ms
getDiagnostics: 425ms
updating project structure from ...
getTemplateReferences: 99ms
updated: ng - 0ms
getDiagnostics: 449ms
updating project structure from ...
getTemplateReferences: 122ms
updated: ng - 0ms
getCompletions: 616ms
getCompletions: 701ms
getDiagnostics: 64ms
getDiagnostics: 418ms
updating project structure from ...
getTemplateReferences: 155ms
updated: ng - 0ms
getDiagnostics: 15ms
updating project structure from ...
getTemplateReferences: 0ms
updated: ng - 0ms
getDiagnostics: 1021ms
updating project structure from ...
getTemplateReferences: 457ms
updated: ng - 0ms
getDiagnostics: 602ms
updating project structure from ...
getTemplateReferences: 149ms
updated: ng - 0ms
getHoverAt: 0ms
getDiagnostics: 814ms
updating project structure from ...
getTemplateReferences: 379ms
updated: ng - 0ms
getDiagnostics: 463ms
updating project structure from ...
getTemplateReferences: 139ms
updated: ng - 0ms
getHoverAt: 0ms
getDiagnostics: 1217ms
updating project structure from ...
getTemplateReferences: 484ms
updated: ng - 0ms
getDiagnostics: 739ms
updating project structure from ...
getTemplateReferences: 326ms
updated: ng - 0ms
getHoverAt: 0ms
getHoverAt: 0ms
getCompletions: 228ms
getDiagnostics: 1466ms
updating project structure from ...
getTemplateReferences: 730ms
updated: ng - 0ms
getDiagnostics: 1081ms
updating project structure from ...
getTemplateReferences: 742ms
updated: ng - 0ms
getCompletions: 294ms
getDiagnostics: 1530ms
updating project structure from ...
getTemplateReferences: 406ms
updated: ng - 0ms
getHoverAt: 1ms
getCompletions: 169ms
getDiagnostics: 842ms
updating project structure from ...
getTemplateReferences: 247ms
updated: ng - 0ms
getHoverAt: 0ms
getCompletions: 251ms
getDiagnostics: 824ms
updating project structure from ...
getTemplateReferences: 468ms
updated: ng - 0ms
getCompletions: 189ms
getDiagnostics: 731ms
updating project structure from ...
getTemplateReferences: 223ms
updated: ng - 0ms
getDiagnostics: 452ms
updating project structure from ...
getTemplateReferences: 156ms
updated: ng - 0ms
getHoverAt: 0ms
getHoverAt: 0ms
getDiagnostics: 703ms
updating project structure from ...
getTemplateReferences: 237ms
updated: ng - 0ms
getDiagnostics: 399ms
updating project structure from ...
getTemplateReferences: 160ms
updated: ng - 0ms
getDiagnostics: 606ms
updating project structure from ...
getTemplateReferences: 160ms
updated: ng - 1ms
getHoverAt: 0ms
getHoverAt: 0ms
getHoverAt: 1ms
getCompletions: 160ms
getDiagnostics: 689ms
updating project structure from ...
getTemplateReferences: 219ms
updated: ng - 0ms
getDiagnostics: 455ms
updating project structure from ...
getTemplateReferences: 207ms
updated: ng - 0ms
getCompletions: 102ms
getDiagnostics: 408ms
getDiagnostics: 899ms
updating project structure from ...
getTemplateReferences: 0ms
updated: ng - 0ms
getDiagnostics: 414ms
getDiagnostics: 1289ms
updating project structure from ...
getTemplateReferences: 0ms
updated: ng - 0ms
getDiagnostics: 558ms
updating project structure from ...
getTemplateReferences: 182ms
updated: ng - 0ms
getDiagnostics: 532ms
updating project structure from ...
getTemplateReferences: 145ms
updated: ng - 0ms
getDiagnostics: 773ms
updating project structure from ...
getTemplateReferences: 309ms
updated: ng - 0ms
getDiagnostics: 1275ms
updating project structure from ...
getTemplateReferences: 636ms
updated: ng - 0ms
getCompletions: 199ms
getDiagnostics: 958ms
updating project structure from ...
getTemplateReferences: 389ms
updated: ng - 0ms
getCompletions: 136ms
getDiagnostics: 470ms
updating project structure from ...
getTemplateReferences: 145ms
updated: ng - 1ms
getDiagnostics: 405ms
getDiagnostics: 1017ms
updating project structure from ...
getTemplateReferences: 0ms
updated: ng - 0ms
getCompletions: 287ms
getDiagnostics: 469ms
updating project structure from ...
getTemplateReferences: 124ms
updated: ng - 0ms
getDiagnostics: 785ms
updating project structure from ...
getTemplateReferences: 227ms
updated: ng - 0ms
getCompletions: 96ms
getDiagnostics: 833ms
updating project structure from ...
getTemplateReferences: 177ms
updated: ng - 0ms
getDiagnostics: 729ms
getDiagnostics: 772ms
updating project structure from ...
getTemplateReferences: 0ms
updated: ng - 0ms
getCompletions: 84ms
getDiagnostics: 239ms
updating project structure from ...
getTemplateReferences: 67ms
updated: ng - 0ms
getDiagnostics: 439ms
updating project structure from ...
getTemplateReferences: 133ms
updated: ng - 0ms
getHoverAt: 0ms
getDiagnostics: 770ms
updating project structure from ...
getTemplateReferences: 286ms
updated: ng - 0ms
getDiagnostics: 525ms
getCompletions: 111ms
getDiagnostics: 1236ms
updating project structure from ...
getTemplateReferences: 0ms
updated: ng - 0ms
getDiagnostics: 391ms
updating project structure from ...
getTemplateReferences: 245ms
updated: ng - 0ms
getDiagnostics: 1121ms
updating project structure from ...
getTemplateReferences: 362ms
updated: ng - 0ms
getDiagnostics: 537ms
updating project structure from ...
getTemplateReferences: 185ms
updated: ng - 0ms
getHoverAt: 0ms
getDiagnostics: 931ms
updating project structure from ...
getTemplateReferences: 436ms
updated: ng - 0ms
getDiagnostics: 702ms
updating project structure from ...
getTemplateReferences: 174ms
updated: ng - 0ms
getDiagnostics: 530ms
updating project structure from ...
getTemplateReferences: 146ms
updated: ng - 0ms
getCompletions: 76ms
getCompletions: 117ms
getCompletions: 126ms
getCompletions: 127ms
getDiagnostics: 722ms
updating project structure from ...
getTemplateReferences: 166ms
updated: ng - 0ms
getDiagnostics: 383ms
updating project structure from ...
getTemplateReferences: 225ms
updated: ng - 0ms
getDiagnostics: 626ms
getCompletions: 313ms
getDiagnostics: 1128ms
updating project structure from ...
getTemplateReferences: 0ms
updated: ng - 0ms
getDiagnostics: 269ms
getDiagnostics: 644ms
updating project structure from ...
getTemplateReferences: 0ms
updated: ng - 0ms
getDiagnostics: 251ms
updating project structure from ...
getTemplateReferences: 70ms
updated: ng - 0ms
getDiagnostics: 897ms
updating project structure from ...
getTemplateReferences: 273ms
updated: ng - 0ms
getDiagnostics: 445ms
getDiagnostics: 564ms
updating project structure from ...
getTemplateReferences: 0ms
updated: ng - 0ms
getHoverAt: 0ms
getDiagnostics: 285ms
getDiagnostics: 552ms
getDiagnostics: 360ms
updating project structure from ...
getTemplateReferences: 101ms
updated: ng - 0ms
getHoverAt: 13ms
getHoverAt: 1ms
getCompletions: 125ms
getDiagnostics: 735ms
getCompletions: 153ms
getDiagnostics: 1210ms
updating project structure from ...
getTemplateReferences: 0ms
updated: ng - 0ms
getCompletions: 130ms
getDiagnostics: 504ms
getDiagnostics: 1487ms
updating project structure from ...
getTemplateReferences: 0ms
updated: ng - 0ms
getCompletions: 165ms
getDiagnostics: 581ms
getDiagnostics: 597ms
updating project structure from ...
getTemplateReferences: 0ms
updated: ng - 0ms
getDiagnostics: 280ms
updating project structure from ...
getTemplateReferences: 55ms
updated: ng - 0ms
getDiagnostics: 373ms
updating project structure from ...
getTemplateReferences: 158ms
updated: ng - 0ms
Search path: /home/fran/eclipse-workspace/brewITyourself/com-dotzet-rest-crud-dashboard/src/app/app-body/suppliers-dashboard/supplier-read
Config file name: /home/fran/eclipse-workspace/brewITyourself/com-dotzet-rest-crud-dashboard/tsconfig.json
getTemplateReferences: 0ms
getDiagnostics: 316ms
updating project structure from ...
getTemplateReferences: 117ms
updated: ng - 0ms
getHoverAt: 50ms
getHoverAt: 61ms
getDiagnostics: 45ms
updating project structure from ...
getTemplateReferences: 0ms
updated: ng - 0ms
getHoverAt: 109ms
getHoverAt: 0ms
getCompletions: 197ms
getCompletions: 183ms
getDiagnostics: 550ms
updating project structure from ...
getTemplateReferences: 168ms
updated: ng - 0ms
getCompletions: 138ms
getDiagnostics: 575ms
updating project structure from ...
getTemplateReferences: 134ms
updated: ng - 0ms
Search path: /home/fran/eclipse-workspace/brewITyourself/com-dotzet-rest-crud-dashboard/src/app/app-body/suppliers-dashboard/supplier-read
Config file name: /home/fran/eclipse-workspace/brewITyourself/com-dotzet-rest-crud-dashboard/tsconfig.json
getTemplateReferences: 0ms
getDiagnostics: 572ms
updating project structure from ...
getTemplateReferences: 223ms
updated: ng - 0ms
getDiagnostics: 38ms
updating project structure from ...
getTemplateReferences: 0ms
updated: ng - 0ms
getHoverAt: 189ms
Search path: /home/fran/eclipse-workspace/brewITyourself/com-dotzet-rest-crud-dashboard/src/app/app-body/suppliers-dashboard/supplier-read
Config file name: /home/fran/eclipse-workspace/brewITyourself/com-dotzet-rest-crud-dashboard/tsconfig.json
getTemplateReferences: 0ms
getTemplateReferences: 0ms
getDiagnostics: 1068ms
getHoverAt: 42ms
getDiagnostics: 579ms
updating project structure from ...
getTemplateReferences: 0ms
getTemplateReferences: 0ms
updated: ng - 0ms
updating project structure from ...
getTemplateReferences: 0ms
getTemplateReferences: 0ms
updated: ng - 0ms
getDiagnostics: 582ms
updating project structure from ...
getTemplateReferences: 0ms
getTemplateReferences: 0ms
updated: ng - 0ms
getDiagnostics: 540ms
updating project structure from ...
getTemplateReferences: 0ms
getTemplateReferences: 0ms
updated: ng - 0ms
getDiagnostics: 737ms
getCompletions: 754ms
getDiagnostics: 43ms
getDiagnostics: 502ms
updating project structure from ...
getTemplateReferences: 0ms
getTemplateReferences: 0ms
updated: ng - 0ms
getDiagnostics: 504ms
updating project structure from ...
getTemplateReferences: 0ms
getTemplateReferences: 0ms
updated: ng - 0ms
getDiagnostics: 799ms
updating project structure from ...
getTemplateReferences: 0ms
getTemplateReferences: 0ms
updated: ng - 0ms
getDiagnostics: 674ms
getCompletions: 664ms
getDiagnostics: 549ms
updating project structure from ...
getTemplateReferences: 0ms
getTemplateReferences: 0ms
updated: ng - 0ms
getDiagnostics: 482ms
updating project structure from ...
getTemplateReferences: 0ms
getTemplateReferences: 0ms
updated: ng - 0ms
getDiagnostics: 24ms
updating project structure from ...
getTemplateReferences: 1ms
getTemplateReferences: 0ms
updated: ng - 0ms
getDiagnostics: 48ms
updating project structure from ...
getTemplateReferences: 0ms
getTemplateReferences: 0ms
updated: ng - 0ms
getHoverAt: 82ms
getDiagnostics: 491ms
updating project structure from ...
getTemplateReferences: 118ms
getTemplateReferences: 0ms
updated: ng - 0ms
getHoverAt: 36ms
getHoverAt: 56ms
getCompletions: 609ms
getDiagnostics: 1018ms
updating project structure from ...
getTemplateReferences: 0ms
getTemplateReferences: 0ms
updated: ng - 0ms
getDiagnostics: 282ms
updating project structure from ...
getTemplateReferences: 48ms
getTemplateReferences: 0ms
updated: ng - 0ms
getDiagnostics: 646ms
updating project structure from ...
getTemplateReferences: 0ms
getTemplateReferences: 0ms
updated: ng - 0ms
getDiagnostics: 30ms
updating project structure from ...
getTemplateReferences: 0ms
getTemplateReferences: 0ms
updated: ng - 0ms
Search path: /home/fran/eclipse-workspace/brewITyourself/com-dotzet-rest-crud-dashboard/src/app/app-body/suppliers-dashboard/supplier-read-form
Config file name: /home/fran/eclipse-workspace/brewITyourself/com-dotzet-rest-crud-dashboard/tsconfig.json
getTemplateReferences: 0ms
getDiagnostics: 847ms
getDiagnostics: 1041ms
updating project structure from ...
getTemplateReferences: 0ms
getTemplateReferences: 0ms
updated: ng - 0ms
updating project structure from ...
getTemplateReferences: 0ms
getTemplateReferences: 0ms
updated: ng - 0ms
getDiagnostics: 695ms
getDiagnostics: 1251ms
updating project structure from ...
getTemplateReferences: 0ms
getTemplateReferences: 0ms
updated: ng - 0ms
getCompletions: 242ms
getDiagnostics: 381ms
updating project structure from ...
getTemplateReferences: 114ms
getTemplateReferences: 0ms
updated: ng - 0ms
getDiagnostics: 444ms
updating project structure from ...
getTemplateReferences: 125ms
getTemplateReferences: 0ms
updated: ng - 0ms
getCompletions: 79ms
getDiagnostics: 552ms
getCompletions: 156ms
getDiagnostics: 1171ms
updating project structure from ...
getTemplateReferences: 0ms
getTemplateReferences: 0ms
updated: ng - 0ms
getCompletions: 116ms
getDiagnostics: 699ms
updating project structure from ...
getTemplateReferences: 54ms
getTemplateReferences: 0ms
updated: ng - 0ms
getHoverAt: 0ms
getHoverAt: 0ms
getDiagnostics: 617ms
updating project structure from ...
getTemplateReferences: 189ms
getTemplateReferences: 0ms
updated: ng - 0ms
getCompletions: 174ms
getCompletions: 163ms
getDiagnostics: 717ms
updating project structure from ...
getTemplateReferences: 163ms
getTemplateReferences: 0ms
updated: ng - 0ms
getDiagnostics: 1266ms
updating project structure from ...
getTemplateReferences: 320ms
getTemplateReferences: 0ms
updated: ng - 0ms
getCompletions: 250ms
getDiagnostics: 1043ms
updating project structure from ...
getTemplateReferences: 505ms
getTemplateReferences: 0ms
updated: ng - 0ms
getDiagnostics: 742ms
updating project structure from ...
getTemplateReferences: 209ms
getTemplateReferences: 0ms
updated: ng - 0ms
getHoverAt: 0ms
getDiagnostics: 534ms
updating project structure from ...
getTemplateReferences: 134ms
getTemplateReferences: 0ms
updated: ng - 0ms
getCompletions: 66ms
getDiagnostics: 642ms
getCompletions: 76ms
getDiagnostics: 854ms
updating project structure from ...
getTemplateReferences: 0ms
getTemplateReferences: 0ms
updated: ng - 0ms
getDiagnostics: 245ms
getCompletions: 232ms
getDiagnostics: 1842ms
updating project structure from ...
getTemplateReferences: 0ms
getTemplateReferences: 0ms
updated: ng - 0ms
getDiagnostics: 336ms
getDiagnostics: 958ms
updating project structure from ...
getTemplateReferences: 0ms
getTemplateReferences: 0ms
updated: ng - 0ms
getDiagnostics: 358ms
getCompletions: 120ms
getDiagnostics: 819ms
updating project structure from ...
getTemplateReferences: 0ms
getTemplateReferences: 0ms
updated: ng - 0ms
getCompletions: 50ms
getCompletions: 164ms
getDiagnostics: 655ms
updating project structure from ...
getTemplateReferences: 132ms
getTemplateReferences: 0ms
updated: ng - 1ms
getDiagnostics: 563ms
updating project structure from ...
getTemplateReferences: 141ms
getTemplateReferences: 0ms
updated: ng - 0ms
getDiagnostics: 381ms
updating project structure from ...
getTemplateReferences: 199ms
getTemplateReferences: 0ms
updated: ng - 0ms
getDiagnostics: 545ms
updating project structure from ...
getTemplateReferences: 193ms
getTemplateReferences: 0ms
updated: ng - 0ms
getHoverAt: 0ms
getHoverAt: 1ms
getDiagnostics: 617ms
getDiagnostics: 919ms
updating project structure from ...
getTemplateReferences: 0ms
getTemplateReferences: 0ms
updated: ng - 0ms
getDiagnostics: 399ms
updating project structure from ...
getTemplateReferences: 77ms
getTemplateReferences: 0ms
updated: ng - 0ms
getDiagnostics: 767ms
updating project structure from ...
getTemplateReferences: 195ms
getTemplateReferences: 0ms
updated: ng - 0ms
getDiagnostics: 378ms
updating project structure from ...
getTemplateReferences: 173ms
getTemplateReferences: 0ms
updated: ng - 0ms
getDiagnostics: 302ms
updating project structure from ...
getTemplateReferences: 0ms
getTemplateReferences: 0ms
updated: ng - 0ms
getHoverAt: 213ms
getDiagnostics: 512ms
updating project structure from ...
getTemplateReferences: 115ms
getTemplateReferences: 0ms
updated: ng - 0ms
getDiagnostics: 551ms
updating project structure from ...
getTemplateReferences: 180ms
getTemplateReferences: 0ms
updated: ng - 0ms
getDiagnostics: 6ms
updating project structure from ...
getTemplateReferences: 1ms
getTemplateReferences: 0ms
updated: ng - 0ms
getHoverAt: 0ms
getDiagnostics: 416ms
updating project structure from ...
getTemplateReferences: 206ms
getTemplateReferences: 0ms
updated: ng - 0ms
getCompletions: 85ms
getDiagnostics: 794ms
updating project structure from ...
getTemplateReferences: 372ms
getTemplateReferences: 0ms
updated: ng - 0ms
getDiagnostics: 666ms
updating project structure from ...
getTemplateReferences: 240ms
getTemplateReferences: 0ms
updated: ng - 0ms
getDiagnostics: 195ms
updating project structure from ...
getTemplateReferences: 0ms
getTemplateReferences: 0ms
updated: ng - 0ms
getDiagnostics: 497ms
updating project structure from ...
getTemplateReferences: 0ms
getTemplateReferences: 0ms
updated: ng - 0ms
getDiagnostics: 54ms
updating project structure from ...
getTemplateReferences: 0ms
getTemplateReferences: 0ms
updated: ng - 0ms
getHoverAt: 112ms
getCompletions: 854ms
getDiagnostics: 54ms
getCompletions: 739ms
getDiagnostics: 22ms
updating project structure from ...
getTemplateReferences: 0ms
getTemplateReferences: 0ms
updated: ng - 0ms
getHoverAt: 1ms
getDiagnostics: 457ms
updating project structure from ...
getTemplateReferences: 140ms
getTemplateReferences: 0ms
updated: ng - 0ms
getDiagnostics: 107ms
updating project structure from ...
getTemplateReferences: 0ms
getTemplateReferences: 0ms
updated: ng - 0ms
getDiagnostics: 5ms
updating project structure from ...
getTemplateReferences: 0ms
getTemplateReferences: 0ms
updated: ng - 0ms
getDiagnostics: 81ms
updating project structure from ...
getTemplateReferences: 0ms
getTemplateReferences: 0ms
updated: ng - 0ms
getDiagnostics: 1ms
updating project structure from ...
getTemplateReferences: 0ms
getTemplateReferences: 0ms
updated: ng - 0ms
getHoverAt: 0ms
getHoverAt: 0ms
getDiagnostics: 431ms
getCompletions: 174ms
getDiagnostics: 1053ms
updating project structure from ...
getTemplateReferences: 0ms
getTemplateReferences: 0ms
updated: ng - 0ms
getDiagnostics: 293ms
updating project structure from ...
getTemplateReferences: 94ms
getTemplateReferences: 0ms
updated: ng - 0ms
getDiagnostics: 486ms
updating project structure from ...
getTemplateReferences: 175ms
getTemplateReferences: 0ms
updated: ng - 0ms
Search path: /home/fran/eclipse-workspace/brewITyourself/com-dotzet-rest-crud-dashboard/src/app/app-body/suppliers-dashboard/suppliers-table
Config file name: /home/fran/eclipse-workspace/brewITyourself/com-dotzet-rest-crud-dashboard/tsconfig.json
getTemplateReferences: 0ms
getDiagnostics: 1278ms
updating project structure from ...
getTemplateReferences: 273ms
getTemplateReferences: 0ms
updated: ng - 0ms
updating project structure from ...
getTemplateReferences: 0ms
getTemplateReferences: 0ms
updated: ng - 0ms
updating project structure from ...
getTemplateReferences: 0ms
getTemplateReferences: 0ms
updated: ng - 0ms
getHoverAt: 1ms
getHoverAt: 0ms
getHoverAt: 0ms
getDiagnostics: 2ms
updating project structure from ...
getTemplateReferences: 0ms
getTemplateReferences: 0ms
updated: ng - 0ms
getDiagnostics: 659ms
updating project structure from ...
getTemplateReferences: 254ms
getTemplateReferences: 0ms
updated: ng - 0ms
getDiagnostics: 1234ms
updating project structure from ...
getTemplateReferences: 171ms
getTemplateReferences: 0ms
updated: ng - 0ms
getDiagnostics: 627ms
updating project structure from ...
getTemplateReferences: 169ms
getTemplateReferences: 0ms
updated: ng - 0ms
getCompletions: 112ms
getCompletions: 342ms
getCompletions: 125ms
getCompletions: 161ms
getDiagnostics: 873ms
updating project structure from ...
getTemplateReferences: 173ms
getTemplateReferences: 0ms
updated: ng - 0ms
getDiagnostics: 1ms
updating project structure from ...
getTemplateReferences: 0ms
getTemplateReferences: 0ms
updated: ng - 0ms
getDiagnostics: 1ms
updating project structure from ...
getTemplateReferences: 0ms
getTemplateReferences: 0ms
updated: ng - 0ms
Search path: /home/fran/eclipse-workspace/brewITyourself/com-dotzet-rest-crud-dashboard/src/app/app-body/suppliers-dashboard/supplier-read
Config file name: /home/fran/eclipse-workspace/brewITyourself/com-dotzet-rest-crud-dashboard/tsconfig.json
getTemplateReferences: 0ms
getDiagnostics: 708ms
updating project structure from ...
getTemplateReferences: 276ms
getTemplateReferences: 0ms
updated: ng - 0ms
getDiagnostics: 13ms
updating project structure from ...
getTemplateReferences: 0ms
getTemplateReferences: 0ms
updated: ng - 0ms
getDiagnostics: 136ms
updating project structure from ...
getTemplateReferences: 0ms
getTemplateReferences: 0ms
updated: ng - 0ms
Search path: /home/fran/eclipse-workspace/brewITyourself/com-dotzet-rest-crud-dashboard/src/app/app-body/suppliers-dashboard/suppliers-table
Config file name: /home/fran/eclipse-workspace/brewITyourself/com-dotzet-rest-crud-dashboard/tsconfig.json
getTemplateReferences: 0ms
getTemplateReferences: 0ms
getDiagnostics: 583ms
updating project structure from ...
getTemplateReferences: 0ms
getTemplateReferences: 0ms
updated: ng - 0ms
getDiagnostics: 4ms
updating project structure from ...
getTemplateReferences: 0ms
getTemplateReferences: 0ms
updated: ng - 0ms
getDiagnostics: 694ms
updating project structure from ...
getTemplateReferences: 156ms
getTemplateReferences: 0ms
updated: ng - 0ms
getCompletions: 112ms
getDiagnostics: 472ms
getCompletions: 100ms
getCompletions: 119ms
getDiagnostics: 649ms
getCompletions: 119ms
getDiagnostics: 1030ms
updating project structure from ...
getTemplateReferences: 80ms
getTemplateReferences: 0ms
updated: ng - 0ms
getDiagnostics: 621ms
updating project structure from ...
getTemplateReferences: 172ms
getTemplateReferences: 0ms
updated: ng - 0ms
getCompletions: 94ms
getDiagnostics: 669ms
getDiagnostics: 1819ms
updating project structure from ...
getTemplateReferences: 0ms
getTemplateReferences: 0ms
updated: ng - 0ms
getDiagnostics: 370ms
updating project structure from ...
getTemplateReferences: 73ms
getTemplateReferences: 0ms
updated: ng - 0ms
getDiagnostics: 434ms
updating project structure from ...
getTemplateReferences: 139ms
getTemplateReferences: 0ms
updated: ng - 0ms
getDiagnostics: 499ms
getCompletions: 127ms
getDiagnostics: 1409ms
updating project structure from ...
getTemplateReferences: 0ms
getTemplateReferences: 0ms
updated: ng - 0ms
getDiagnostics: 292ms
updating project structure from ...
getTemplateReferences: 77ms
getTemplateReferences: 0ms
updated: ng - 0ms
getHoverAt: 0ms
getDiagnostics: 876ms
updating project structure from ...
getTemplateReferences: 351ms
getTemplateReferences: 0ms
updated: ng - 0ms
getDiagnostics: 789ms
updating project structure from ...
getTemplateReferences: 227ms
getTemplateReferences: 0ms
updated: ng - 0ms
getDiagnostics: 506ms
updating project structure from ...
getTemplateReferences: 181ms
getTemplateReferences: 0ms
updated: ng - 0ms
getDiagnostics: 2ms
updating project structure from ...
getTemplateReferences: 0ms
getTemplateReferences: 0ms
updated: ng - 0ms
getHoverAt: 0ms
getHoverAt: 0ms
getHoverAt: 0ms
getDiagnostics: 1ms
updating project structure from ...
getTemplateReferences: 0ms
getTemplateReferences: 0ms
updated: ng - 0ms
getHoverAt: 0ms
getHoverAt: 0ms
getDiagnostics: 988ms
updating project structure from ...
getTemplateReferences: 504ms
getTemplateReferences: 0ms
updated: ng - 0ms
getDiagnostics: 581ms
updating project structure from ...
getTemplateReferences: 131ms
getTemplateReferences: 0ms
updated: ng - 0ms
getDiagnostics: 580ms
getDiagnostics: 1376ms
updating project structure from ...
getTemplateReferences: 0ms
getTemplateReferences: 0ms
updated: ng - 0ms
getDiagnostics: 650ms
updating project structure from ...
getTemplateReferences: 213ms
getTemplateReferences: 0ms
updated: ng - 0ms
getDiagnostics: 601ms
getDiagnostics: 708ms
updating project structure from ...
getTemplateReferences: 0ms
getTemplateReferences: 0ms
updated: ng - 0ms
getHoverAt: 0ms
getDiagnostics: 383ms
getDiagnostics: 678ms
updating project structure from ...
getTemplateReferences: 0ms
getTemplateReferences: 0ms
updated: ng - 0ms
Search path: /home/fran/eclipse-workspace/brewITyourself/com-dotzet-rest-crud-dashboard/src/app/app-body/suppliers-dashboard/supplier-read-form
Config file name: /home/fran/eclipse-workspace/brewITyourself/com-dotzet-rest-crud-dashboard/tsconfig.json
getTemplateReferences: 0ms
getDiagnostics: 282ms
updating project structure from ...
getTemplateReferences: 143ms
getTemplateReferences: 0ms
updated: ng - 0ms
getDiagnostics: 596ms
updating project structure from ...
getTemplateReferences: 149ms
getTemplateReferences: 0ms
updated: ng - 0ms
getHoverAt: 0ms
updating project structure from ...
getTemplateReferences: 0ms
getTemplateReferences: 0ms
updated: ng - 0ms
getDiagnostics: 1185ms
updating project structure from ...
getTemplateReferences: 457ms
getTemplateReferences: 0ms
updated: ng - 0ms
getDiagnostics: 562ms
updating project structure from ...
getTemplateReferences: 305ms
getTemplateReferences: 0ms
updated: ng - 0ms
getDiagnostics: 2ms
updating project structure from ...
getTemplateReferences: 0ms
getTemplateReferences: 0ms
updated: ng - 0ms
getDiagnostics: 102ms
updating project structure from ...
getTemplateReferences: 0ms
getTemplateReferences: 0ms
updated: ng - 0ms
Search path: /home/fran/eclipse-workspace/brewITyourself/com-dotzet-rest-crud-dashboard/src/app/app-body/suppliers-dashboard/supplier-read
Config file name: /home/fran/eclipse-workspace/brewITyourself/com-dotzet-rest-crud-dashboard/tsconfig.json
getTemplateReferences: 0ms
getTemplateReferences: 0ms
getDiagnostics: 506ms
updating project structure from ...
getTemplateReferences: 0ms
getTemplateReferences: 0ms
updated: ng - 0ms
getDiagnostics: 6ms
updating project structure from ...
getTemplateReferences: 0ms
updated: ng - 0ms
getDiagnostics: 995ms
updating project structure from ...
updated: ng - 0ms
updating project structure from ...
updated: ng - 0ms
updating project structure from ...
updated: ng - 0ms
getDiagnostics: 609ms
updating project structure from ...
updated: ng - 0ms
getDiagnostics: 739ms
updating project structure from ...
updated: ng - 0ms
getHoverAt: 0ms
getDiagnostics: 772ms
updating project structure from ...
updated: ng - 0ms
getDiagnostics: 387ms
getDiagnostics: 748ms
updating project structure from ...
updated: ng - 0ms
getDiagnostics: 222ms
updating project structure from ...
updated: ng - 0ms
getDiagnostics: 938ms
updating project structure from ...
updated: ng - 0ms
getDiagnostics: 296ms
updating project structure from ...
updated: ng - 0ms
getHoverAt: 0ms
getHoverAt: 0ms
getDiagnostics: 760ms
updating project structure from ...
updated: ng - 0ms
getCompletions: 88ms
getDiagnostics: 682ms
updating project structure from ...
updated: ng - 0ms
getDiagnostics: 730ms
updating project structure from ...
updated: ng - 0ms
getHoverAt: 1ms
getDiagnostics: 337ms
getCompletions: 216ms
getDiagnostics: 969ms
updating project structure from ...
updated: ng - 0ms
getCompletions: 104ms
getDiagnostics: 224ms
updating project structure from ...
updated: ng - 0ms
getDiagnostics: 689ms
updating project structure from ...
updated: ng - 0ms
getHoverAt: 1ms
getCompletions: 129ms
getDiagnostics: 696ms
updating project structure from ...
updated: ng - 0ms
getHoverAt: 0ms
getCompletions: 216ms
getDiagnostics: 631ms
updating project structure from ...
updated: ng - 0ms
getDiagnostics: 291ms
updating project structure from ...
updated: ng - 0ms
getDiagnostics: 788ms
updating project structure from ...
updated: ng - 0ms
getDiagnostics: 261ms
updating project structure from ...
updated: ng - 0ms
getDiagnostics: 699ms
updating project structure from ...
updated: ng - 0ms
getCompletions: 165ms
getCompletions: 233ms
getCompletions: 135ms
getDiagnostics: 519ms
updating project structure from ...
updated: ng - 0ms
getCompletions: 106ms
getCompletions: 111ms
getDiagnostics: 1081ms
updating project structure from ...
updated: ng - 0ms
getCompletions: 213ms
getDiagnostics: 589ms
updating project structure from ...
updated: ng - 0ms
getCompletions: 73ms
getCompletions: 136ms
getCompletions: 148ms
getDiagnostics: 684ms
getCompletions: 169ms
getDiagnostics: 715ms
updating project structure from ...
updated: ng - 0ms
getDiagnostics: 655ms
updating project structure from ...
updated: ng - 0ms
getDiagnostics: 274ms
updating project structure from ...
updated: ng - 0ms
getCompletions: 105ms
getDiagnostics: 1344ms
updating project structure from ...
updated: ng - 1ms
getCompletions: 169ms
getDiagnostics: 677ms
updating project structure from ...
updated: ng - 0ms
getCompletions: 149ms
getCompletions: 145ms
getCompletions: 131ms
getDiagnostics: 696ms
updating project structure from ...
updated: ng - 0ms
getDiagnostics: 499ms
getCompletions: 194ms
getDiagnostics: 1102ms
updating project structure from ...
updated: ng - 0ms
getDiagnostics: 621ms
updating project structure from ...
updated: ng - 0ms
getDiagnostics: 653ms
updating project structure from ...
updated: ng - 0ms
getDiagnostics: 240ms
updating project structure from ...
updated: ng - 1ms
getHoverAt: 0ms
getDiagnostics: 793ms
updating project structure from ...
updated: ng - 0ms
getHoverAt: 1ms
getHoverAt: 0ms
getHoverAt: 0ms
getDiagnostics: 280ms
updating project structure from ...
updated: ng - 0ms
getHoverAt: 1ms
getDiagnostics: 688ms
getDiagnostics: 315ms
updating project structure from ...
updated: ng - 0ms
getHoverAt: 0ms
getHoverAt: 0ms
getDiagnostics: 594ms
updating project structure from ...
updated: ng - 0ms
Search path: /home/fran/eclipse-workspace/brewITyourself/com-dotzet-rest-crud-dashboard/src/app/app-body/suppliers-dashboard/suppliers-table
Config file name: /home/fran/eclipse-workspace/brewITyourself/com-dotzet-rest-crud-dashboard/tsconfig.json
getTemplateReferences: 0ms
getDiagnostics: 459ms
getHoverAt: 1ms
getDiagnostics: 165ms
updating project structure from ...
updated: ng - 0ms
getDiagnostics: 751ms
updating project structure from ...
updated: ng - 0ms
getDiagnostics: 1556ms
updating project structure from ...
updated: ng - 0ms
getHoverAt: 0ms
getHoverAt: 0ms
getDiagnostics: 1ms
updating project structure from ...
updated: ng - 0ms
getHoverAt: 0ms
getDiagnostics: 346ms
updating project structure from ...
updated: ng - 0ms
getDiagnostics: 100ms
updating project structure from ...
updated: ng - 0ms
Search path: /home/fran/eclipse-workspace/brewITyourself/com-dotzet-rest-crud-dashboard/src/app/app-body/suppliers-dashboard/supplier-read-form
Config file name: /home/fran/eclipse-workspace/brewITyourself/com-dotzet-rest-crud-dashboard/tsconfig.json
getTemplateReferences: 1ms
getTemplateReferences: 0ms
getDiagnostics: 671ms
getHoverAt: 12ms
getHoverAt: 10ms
getDiagnostics: 580ms
updating project structure from ...
getTemplateReferences: 0ms
updated: ng - 0ms
updating project structure from ...
getTemplateReferences: 0ms
updated: ng - 0ms
getDiagnostics: 471ms
updating project structure from ...
getTemplateReferences: 115ms
updated: ng - 0ms
getCompletions: 672ms
getDiagnostics: 662ms
updating project structure from ...
getTemplateReferences: 0ms
updated: ng - 0ms
getDiagnostics: 483ms
updating project structure from ...
getTemplateReferences: 0ms
updated: ng - 0ms
getDiagnostics: 483ms
getDiagnostics: 479ms
updating project structure from ...
getTemplateReferences: 0ms
updated: ng - 0ms
getDiagnostics: 567ms
updating project structure from ...
getTemplateReferences: 0ms
updated: ng - 0ms
Search path: /home/fran/eclipse-workspace/brewITyourself/com-dotzet-rest-crud-dashboard/src/app/app-body/suppliers-dashboard/supplier-read-form
Config file name: /home/fran/eclipse-workspace/brewITyourself/com-dotzet-rest-crud-dashboard/tsconfig.json
getTemplateReferences: 0ms
getTemplateReferences: 0ms
getDiagnostics: 462ms
updating project structure from ...
getTemplateReferences: 0ms
updated: ng - 0ms
Search path: /home/fran/eclipse-workspace/brewITyourself/com-dotzet-rest-crud-dashboard/src/app/app-body/suppliers-dashboard/supplier-read-form
Config file name: /home/fran/eclipse-workspace/brewITyourself/com-dotzet-rest-crud-dashboard/tsconfig.json
getTemplateReferences: 0ms
getDiagnostics: 467ms
updating project structure from ...
getTemplateReferences: 155ms
updated: ng - 0ms
updating project structure from ...
getTemplateReferences: 0ms
updated: ng - 1ms
