[2018-12-08 14:17:57.007] [exthost1] [info] extension host started
[2018-12-08 14:17:57.254] [exthost1] [info] ExtensionService#_doActivateExtension vscode.debug-auto-launch {"startup":true,"activationEvent":"*"}
[2018-12-08 14:17:57.257] [exthost1] [info] ExtensionService#loadCommonJSModule /home/fran/.codemix/engine/resources/app/extensions/debug-auto-launch/out/extension
[2018-12-08 14:17:57.317] [exthost1] [info] ExtensionService#_doActivateExtension vscode.emmet {"startup":true,"activationEvent":"*"}
[2018-12-08 14:17:57.317] [exthost1] [info] ExtensionService#loadCommonJSModule /home/fran/.codemix/engine/resources/app/extensions/emmet/dist/extension
[2018-12-08 14:17:57.539] [exthost1] [info] ExtensionService#_doActivateExtension vscode.merge-conflict {"startup":true,"activationEvent":"*"}
[2018-12-08 14:17:57.540] [exthost1] [info] ExtensionService#loadCommonJSModule /home/fran/.codemix/engine/resources/app/extensions/merge-conflict/out/extension
[2018-12-08 14:17:57.875] [exthost1] [info] ExtensionService#_doActivateExtension vscode.search-rg {"startup":true,"activationEvent":"*"}
[2018-12-08 14:17:57.875] [exthost1] [info] ExtensionService#loadCommonJSModule /home/fran/.codemix/engine/resources/app/extensions/search-rg/out/extension
[2018-12-08 14:17:58.013] [exthost1] [info] ExtensionService#_doActivateExtension christian-kohler.path-intellisense {"startup":true,"activationEvent":"*"}
[2018-12-08 14:17:58.013] [exthost1] [info] ExtensionService#loadCommonJSModule /home/fran/.codemix/extensions/christian-kohler.path-intellisense-1.4.2/out/src/extension
[2018-12-08 14:17:58.290] [exthost1] [info] ExtensionService#_doActivateExtension dbaeumer.vscode-eslint {"startup":true,"activationEvent":"*"}
[2018-12-08 14:17:58.290] [exthost1] [info] ExtensionService#loadCommonJSModule /home/fran/.codemix/extensions/dbaeumer.vscode-eslint-1.4.10/client/out/extension
[2018-12-08 14:17:59.147] [exthost1] [info] ExtensionService#_doActivateExtension formulahendry.auto-close-tag {"startup":true,"activationEvent":"*"}
[2018-12-08 14:17:59.151] [exthost1] [info] ExtensionService#loadCommonJSModule /home/fran/.codemix/extensions/formulahendry.auto-close-tag-0.5.6/out/src/extension
[2018-12-08 14:17:59.161] [exthost1] [info] ExtensionService#_doActivateExtension HookyQR.beautify {"startup":true,"activationEvent":"*"}
[2018-12-08 14:17:59.164] [exthost1] [info] ExtensionService#loadCommonJSModule /home/fran/.codemix/extensions/hookyqr.beautify-1.3.0/extension
[2018-12-08 14:18:00.006] [exthost1] [info] eager extensions activated
[2018-12-08 14:18:00.032] [exthost1] [info] ExtensionService#_doActivateExtension vscode.configuration-editing {"startup":false,"activationEvent":"onLanguage:jsonc"}
[2018-12-08 14:18:00.032] [exthost1] [info] ExtensionService#loadCommonJSModule /home/fran/.codemix/engine/resources/app/extensions/configuration-editing/out/extension
[2018-12-08 14:18:00.464] [exthost1] [info] ExtensionService#_doActivateExtension vscode.json-language-features {"startup":false,"activationEvent":"onLanguage:jsonc"}
[2018-12-08 14:18:00.464] [exthost1] [info] ExtensionService#loadCommonJSModule /home/fran/.codemix/engine/resources/app/extensions/json-language-features/client/dist/jsonMain
[2018-12-08 14:18:01.814] [exthost1] [info] ExtensionService#_doActivateExtension vscode.typescript-language-features {"startup":false,"activationEvent":"onLanguage:jsonc"}
[2018-12-08 14:18:01.814] [exthost1] [info] ExtensionService#loadCommonJSModule /home/fran/.codemix/engine/resources/app/extensions/typescript-language-features/dist/extension
[2018-12-08 14:18:03.145] [exthost1] [info] ExtensionService#_doActivateExtension vscode.grunt {"startup":false,"activationEvent":"onCommand:workbench.action.tasks.runTask"}
[2018-12-08 14:18:03.145] [exthost1] [info] ExtensionService#loadCommonJSModule /home/fran/.codemix/engine/resources/app/extensions/grunt/out/main
[2018-12-08 14:18:03.204] [exthost1] [info] ExtensionService#_doActivateExtension vscode.gulp {"startup":false,"activationEvent":"onCommand:workbench.action.tasks.runTask"}
[2018-12-08 14:18:03.205] [exthost1] [info] ExtensionService#loadCommonJSModule /home/fran/.codemix/engine/resources/app/extensions/gulp/out/main
[2018-12-08 14:18:03.291] [exthost1] [info] ExtensionService#_doActivateExtension vscode.jake {"startup":false,"activationEvent":"onCommand:workbench.action.tasks.runTask"}
[2018-12-08 14:18:03.293] [exthost1] [info] ExtensionService#loadCommonJSModule /home/fran/.codemix/engine/resources/app/extensions/jake/out/main
[2018-12-08 14:18:03.381] [exthost1] [info] ExtensionService#_doActivateExtension vscode.npm {"startup":false,"activationEvent":"onCommand:workbench.action.tasks.runTask"}
[2018-12-08 14:18:03.389] [exthost1] [info] ExtensionService#loadCommonJSModule /home/fran/.codemix/engine/resources/app/extensions/npm/out/main
[2018-12-08 14:18:03.896] [exthost1] [info] ExtensionService#_doActivateExtension vscode.html-language-features {"startup":false,"activationEvent":"onLanguage:html"}
[2018-12-08 14:18:03.896] [exthost1] [info] ExtensionService#loadCommonJSModule /home/fran/.codemix/engine/resources/app/extensions/html-language-features/client/dist/htmlMain
[2018-12-08 14:18:04.813] [exthost1] [info] ExtensionService#_doActivateExtension Angular.ng-template {"startup":false,"activationEvent":"onLanguage:html"}
[2018-12-08 14:18:04.813] [exthost1] [info] ExtensionService#loadCommonJSModule /home/fran/.codemix/extensions/angular.ng-template-0.1.9/out/extension
[2018-12-08 14:18:05.058] [exthost1] [info] ExtensionService#_doActivateExtension mkaufman.HTMLHint {"startup":false,"activationEvent":"onLanguage:html"}
[2018-12-08 14:18:05.058] [exthost1] [info] ExtensionService#loadCommonJSModule /home/fran/.codemix/extensions/mkaufman.htmlhint-0.5.0/out/extension
[2018-12-08 14:18:05.821] [exthost1] [info] extension host started
[2018-12-08 14:18:05.905] [exthost1] [info] ExtensionService#_doActivateExtension vscode.debug-auto-launch {"startup":true,"activationEvent":"*"}
[2018-12-08 14:18:05.906] [exthost1] [info] ExtensionService#loadCommonJSModule /home/fran/.codemix/engine/resources/app/extensions/debug-auto-launch/out/extension
[2018-12-08 14:18:05.924] [exthost1] [info] ExtensionService#_doActivateExtension vscode.emmet {"startup":true,"activationEvent":"*"}
[2018-12-08 14:18:05.924] [exthost1] [info] ExtensionService#loadCommonJSModule /home/fran/.codemix/engine/resources/app/extensions/emmet/dist/extension
[2018-12-08 14:18:06.035] [exthost1] [info] ExtensionService#_doActivateExtension vscode.merge-conflict {"startup":true,"activationEvent":"*"}
[2018-12-08 14:18:06.035] [exthost1] [info] ExtensionService#loadCommonJSModule /home/fran/.codemix/engine/resources/app/extensions/merge-conflict/out/extension
[2018-12-08 14:18:06.065] [exthost1] [info] ExtensionService#_doActivateExtension vscode.search-rg {"startup":true,"activationEvent":"*"}
[2018-12-08 14:18:06.065] [exthost1] [info] ExtensionService#loadCommonJSModule /home/fran/.codemix/engine/resources/app/extensions/search-rg/out/extension
[2018-12-08 14:18:06.089] [exthost1] [info] ExtensionService#_doActivateExtension christian-kohler.path-intellisense {"startup":true,"activationEvent":"*"}
[2018-12-08 14:18:06.089] [exthost1] [info] ExtensionService#loadCommonJSModule /home/fran/.codemix/extensions/christian-kohler.path-intellisense-1.4.2/out/src/extension
[2018-12-08 14:18:06.115] [exthost1] [info] ExtensionService#_doActivateExtension dbaeumer.vscode-eslint {"startup":true,"activationEvent":"*"}
[2018-12-08 14:18:06.115] [exthost1] [info] ExtensionService#loadCommonJSModule /home/fran/.codemix/extensions/dbaeumer.vscode-eslint-1.4.10/client/out/extension
[2018-12-08 14:18:06.358] [exthost1] [info] ExtensionService#_doActivateExtension formulahendry.auto-close-tag {"startup":true,"activationEvent":"*"}
[2018-12-08 14:18:06.358] [exthost1] [info] ExtensionService#loadCommonJSModule /home/fran/.codemix/extensions/formulahendry.auto-close-tag-0.5.6/out/src/extension
[2018-12-08 14:18:06.361] [exthost1] [info] ExtensionService#_doActivateExtension HookyQR.beautify {"startup":true,"activationEvent":"*"}
[2018-12-08 14:18:06.369] [exthost1] [info] ExtensionService#loadCommonJSModule /home/fran/.codemix/extensions/hookyqr.beautify-1.3.0/extension
[2018-12-08 14:18:06.469] [exthost1] [info] eager extensions activated
[2018-12-08 14:18:06.470] [exthost1] [info] ExtensionService#_doActivateExtension vscode.configuration-editing {"startup":false,"activationEvent":"onLanguage:jsonc"}
[2018-12-08 14:18:06.470] [exthost1] [info] ExtensionService#loadCommonJSModule /home/fran/.codemix/engine/resources/app/extensions/configuration-editing/out/extension
[2018-12-08 14:18:06.495] [exthost1] [info] ExtensionService#_doActivateExtension vscode.json-language-features {"startup":false,"activationEvent":"onLanguage:jsonc"}
[2018-12-08 14:18:06.495] [exthost1] [info] ExtensionService#loadCommonJSModule /home/fran/.codemix/engine/resources/app/extensions/json-language-features/client/dist/jsonMain
[2018-12-08 14:18:06.790] [exthost1] [info] ExtensionService#_doActivateExtension vscode.typescript-language-features {"startup":false,"activationEvent":"onLanguage:jsonc"}
[2018-12-08 14:18:06.790] [exthost1] [info] ExtensionService#loadCommonJSModule /home/fran/.codemix/engine/resources/app/extensions/typescript-language-features/dist/extension
[2018-12-08 14:18:07.074] [exthost1] [info] ExtensionService#_doActivateExtension vscode.grunt {"startup":false,"activationEvent":"onCommand:workbench.action.tasks.runTask"}
[2018-12-08 14:18:07.074] [exthost1] [info] ExtensionService#loadCommonJSModule /home/fran/.codemix/engine/resources/app/extensions/grunt/out/main
[2018-12-08 14:18:07.085] [exthost1] [info] ExtensionService#_doActivateExtension vscode.gulp {"startup":false,"activationEvent":"onCommand:workbench.action.tasks.runTask"}
[2018-12-08 14:18:07.085] [exthost1] [info] ExtensionService#loadCommonJSModule /home/fran/.codemix/engine/resources/app/extensions/gulp/out/main
[2018-12-08 14:18:07.096] [exthost1] [info] ExtensionService#_doActivateExtension vscode.jake {"startup":false,"activationEvent":"onCommand:workbench.action.tasks.runTask"}
[2018-12-08 14:18:07.096] [exthost1] [info] ExtensionService#loadCommonJSModule /home/fran/.codemix/engine/resources/app/extensions/jake/out/main
[2018-12-08 14:18:07.109] [exthost1] [info] ExtensionService#_doActivateExtension vscode.npm {"startup":false,"activationEvent":"onCommand:workbench.action.tasks.runTask"}
[2018-12-08 14:18:07.109] [exthost1] [info] ExtensionService#loadCommonJSModule /home/fran/.codemix/engine/resources/app/extensions/npm/out/main
[2018-12-08 14:18:07.220] [exthost1] [info] ExtensionService#_doActivateExtension vscode.html-language-features {"startup":false,"activationEvent":"onLanguage:html"}
[2018-12-08 14:18:07.220] [exthost1] [info] ExtensionService#loadCommonJSModule /home/fran/.codemix/engine/resources/app/extensions/html-language-features/client/dist/htmlMain
[2018-12-08 14:18:07.447] [exthost1] [info] ExtensionService#_doActivateExtension Angular.ng-template {"startup":false,"activationEvent":"onLanguage:html"}
[2018-12-08 14:18:07.447] [exthost1] [info] ExtensionService#loadCommonJSModule /home/fran/.codemix/extensions/angular.ng-template-0.1.9/out/extension
[2018-12-08 14:18:07.524] [exthost1] [info] ExtensionService#_doActivateExtension mkaufman.HTMLHint {"startup":false,"activationEvent":"onLanguage:html"}
[2018-12-08 14:18:07.524] [exthost1] [info] ExtensionService#loadCommonJSModule /home/fran/.codemix/extensions/mkaufman.htmlhint-0.5.0/out/extension
