[2018-12-07 15:33:08.874] [exthost1] [info] extension host started
[2018-12-07 15:33:09.236] [exthost1] [info] ExtensionService#_doActivateExtension vscode.debug-auto-launch {"startup":true,"activationEvent":"*"}
[2018-12-07 15:33:09.249] [exthost1] [info] ExtensionService#loadCommonJSModule /home/fran/.codemix/engine/resources/app/extensions/debug-auto-launch/out/extension
[2018-12-07 15:33:09.340] [exthost1] [info] ExtensionService#_doActivateExtension vscode.emmet {"startup":true,"activationEvent":"*"}
[2018-12-07 15:33:09.340] [exthost1] [info] ExtensionService#loadCommonJSModule /home/fran/.codemix/engine/resources/app/extensions/emmet/dist/extension
[2018-12-07 15:33:09.848] [exthost1] [info] ExtensionService#_doActivateExtension vscode.merge-conflict {"startup":true,"activationEvent":"*"}
[2018-12-07 15:33:09.848] [exthost1] [info] ExtensionService#loadCommonJSModule /home/fran/.codemix/engine/resources/app/extensions/merge-conflict/out/extension
[2018-12-07 15:33:09.980] [exthost1] [info] ExtensionService#_doActivateExtension vscode.search-rg {"startup":true,"activationEvent":"*"}
[2018-12-07 15:33:09.980] [exthost1] [info] ExtensionService#loadCommonJSModule /home/fran/.codemix/engine/resources/app/extensions/search-rg/out/extension
[2018-12-07 15:33:10.075] [exthost1] [info] ExtensionService#_doActivateExtension christian-kohler.path-intellisense {"startup":true,"activationEvent":"*"}
[2018-12-07 15:33:10.075] [exthost1] [info] ExtensionService#loadCommonJSModule /home/fran/.codemix/extensions/christian-kohler.path-intellisense-1.4.2/out/src/extension
[2018-12-07 15:33:10.207] [exthost1] [info] ExtensionService#_doActivateExtension dbaeumer.vscode-eslint {"startup":true,"activationEvent":"*"}
[2018-12-07 15:33:10.207] [exthost1] [info] ExtensionService#loadCommonJSModule /home/fran/.codemix/extensions/dbaeumer.vscode-eslint-1.4.10/client/out/extension
[2018-12-07 15:33:10.832] [exthost1] [info] ExtensionService#_doActivateExtension formulahendry.auto-close-tag {"startup":true,"activationEvent":"*"}
[2018-12-07 15:33:10.832] [exthost1] [info] ExtensionService#loadCommonJSModule /home/fran/.codemix/extensions/formulahendry.auto-close-tag-0.5.6/out/src/extension
[2018-12-07 15:33:10.851] [exthost1] [info] ExtensionService#_doActivateExtension HookyQR.beautify {"startup":true,"activationEvent":"*"}
[2018-12-07 15:33:10.851] [exthost1] [info] ExtensionService#loadCommonJSModule /home/fran/.codemix/extensions/hookyqr.beautify-1.3.0/extension
[2018-12-07 15:33:11.343] [exthost1] [info] eager extensions activated
[2018-12-07 15:33:12.794] [exthost1] [info] extension host started
[2018-12-07 15:33:13.011] [exthost1] [info] ExtensionService#_doActivateExtension vscode.debug-auto-launch {"startup":true,"activationEvent":"*"}
[2018-12-07 15:33:13.019] [exthost1] [info] ExtensionService#loadCommonJSModule /home/fran/.codemix/engine/resources/app/extensions/debug-auto-launch/out/extension
[2018-12-07 15:33:13.046] [exthost1] [info] ExtensionService#_doActivateExtension vscode.emmet {"startup":true,"activationEvent":"*"}
[2018-12-07 15:33:13.046] [exthost1] [info] ExtensionService#loadCommonJSModule /home/fran/.codemix/engine/resources/app/extensions/emmet/dist/extension
[2018-12-07 15:33:13.273] [exthost1] [info] ExtensionService#_doActivateExtension vscode.merge-conflict {"startup":true,"activationEvent":"*"}
[2018-12-07 15:33:13.283] [exthost1] [info] ExtensionService#loadCommonJSModule /home/fran/.codemix/engine/resources/app/extensions/merge-conflict/out/extension
[2018-12-07 15:33:13.390] [exthost1] [info] ExtensionService#_doActivateExtension vscode.search-rg {"startup":true,"activationEvent":"*"}
[2018-12-07 15:33:13.390] [exthost1] [info] ExtensionService#loadCommonJSModule /home/fran/.codemix/engine/resources/app/extensions/search-rg/out/extension
[2018-12-07 15:33:13.450] [exthost1] [info] ExtensionService#_doActivateExtension christian-kohler.path-intellisense {"startup":true,"activationEvent":"*"}
[2018-12-07 15:33:13.450] [exthost1] [info] ExtensionService#loadCommonJSModule /home/fran/.codemix/extensions/christian-kohler.path-intellisense-1.4.2/out/src/extension
[2018-12-07 15:33:13.534] [exthost1] [info] ExtensionService#_doActivateExtension dbaeumer.vscode-eslint {"startup":true,"activationEvent":"*"}
[2018-12-07 15:33:13.537] [exthost1] [info] ExtensionService#loadCommonJSModule /home/fran/.codemix/extensions/dbaeumer.vscode-eslint-1.4.10/client/out/extension
[2018-12-07 15:33:14.720] [exthost1] [info] ExtensionService#_doActivateExtension formulahendry.auto-close-tag {"startup":true,"activationEvent":"*"}
[2018-12-07 15:33:14.769] [exthost1] [info] ExtensionService#loadCommonJSModule /home/fran/.codemix/extensions/formulahendry.auto-close-tag-0.5.6/out/src/extension
[2018-12-07 15:33:14.800] [exthost1] [info] ExtensionService#_doActivateExtension HookyQR.beautify {"startup":true,"activationEvent":"*"}
[2018-12-07 15:33:14.800] [exthost1] [info] ExtensionService#loadCommonJSModule /home/fran/.codemix/extensions/hookyqr.beautify-1.3.0/extension
[2018-12-07 15:33:15.709] [exthost1] [info] eager extensions activated
[2018-12-07 15:33:15.710] [exthost1] [info] ExtensionService#_doActivateExtension vscode.configuration-editing {"startup":false,"activationEvent":"onLanguage:jsonc"}
[2018-12-07 15:33:15.710] [exthost1] [info] ExtensionService#loadCommonJSModule /home/fran/.codemix/engine/resources/app/extensions/configuration-editing/out/extension
[2018-12-07 15:33:15.734] [exthost1] [info] ExtensionService#_doActivateExtension vscode.json-language-features {"startup":false,"activationEvent":"onLanguage:jsonc"}
[2018-12-07 15:33:15.734] [exthost1] [info] ExtensionService#loadCommonJSModule /home/fran/.codemix/engine/resources/app/extensions/json-language-features/client/dist/jsonMain
[2018-12-07 15:33:16.888] [exthost1] [info] ExtensionService#_doActivateExtension vscode.typescript-language-features {"startup":false,"activationEvent":"onLanguage:jsonc"}
[2018-12-07 15:33:16.888] [exthost1] [info] ExtensionService#loadCommonJSModule /home/fran/.codemix/engine/resources/app/extensions/typescript-language-features/dist/extension
[2018-12-07 15:33:17.940] [exthost1] [info] ExtensionService#_doActivateExtension vscode.grunt {"startup":false,"activationEvent":"onCommand:workbench.action.tasks.runTask"}
[2018-12-07 15:33:17.944] [exthost1] [info] ExtensionService#loadCommonJSModule /home/fran/.codemix/engine/resources/app/extensions/grunt/out/main
[2018-12-07 15:33:17.989] [exthost1] [info] ExtensionService#_doActivateExtension vscode.gulp {"startup":false,"activationEvent":"onCommand:workbench.action.tasks.runTask"}
[2018-12-07 15:33:17.993] [exthost1] [info] ExtensionService#loadCommonJSModule /home/fran/.codemix/engine/resources/app/extensions/gulp/out/main
[2018-12-07 15:33:18.020] [exthost1] [info] ExtensionService#_doActivateExtension vscode.jake {"startup":false,"activationEvent":"onCommand:workbench.action.tasks.runTask"}
[2018-12-07 15:33:18.025] [exthost1] [info] ExtensionService#loadCommonJSModule /home/fran/.codemix/engine/resources/app/extensions/jake/out/main
[2018-12-07 15:33:18.051] [exthost1] [info] ExtensionService#_doActivateExtension vscode.npm {"startup":false,"activationEvent":"onCommand:workbench.action.tasks.runTask"}
[2018-12-07 15:33:18.057] [exthost1] [info] ExtensionService#loadCommonJSModule /home/fran/.codemix/engine/resources/app/extensions/npm/out/main
[2018-12-07 15:33:18.494] [exthost1] [info] ExtensionService#_doActivateExtension vscode.extension-editing {"startup":false,"activationEvent":"onLanguage:typescript"}
[2018-12-07 15:33:18.494] [exthost1] [info] ExtensionService#loadCommonJSModule /home/fran/.codemix/engine/resources/app/extensions/extension-editing/out/extension
[2018-12-07 15:33:18.633] [exthost1] [info] ExtensionService#_doActivateExtension Angular.ng-template {"startup":false,"activationEvent":"onLanguage:typescript"}
[2018-12-07 15:33:18.634] [exthost1] [info] ExtensionService#loadCommonJSModule /home/fran/.codemix/extensions/angular.ng-template-0.1.9/out/extension
[2018-12-07 15:33:18.893] [exthost1] [info] ExtensionService#_doActivateExtension christian-kohler.npm-intellisense {"startup":false,"activationEvent":"onLanguage:typescript"}
[2018-12-07 15:33:18.897] [exthost1] [info] ExtensionService#loadCommonJSModule /home/fran/.codemix/extensions/christian-kohler.npm-intellisense-1.3.0/out/src/extension
[2018-12-07 15:33:18.975] [exthost1] [info] ExtensionService#_doActivateExtension eg2.tslint {"startup":false,"activationEvent":"onLanguage:typescript"}
[2018-12-07 15:33:18.975] [exthost1] [info] ExtensionService#loadCommonJSModule /home/fran/.codemix/extensions/eg2.tslint-1.0.29/out/extension
[2018-12-07 15:33:19.435] [exthost1] [info] ExtensionService#_doActivateExtension rbbit.typescript-hero {"startup":false,"activationEvent":"onLanguage:typescript"}
[2018-12-07 15:33:19.435] [exthost1] [info] ExtensionService#loadCommonJSModule /home/fran/.codemix/extensions/rbbit.typescript-hero-2.3.2/out/src/extension
[2018-12-07 15:35:13.579] [exthost1] [info] ExtensionService#_doActivateExtension vscode.html-language-features {"startup":false,"activationEvent":"onLanguage:html"}
[2018-12-07 15:35:13.579] [exthost1] [info] ExtensionService#loadCommonJSModule /home/fran/.codemix/engine/resources/app/extensions/html-language-features/client/dist/htmlMain
[2018-12-07 15:35:14.681] [exthost1] [info] ExtensionService#_doActivateExtension mkaufman.HTMLHint {"startup":false,"activationEvent":"onLanguage:html"}
[2018-12-07 15:35:14.681] [exthost1] [info] ExtensionService#loadCommonJSModule /home/fran/.codemix/extensions/mkaufman.htmlhint-0.5.0/out/extension
[2018-12-07 16:56:22.306] [exthost1] [info] ExtensionService#_doActivateExtension vscode.css-language-features {"startup":false,"activationEvent":"onLanguage:css"}
[2018-12-07 16:56:22.306] [exthost1] [info] ExtensionService#loadCommonJSModule /home/fran/.codemix/engine/resources/app/extensions/css-language-features/client/dist/cssMain
