Search path: /home/fran/eclipse-workspace/brewITyourself/com-dotzet-rest-crud-dashboard/src/app/app-body/suppliers-dashboard/supplier-read-form
Config file name: /home/fran/eclipse-workspace/brewITyourself/com-dotzet-rest-crud-dashboard/tsconfig.json
Angular Language Service: 7.1.1
TypeScript: 2.6.2
getTemplateReferences: 27242ms
Add recursive watcher for: /home/fran/eclipse-workspace/brewITyourself/com-dotzet-rest-crud-dashboard
Opened configuration file /home/fran/eclipse-workspace/brewITyourself/com-dotzet-rest-crud-dashboard/tsconfig.json
Config errors encountered and need to be reported: 1
  Argument for '--lib' option must be: 'es5', 'es6', 'es2015', 'es7', 'es2016', 'es2017', 'esnext', 'dom', 'dom.iterable', 'webworker', 'scripthost', 'es2015.core', 'es2015.collection', 'es2015.generator', 'es2015.iterable', 'es2015.promise', 'es2015.proxy', 'es2015.reflect', 'es2015.symbol', 'es2015.symbol.wellknown', 'es2016.array.include', 'es2017.object', 'es2017.sharedmemory', 'es2017.string', 'es2017.intl', 'esnext.asynciterable'.
getDiagnostics: 50ms
Search path: /home/fran/eclipse-workspace/brewITyourself/com-dotzet-rest-crud-dashboard/src/app/app-body/suppliers-dashboard/supplier-read
Config file name: /home/fran/eclipse-workspace/brewITyourself/com-dotzet-rest-crud-dashboard/tsconfig.json
getTemplateReferences: 0ms
getTemplateReferences: 0ms
getDiagnostics: 605ms
getHoverAt: 99ms
getDiagnostics: 731ms
updating project structure from ...
getTemplateReferences: 0ms
updated: ng - 0ms
getDiagnostics: 706ms
getCompletions: 820ms
getDiagnostics: 36ms
getDiagnostics: 449ms
updating project structure from ...
getTemplateReferences: 97ms
updated: ng - 0ms
getDiagnostics: 528ms
updating project structure from ...
getTemplateReferences: 0ms
updated: ng - 0ms
getCompletions: 703ms
getDiagnostics: 30ms
getDiagnostics: 509ms
updating project structure from ...
getTemplateReferences: 1ms
updated: ng - 0ms
getDiagnostics: 658ms
updating project structure from ...
getTemplateReferences: 0ms
updated: ng - 0ms
getHoverAt: 177ms
getDiagnostics: 647ms
updating project structure from ...
getTemplateReferences: 0ms
updated: ng - 0ms
getDiagnostics: 483ms
updating project structure from ...
getTemplateReferences: 105ms
updated: ng - 0ms
getDiagnostics: 578ms
updating project structure from ...
getTemplateReferences: 0ms
updated: ng - 0ms
getHoverAt: 55ms
getDiagnostics: 481ms
getDiagnostics: 931ms
updating project structure from ...
getTemplateReferences: 0ms
updated: ng - 0ms
getHoverAt: 43ms
getHoverAt: 61ms
getDiagnostics: 381ms
updating project structure from ...
getTemplateReferences: 0ms
updated: ng - 0ms
getHoverAt: 39ms
getHoverAt: 74ms
Search path: /home/fran/eclipse-workspace/brewITyourself/com-dotzet-rest-crud-dashboard/src/app/app-body/suppliers-dashboard/supplier-read
Config file name: /home/fran/eclipse-workspace/brewITyourself/com-dotzet-rest-crud-dashboard/tsconfig.json
getTemplateReferences: 0ms
getTemplateReferences: 0ms
getDiagnostics: 1441ms
updating project structure from ...
getTemplateReferences: 0ms
updated: ng - 0ms
getHoverAt: 189ms
getHoverAt: 93ms
getDiagnostics: 798ms
updating project structure from ...
getTemplateReferences: 136ms
updated: ng - 0ms
updating project structure from ...
getTemplateReferences: 0ms
updated: ng - 0ms
getDiagnostics: 409ms
updating project structure from ...
getTemplateReferences: 154ms
updated: ng - 0ms
getHoverAt: 203ms
getDiagnostics: 581ms
updating project structure from ...
getTemplateReferences: 0ms
updated: ng - 0ms
getHoverAt: 59ms
Search path: /home/fran/eclipse-workspace/brewITyourself/com-dotzet-rest-crud-dashboard/src/app/app-body/suppliers-dashboard/supplier-read
Config file name: /home/fran/eclipse-workspace/brewITyourself/com-dotzet-rest-crud-dashboard/tsconfig.json
getTemplateReferences: 0ms
getTemplateReferences: 0ms
getDiagnostics: 765ms
updating project structure from ...
getTemplateReferences: 0ms
updated: ng - 0ms
getHoverAt: 7ms
getDiagnostics: 686ms
updating project structure from ...
getTemplateReferences: 210ms
updated: ng - 0ms
updating project structure from ...
getTemplateReferences: 0ms
updated: ng - 0ms
Search path: /home/fran/eclipse-workspace/brewITyourself/com-dotzet-rest-crud-dashboard/src/app/app-body/suppliers-dashboard/supplier-read-form
Config file name: /home/fran/eclipse-workspace/brewITyourself/com-dotzet-rest-crud-dashboard/tsconfig.json
getTemplateReferences: 0ms
getDiagnostics: 737ms
updating project structure from ...
getTemplateReferences: 452ms
updated: ng - 0ms
Search path: /home/fran/eclipse-workspace/brewITyourself/com-dotzet-rest-crud-dashboard/src/app/app-body/suppliers-dashboard/suppliers-table
Config file name: /home/fran/eclipse-workspace/brewITyourself/com-dotzet-rest-crud-dashboard/tsconfig.json
getTemplateReferences: 0ms
getTemplateReferences: 1ms
getDiagnostics: 1198ms
Search path: /home/fran/eclipse-workspace/brewITyourself/com-dotzet-rest-crud-dashboard/src/app/app-body/suppliers-dashboard/suppliers-table
Config file name: /home/fran/eclipse-workspace/brewITyourself/com-dotzet-rest-crud-dashboard/tsconfig.json
getTemplateReferences: 0ms
getDiagnostics: 1060ms
getHoverAt: 1ms
getDiagnostics: 2025ms
updating project structure from ...
getTemplateReferences: 0ms
updated: ng - 0ms
updating project structure from ...
getTemplateReferences: 0ms
updated: ng - 0ms
getDiagnostics: 524ms
updating project structure from ...
getTemplateReferences: 130ms
updated: ng - 0ms
getHoverAt: 0ms
getHoverAt: 1ms
getHoverAt: 1ms
getHoverAt: 0ms
getDiagnostics: 611ms
updating project structure from ...
getTemplateReferences: 221ms
updated: ng - 0ms
updating project structure from ...
getTemplateReferences: 0ms
updated: ng - 0ms
getDiagnostics: 639ms
updating project structure from ...
getTemplateReferences: 238ms
updated: ng - 0ms
getHoverAt: 2ms
getHoverAt: 0ms
getDiagnostics: 631ms
updating project structure from ...
getTemplateReferences: 292ms
updated: ng - 0ms
getDiagnostics: 847ms
updating project structure from ...
getTemplateReferences: 459ms
updated: ng - 0ms
getDiagnostics: 525ms
updating project structure from ...
getTemplateReferences: 169ms
updated: ng - 0ms
getDiagnostics: 723ms
updating project structure from ...
getTemplateReferences: 214ms
updated: ng - 0ms
getHoverAt: 0ms
getHoverAt: 0ms
getDiagnostics: 929ms
updating project structure from ...
getTemplateReferences: 202ms
updated: ng - 0ms
Search path: /home/fran/eclipse-workspace/brewITyourself/com-dotzet-rest-crud-dashboard/src/app/app-body/suppliers-dashboard/supplier-read
Config file name: /home/fran/eclipse-workspace/brewITyourself/com-dotzet-rest-crud-dashboard/tsconfig.json
getTemplateReferences: 0ms
getDiagnostics: 601ms
getDiagnostics: 205ms
updating project structure from ...
getTemplateReferences: 0ms
updated: ng - 0ms
getHoverAt: 0ms
Search path: /home/fran/eclipse-workspace/brewITyourself/com-dotzet-rest-crud-dashboard/src/app/app-body/suppliers-dashboard/supplier-read-form
Config file name: /home/fran/eclipse-workspace/brewITyourself/com-dotzet-rest-crud-dashboard/tsconfig.json
getTemplateReferences: 0ms
getTemplateReferences: 0ms
getDiagnostics: 555ms
getHoverAt: 60ms
getDiagnostics: 442ms
updating project structure from ...
getTemplateReferences: 163ms
getTemplateReferences: 1ms
updated: ng - 0ms
getDiagnostics: 431ms
updating project structure from ...
getTemplateReferences: 191ms
getTemplateReferences: 0ms
updated: ng - 0ms
getCompletions: 673ms
getDiagnostics: 509ms
updating project structure from ...
getTemplateReferences: 0ms
getTemplateReferences: 0ms
updated: ng - 0ms
getDiagnostics: 669ms
updating project structure from ...
getTemplateReferences: 0ms
getTemplateReferences: 0ms
updated: ng - 0ms
getDiagnostics: 17ms
updating project structure from ...
getTemplateReferences: 0ms
getTemplateReferences: 0ms
updated: ng - 0ms
getHoverAt: 0ms
getDiagnostics: 437ms
updating project structure from ...
getTemplateReferences: 337ms
getTemplateReferences: 0ms
updated: ng - 0ms
getDiagnostics: 788ms
updating project structure from ...
getTemplateReferences: 178ms
getTemplateReferences: 0ms
updated: ng - 0ms
getDiagnostics: 354ms
getDiagnostics: 929ms
updating project structure from ...
getTemplateReferences: 0ms
getTemplateReferences: 0ms
updated: ng - 0ms
getCompletions: 151ms
getCompletions: 149ms
getDiagnostics: 364ms
getDiagnostics: 1547ms
updating project structure from ...
getTemplateReferences: 0ms
getTemplateReferences: 0ms
updated: ng - 0ms
getCompletions: 83ms
getDiagnostics: 536ms
updating project structure from ...
getTemplateReferences: 81ms
getTemplateReferences: 0ms
updated: ng - 0ms
Search path: /home/fran/eclipse-workspace/brewITyourself/com-dotzet-rest-crud-dashboard/src/app/app-body/suppliers-dashboard/supplier-read-form
Config file name: /home/fran/eclipse-workspace/brewITyourself/com-dotzet-rest-crud-dashboard/tsconfig.json
getTemplateReferences: 0ms
getDiagnostics: 1876ms
updating project structure from ...
getTemplateReferences: 673ms
getTemplateReferences: 0ms
updated: ng - 0ms
Search path: /home/fran/eclipse-workspace/brewITyourself/com-dotzet-rest-crud-dashboard/src/app/app-body/suppliers-dashboard/suppliers-table
Config file name: /home/fran/eclipse-workspace/brewITyourself/com-dotzet-rest-crud-dashboard/tsconfig.json
getTemplateReferences: 0ms
Search path: /home/fran/eclipse-workspace/brewITyourself/com-dotzet-rest-crud-dashboard/src/app/app-body/suppliers-dashboard/supplier-read-form
Config file name: /home/fran/eclipse-workspace/brewITyourself/com-dotzet-rest-crud-dashboard/tsconfig.json
getTemplateReferences: 0ms
getTemplateReferences: 0ms
updating project structure from ...
getTemplateReferences: 0ms
getTemplateReferences: 0ms
updated: ng - 615ms
getDiagnostics: 309ms
updating project structure from ...
getTemplateReferences: 0ms
getTemplateReferences: 0ms
updated: ng - 0ms
updating project structure from ...
getTemplateReferences: 0ms
getTemplateReferences: 0ms
updated: ng - 0ms
updating project structure from ...
getTemplateReferences: 0ms
getTemplateReferences: 0ms
updated: ng - 0ms
getHoverAt: 0ms
getHoverAt: 0ms
getDiagnostics: 1125ms
updating project structure from ...
getTemplateReferences: 164ms
getTemplateReferences: 0ms
updated: ng - 0ms
getDiagnostics: 659ms
updating project structure from ...
getTemplateReferences: 145ms
getTemplateReferences: 0ms
updated: ng - 0ms
getHoverAt: 0ms
getDiagnostics: 944ms
updating project structure from ...
getTemplateReferences: 266ms
getTemplateReferences: 0ms
updated: ng - 0ms
getDiagnostics: 471ms
updating project structure from ...
getTemplateReferences: 140ms
getTemplateReferences: 0ms
updated: ng - 0ms
getHoverAt: 1ms
getDiagnostics: 614ms
getCompletions: 119ms
getDiagnostics: 1039ms
updating project structure from ...
getTemplateReferences: 0ms
getTemplateReferences: 0ms
updated: ng - 0ms
getDiagnostics: 427ms
updating project structure from ...
getTemplateReferences: 107ms
getTemplateReferences: 0ms
updated: ng - 0ms
getHoverAt: 0ms
getDiagnostics: 965ms
updating project structure from ...
getTemplateReferences: 217ms
getTemplateReferences: 0ms
updated: ng - 0ms
getDiagnostics: 521ms
updating project structure from ...
getTemplateReferences: 133ms
getTemplateReferences: 0ms
updated: ng - 0ms
getDiagnostics: 496ms
getDiagnostics: 971ms
updating project structure from ...
getTemplateReferences: 0ms
getTemplateReferences: 0ms
updated: ng - 0ms
getDiagnostics: 588ms
getDiagnostics: 620ms
getDiagnostics: 341ms
updating project structure from ...
getTemplateReferences: 70ms
getTemplateReferences: 0ms
updated: ng - 0ms
getDiagnostics: 735ms
getCompletions: 120ms
getDiagnostics: 774ms
updating project structure from ...
getTemplateReferences: 0ms
getTemplateReferences: 0ms
updated: ng - 0ms
getCompletions: 139ms
getDiagnostics: 306ms
updating project structure from ...
getTemplateReferences: 53ms
getTemplateReferences: 0ms
updated: ng - 0ms
getDiagnostics: 566ms
updating project structure from ...
getTemplateReferences: 157ms
getTemplateReferences: 0ms
updated: ng - 0ms
getDiagnostics: 542ms
updating project structure from ...
getTemplateReferences: 158ms
getTemplateReferences: 0ms
updated: ng - 0ms
getDiagnostics: 658ms
getDiagnostics: 1019ms
updating project structure from ...
getTemplateReferences: 0ms
getTemplateReferences: 0ms
updated: ng - 0ms
getCompletions: 176ms
getDiagnostics: 732ms
updating project structure from ...
getTemplateReferences: 183ms
getTemplateReferences: 0ms
updated: ng - 0ms
getDiagnostics: 614ms
updating project structure from ...
getTemplateReferences: 179ms
getTemplateReferences: 0ms
updated: ng - 0ms
getCompletions: 202ms
getDiagnostics: 711ms
getDiagnostics: 877ms
updating project structure from ...
getTemplateReferences: 0ms
getTemplateReferences: 0ms
updated: ng - 0ms
getDiagnostics: 247ms
updating project structure from ...
getTemplateReferences: 67ms
getTemplateReferences: 1ms
updated: ng - 0ms
getCompletions: 49ms
getDiagnostics: 639ms
getCompletions: 249ms
getDiagnostics: 1112ms
updating project structure from ...
getTemplateReferences: 0ms
getTemplateReferences: 0ms
updated: ng - 10ms
getCompletions: 192ms
getDiagnostics: 584ms
getDiagnostics: 1409ms
updating project structure from ...
getTemplateReferences: 0ms
getTemplateReferences: 0ms
updated: ng - 0ms
getDiagnostics: 237ms
updating project structure from ...
getTemplateReferences: 75ms
getTemplateReferences: 0ms
updated: ng - 0ms
getHoverAt: 1ms
Search path: /home/fran/eclipse-workspace/brewITyourself/com-dotzet-rest-crud-dashboard/src/app
Config file name: /home/fran/eclipse-workspace/brewITyourself/com-dotzet-rest-crud-dashboard/tsconfig.json
getTemplateReferences: 0ms
getHoverAt: 0ms
getDiagnostics: 140ms
getHoverAt: 0ms
getDiagnostics: 692ms
updating project structure from ...
getTemplateReferences: 198ms
getTemplateReferences: 0ms
updated: ng - 0ms
getCompletions: 179ms
getDiagnostics: 476ms
getDiagnostics: 1190ms
updating project structure from ...
getTemplateReferences: 0ms
getTemplateReferences: 0ms
updated: ng - 0ms
getDiagnostics: 294ms
updating project structure from ...
getTemplateReferences: 96ms
getTemplateReferences: 0ms
updated: ng - 0ms
getHoverAt: 0ms
getDiagnostics: 647ms
updating project structure from ...
getTemplateReferences: 137ms
getTemplateReferences: 0ms
updated: ng - 0ms
getHoverAt: 0ms
getHoverAt: 0ms
getDiagnostics: 683ms
getDiagnostics: 528ms
updating project structure from ...
getTemplateReferences: 0ms
getTemplateReferences: 0ms
updated: ng - 0ms
getDiagnostics: 342ms
updating project structure from ...
getTemplateReferences: 62ms
getTemplateReferences: 0ms
updated: ng - 0ms
getDiagnostics: 890ms
updating project structure from ...
getTemplateReferences: 353ms
getTemplateReferences: 1ms
updated: ng - 0ms
getCompletions: 126ms
getDiagnostics: 836ms
updating project structure from ...
getTemplateReferences: 230ms
getTemplateReferences: 0ms
updated: ng - 0ms
getDiagnostics: 486ms
getCompletions: 218ms
getDiagnostics: 1211ms
updating project structure from ...
getTemplateReferences: 0ms
getTemplateReferences: 0ms
updated: ng - 0ms
getDiagnostics: 496ms
getDiagnostics: 793ms
updating project structure from ...
getTemplateReferences: 0ms
getTemplateReferences: 0ms
updated: ng - 0ms
getDiagnostics: 445ms
getCompletions: 129ms
getDiagnostics: 1583ms
updating project structure from ...
getTemplateReferences: 0ms
getTemplateReferences: 0ms
updated: ng - 0ms
getDiagnostics: 513ms
getDiagnostics: 2233ms
updating project structure from ...
getTemplateReferences: 0ms
getTemplateReferences: 0ms
updated: ng - 0ms
getDiagnostics: 1139ms
updating project structure from ...
getTemplateReferences: 133ms
getTemplateReferences: 0ms
updated: ng - 0ms
getDiagnostics: 1060ms
updating project structure from ...
getTemplateReferences: 435ms
getTemplateReferences: 0ms
updated: ng - 0ms
getDiagnostics: 717ms
updating project structure from ...
getTemplateReferences: 277ms
getTemplateReferences: 0ms
updated: ng - 0ms
getDiagnostics: 401ms
updating project structure from ...
getTemplateReferences: 159ms
getTemplateReferences: 0ms
updated: ng - 0ms
getDiagnostics: 456ms
updating project structure from ...
getTemplateReferences: 152ms
getTemplateReferences: 0ms
updated: ng - 0ms
getDiagnostics: 478ms
getCompletions: 161ms
getCompletions: 177ms
getDiagnostics: 842ms
updating project structure from ...
getTemplateReferences: 0ms
getTemplateReferences: 0ms
updated: ng - 0ms
getDiagnostics: 424ms
getDiagnostics: 575ms
updating project structure from ...
getTemplateReferences: 0ms
getTemplateReferences: 0ms
updated: ng - 0ms
getCompletions: 132ms
getDiagnostics: 529ms
getCompletions: 135ms
getDiagnostics: 963ms
updating project structure from ...
getTemplateReferences: 0ms
getTemplateReferences: 0ms
updated: ng - 0ms
getCompletions: 0ms
getHoverAt: 1ms
getCompletions: 196ms
getDiagnostics: 312ms
updating project structure from ...
getTemplateReferences: 108ms
getTemplateReferences: 0ms
updated: ng - 0ms
getHoverAt: 0ms
getHoverAt: 1ms
getHoverAt: 0ms
getCompletions: 81ms
getDiagnostics: 789ms
updating project structure from ...
getTemplateReferences: 200ms
getTemplateReferences: 0ms
updated: ng - 0ms
getDiagnostics: 1078ms
updating project structure from ...
getTemplateReferences: 520ms
getTemplateReferences: 0ms
updated: ng - 0ms
getDiagnostics: 511ms
updating project structure from ...
getTemplateReferences: 221ms
getTemplateReferences: 0ms
updated: ng - 0ms
getCompletions: 116ms
getDiagnostics: 755ms
updating project structure from ...
getTemplateReferences: 490ms
getTemplateReferences: 0ms
updated: ng - 0ms
getDiagnostics: 1168ms
updating project structure from ...
getTemplateReferences: 395ms
getTemplateReferences: 0ms
updated: ng - 0ms
getDiagnostics: 449ms
updating project structure from ...
getTemplateReferences: 120ms
getTemplateReferences: 0ms
updated: ng - 0ms
getCompletions: 126ms
getDiagnostics: 293ms
updating project structure from ...
getTemplateReferences: 235ms
getTemplateReferences: 0ms
updated: ng - 0ms
getDiagnostics: 663ms
updating project structure from ...
getTemplateReferences: 151ms
getTemplateReferences: 0ms
updated: ng - 0ms
getCompletions: 102ms
getDiagnostics: 358ms
updating project structure from ...
getTemplateReferences: 174ms
getTemplateReferences: 0ms
updated: ng - 0ms
getDiagnostics: 746ms
updating project structure from ...
getTemplateReferences: 272ms
getTemplateReferences: 0ms
updated: ng - 0ms
getDiagnostics: 472ms
updating project structure from ...
getTemplateReferences: 123ms
getTemplateReferences: 0ms
updated: ng - 0ms
getDiagnostics: 496ms
getCompletions: 101ms
getDiagnostics: 1374ms
updating project structure from ...
getTemplateReferences: 0ms
getTemplateReferences: 0ms
updated: ng - 0ms
getCompletions: 60ms
getDiagnostics: 741ms
updating project structure from ...
getTemplateReferences: 232ms
getTemplateReferences: 0ms
updated: ng - 0ms
getCompletions: 183ms
getDiagnostics: 798ms
updating project structure from ...
getTemplateReferences: 314ms
getTemplateReferences: 0ms
updated: ng - 0ms
getCompletions: 143ms
getDiagnostics: 1223ms
updating project structure from ...
getTemplateReferences: 526ms
getTemplateReferences: 0ms
updated: ng - 0ms
getCompletions: 214ms
getDiagnostics: 1056ms
updating project structure from ...
getTemplateReferences: 535ms
getTemplateReferences: 0ms
updated: ng - 0ms
getDiagnostics: 947ms
updating project structure from ...
getTemplateReferences: 482ms
getTemplateReferences: 0ms
updated: ng - 0ms
getDiagnostics: 635ms
updating project structure from ...
getTemplateReferences: 257ms
getTemplateReferences: 0ms
updated: ng - 0ms
Search path: /home/fran/eclipse-workspace/brewITyourself/com-dotzet-rest-crud-dashboard/src/app/app-body/suppliers-dashboard/supplier-read-form
Config file name: /home/fran/eclipse-workspace/brewITyourself/com-dotzet-rest-crud-dashboard/tsconfig.json
getTemplateReferences: 0ms
getDiagnostics: 1497ms
updating project structure from ...
getTemplateReferences: 718ms
getTemplateReferences: 0ms
updated: ng - 0ms
getHoverAt: 6ms
getDiagnostics: 2216ms
updating project structure from ...
getTemplateReferences: 187ms
getTemplateReferences: 0ms
updated: ng - 0ms
Search path: /home/fran/eclipse-workspace/brewITyourself/com-dotzet-rest-crud-dashboard/src/app/app-body/suppliers-dashboard/supplier-read-form
Config file name: /home/fran/eclipse-workspace/brewITyourself/com-dotzet-rest-crud-dashboard/tsconfig.json
getTemplateReferences: 0ms
getDiagnostics: 1663ms
updating project structure from ...
getTemplateReferences: 986ms
getTemplateReferences: 0ms
updated: ng - 0ms
getHoverAt: 25ms
getDiagnostics: 1446ms
updating project structure from ...
getTemplateReferences: 207ms
getTemplateReferences: 0ms
updated: ng - 0ms
updating project structure from ...
getTemplateReferences: 0ms
getTemplateReferences: 0ms
updated: ng - 0ms
getDiagnostics: 812ms
updating project structure from ...
getTemplateReferences: 245ms
getTemplateReferences: 0ms
updated: ng - 0ms
getDiagnostics: 884ms
updating project structure from ...
getTemplateReferences: 649ms
getTemplateReferences: 0ms
updated: ng - 0ms
getHoverAt: 268ms
getDiagnostics: 494ms
updating project structure from ...
getTemplateReferences: 206ms
getTemplateReferences: 0ms
updated: ng - 0ms
Search path: /home/fran/eclipse-workspace/brewITyourself/com-dotzet-rest-crud-dashboard/src/app/app-body/suppliers-dashboard/supplier-read-form
Config file name: /home/fran/eclipse-workspace/brewITyourself/com-dotzet-rest-crud-dashboard/tsconfig.json
getTemplateReferences: 0ms
getDiagnostics: 1312ms
updating project structure from ...
getTemplateReferences: 130ms
getTemplateReferences: 0ms
updated: ng - 0ms
getDiagnostics: 708ms
getDiagnostics: 807ms
updating project structure from ...
getTemplateReferences: 0ms
getTemplateReferences: 0ms
updated: ng - 0ms
getDiagnostics: 618ms
getDiagnostics: 1400ms
updating project structure from ...
getTemplateReferences: 0ms
getTemplateReferences: 0ms
updated: ng - 0ms
getDiagnostics: 403ms
getDiagnostics: 722ms
updating project structure from ...
getTemplateReferences: 0ms
getTemplateReferences: 0ms
updated: ng - 0ms
getHoverAt: 0ms
getDiagnostics: 390ms
updating project structure from ...
getTemplateReferences: 72ms
getTemplateReferences: 0ms
updated: ng - 0ms
getDiagnostics: 796ms
updating project structure from ...
getTemplateReferences: 0ms
getTemplateReferences: 0ms
updated: ng - 545ms
getDiagnostics: 2011ms
updating project structure from ...
getTemplateReferences: 0ms
getTemplateReferences: 0ms
updated: ng - 0ms
getDiagnostics: 508ms
updating project structure from ...
getTemplateReferences: 76ms
getTemplateReferences: 0ms
updated: ng - 0ms
getHoverAt: 1ms
Search path: /home/fran/eclipse-workspace/brewITyourself/com-dotzet-rest-crud-dashboard/src/app/app-body/suppliers-dashboard/supplier-read-form
Config file name: /home/fran/eclipse-workspace/brewITyourself/com-dotzet-rest-crud-dashboard/tsconfig.json
getTemplateReferences: 0ms
getDiagnostics: 1293ms
updating project structure from ...
getTemplateReferences: 647ms
getTemplateReferences: 4ms
updated: ng - 0ms
getHoverAt: 11ms
getHoverAt: 271ms
Search path: /home/fran/eclipse-workspace/brewITyourself/com-dotzet-rest-crud-dashboard/src/app/app-body/suppliers-dashboard/supplier-read-form
Config file name: /home/fran/eclipse-workspace/brewITyourself/com-dotzet-rest-crud-dashboard/tsconfig.json
getTemplateReferences: 0ms
getDiagnostics: 1100ms
getHoverAt: 261ms
getDiagnostics: 1002ms
updating project structure from ...
getTemplateReferences: 0ms
updated: ng - 0ms
updating project structure from ...
getTemplateReferences: 0ms
updated: ng - 0ms
getCompletions: 1991ms
getDiagnostics: 921ms
updating project structure from ...
getTemplateReferences: 0ms
updated: ng - 0ms
getDiagnostics: 718ms
getDiagnostics: 591ms
getCompletions: 483ms
getCompletions: 614ms
getDiagnostics: 459ms
updating project structure from ...
getTemplateReferences: 0ms
updated: ng - 0ms
getDiagnostics: 1106ms
updating project structure from ...
getTemplateReferences: 0ms
updated: ng - 0ms
getCompletions: 586ms
getDiagnostics: 321ms
updating project structure from ...
getTemplateReferences: 0ms
updated: ng - 0ms
getDiagnostics: 546ms
updating project structure from ...
getTemplateReferences: 0ms
updated: ng - 0ms
getCompletions: 739ms
getDiagnostics: 183ms
getDiagnostics: 495ms
updating project structure from ...
getTemplateReferences: 0ms
updated: ng - 0ms
getDiagnostics: 462ms
updating project structure from ...
getTemplateReferences: 0ms
updated: ng - 0ms
getDiagnostics: 631ms
getCompletions: 421ms
getCompletions: 683ms
getDiagnostics: 405ms
getCompletions: 589ms
getDiagnostics: 121ms
updating project structure from ...
getTemplateReferences: 0ms
updated: ng - 0ms
getCompletions: 416ms
getCompletions: 567ms
getCompletions: 277ms
getCompletions: 512ms
getCompletions: 283ms
getDiagnostics: 68ms
updating project structure from ...
getTemplateReferences: 0ms
updated: ng - 0ms
getCompletions: 423ms
getDiagnostics: 279ms
updating project structure from ...
getTemplateReferences: 0ms
updated: ng - 0ms
getCompletions: 596ms
getCompletions: 600ms
getDiagnostics: 24ms
updating project structure from ...
getTemplateReferences: 0ms
updated: ng - 0ms
getDiagnostics: 308ms
updating project structure from ...
getTemplateReferences: 0ms
updated: ng - 0ms
getDiagnostics: 587ms
updating project structure from ...
getTemplateReferences: 0ms
updated: ng - 0ms
getHoverAt: 191ms
getCompletions: 438ms
getCompletions: 613ms
getDiagnostics: 30ms
getCompletions: 269ms
getCompletions: 621ms
getDiagnostics: 32ms
getCompletions: 295ms
getDiagnostics: 86ms
getCompletions: 428ms
getCompletions: 546ms
getDiagnostics: 17ms
updating project structure from ...
getTemplateReferences: 0ms
updated: ng - 0ms
getDiagnostics: 299ms
updating project structure from ...
getTemplateReferences: 0ms
updated: ng - 0ms
getDiagnostics: 458ms
getCompletions: 429ms
getDiagnostics: 245ms
getDiagnostics: 505ms
updating project structure from ...
getTemplateReferences: 0ms
updated: ng - 0ms
getCompletions: 505ms
getDiagnostics: 477ms
updating project structure from ...
getTemplateReferences: 0ms
updated: ng - 0ms
getDiagnostics: 355ms
getDiagnostics: 514ms
updating project structure from ...
getTemplateReferences: 0ms
updated: ng - 0ms
getCompletions: 528ms
getCompletions: 526ms
getCompletions: 293ms
getDiagnostics: 525ms
getCompletions: 256ms
getCompletions: 965ms
getDiagnostics: 181ms
getCompletions: 357ms
getCompletions: 737ms
getDiagnostics: 24ms
getCompletions: 255ms
getCompletions: 694ms
getCompletions: 302ms
getCompletions: 534ms
getCompletions: 336ms
getCompletions: 585ms
getDiagnostics: 295ms
updating project structure from ...
getTemplateReferences: 0ms
updated: ng - 0ms
getDiagnostics: 525ms
updating project structure from ...
getTemplateReferences: 0ms
updated: ng - 0ms
getCompletions: 455ms
getDiagnostics: 111ms
getDiagnostics: 506ms
updating project structure from ...
getTemplateReferences: 0ms
updated: ng - 0ms
getDiagnostics: 526ms
updating project structure from ...
getTemplateReferences: 0ms
updated: ng - 0ms
getCompletions: 494ms
getDiagnostics: 637ms
updating project structure from ...
getTemplateReferences: 0ms
updated: ng - 0ms
getDiagnostics: 306ms
updating project structure from ...
getTemplateReferences: 0ms
updated: ng - 0ms
getDiagnostics: 702ms
updating project structure from ...
getTemplateReferences: 0ms
updated: ng - 0ms
getDiagnostics: 537ms
updating project structure from ...
getTemplateReferences: 0ms
updated: ng - 0ms
getDiagnostics: 527ms
updating project structure from ...
getTemplateReferences: 0ms
updated: ng - 0ms
getCompletions: 463ms
getCompletions: 710ms
getCompletions: 588ms
getDiagnostics: 147ms
updating project structure from ...
getTemplateReferences: 0ms
updated: ng - 0ms
getDiagnostics: 980ms
updating project structure from ...
getTemplateReferences: 101ms
updated: ng - 0ms
getDiagnostics: 406ms
updating project structure from ...
getTemplateReferences: 87ms
updated: ng - 0ms
getHoverAt: 11ms
getDiagnostics: 709ms
getDiagnostics: 1119ms
updating project structure from ...
getTemplateReferences: 0ms
updated: ng - 0ms
getDiagnostics: 318ms
updating project structure from ...
getTemplateReferences: 269ms
updated: ng - 0ms
getDiagnostics: 30ms
updating project structure from ...
getTemplateReferences: 0ms
updated: ng - 0ms
getDiagnostics: 12ms
updating project structure from ...
getTemplateReferences: 0ms
updated: ng - 0ms
Search path: /home/fran/eclipse-workspace/brewITyourself/com-dotzet-rest-crud-dashboard/src/app/app-body/suppliers-dashboard/supplier-read-form
Config file name: /home/fran/eclipse-workspace/brewITyourself/com-dotzet-rest-crud-dashboard/tsconfig.json
getTemplateReferences: 0ms
getDiagnostics: 414ms
updating project structure from ...
getTemplateReferences: 144ms
updated: ng - 0ms
getDiagnostics: 34ms
updating project structure from ...
getTemplateReferences: 0ms
updated: ng - 0ms
getHoverAt: 8ms
getDiagnostics: 563ms
updating project structure from ...
getTemplateReferences: 0ms
updated: ng - 0ms
getCompletions: 448ms
getDiagnostics: 110ms
updating project structure from ...
getTemplateReferences: 0ms
updated: ng - 0ms
getDiagnostics: 457ms
getDiagnostics: 463ms
updating project structure from ...
getTemplateReferences: 0ms
updated: ng - 0ms
getCompletions: 241ms
getDiagnostics: 433ms
updating project structure from ...
getTemplateReferences: 0ms
updated: ng - 0ms
getDiagnostics: 266ms
updating project structure from ...
getTemplateReferences: 40ms
updated: ng - 0ms
getHoverAt: 9ms
getDiagnostics: 466ms
updating project structure from ...
getTemplateReferences: 93ms
updated: ng - 0ms
getHoverAt: 14ms
getDiagnostics: 445ms
updating project structure from ...
getTemplateReferences: 81ms
updated: ng - 0ms
getCompletions: 23ms
getDiagnostics: 424ms
getDiagnostics: 506ms
getDiagnostics: 262ms
getDiagnostics: 517ms
getDiagnostics: 240ms
updating project structure from ...
getTemplateReferences: 44ms
updated: ng - 0ms
getDiagnostics: 508ms
updating project structure from ...
getTemplateReferences: 157ms
updated: ng - 0ms
getDiagnostics: 410ms
updating project structure from ...
getTemplateReferences: 83ms
updated: ng - 0ms
getDiagnostics: 401ms
updating project structure from ...
getTemplateReferences: 87ms
updated: ng - 0ms
getDiagnostics: 408ms
updating project structure from ...
getTemplateReferences: 84ms
updated: ng - 0ms
getDiagnostics: 402ms
updating project structure from ...
getTemplateReferences: 71ms
updated: ng - 0ms
getCompletions: 539ms
getCompletions: 558ms
getDiagnostics: 6ms
getCompletions: 245ms
getCompletions: 599ms
getDiagnostics: 256ms
updating project structure from ...
getTemplateReferences: 49ms
updated: ng - 0ms
getDiagnostics: 430ms
updating project structure from ...
getTemplateReferences: 93ms
updated: ng - 0ms
getDiagnostics: 386ms
updating project structure from ...
getTemplateReferences: 196ms
updated: ng - 0ms
getDiagnostics: 442ms
getDiagnostics: 449ms
updating project structure from ...
getTemplateReferences: 0ms
updated: ng - 0ms
getHoverAt: 11ms
getCompletions: 373ms
getDiagnostics: 691ms
getDiagnostics: 231ms
getDiagnostics: 498ms
updating project structure from ...
getTemplateReferences: 0ms
updated: ng - 0ms
getDiagnostics: 282ms
getCompletions: 712ms
getDiagnostics: 234ms
getDiagnostics: 494ms
updating project structure from ...
getTemplateReferences: 0ms
updated: ng - 0ms
getDiagnostics: 245ms
updating project structure from ...
getTemplateReferences: 38ms
updated: ng - 0ms
getDiagnostics: 453ms
getCompletions: 529ms
getDiagnostics: 229ms
updating project structure from ...
getTemplateReferences: 98ms
updated: ng - 0ms
getDiagnostics: 374ms
updating project structure from ...
getTemplateReferences: 92ms
updated: ng - 0ms
getCompletions: 703ms
getDiagnostics: 528ms
updating project structure from ...
getTemplateReferences: 0ms
updated: ng - 0ms
getDiagnostics: 261ms
updating project structure from ...
getTemplateReferences: 105ms
updated: ng - 0ms
getDiagnostics: 426ms
updating project structure from ...
getTemplateReferences: 108ms
updated: ng - 0ms
getHoverAt: 12ms
getDiagnostics: 686ms
updating project structure from ...
getTemplateReferences: 117ms
updated: ng - 0ms
getHoverAt: 28ms
getDiagnostics: 409ms
updating project structure from ...
getTemplateReferences: 99ms
updated: ng - 0ms
getDiagnostics: 482ms
getDiagnostics: 559ms
updating project structure from ...
getTemplateReferences: 0ms
updated: ng - 0ms
getDiagnostics: 266ms
updating project structure from ...
getTemplateReferences: 49ms
updated: ng - 0ms
getHoverAt: 35ms
getDiagnostics: 524ms
getCompletions: 751ms
getDiagnostics: 36ms
updating project structure from ...
getTemplateReferences: 0ms
updated: ng - 0ms
getCompletions: 29ms
getDiagnostics: 283ms
updating project structure from ...
getTemplateReferences: 53ms
updated: ng - 0ms
getDiagnostics: 463ms
updating project structure from ...
getTemplateReferences: 115ms
updated: ng - 0ms
getDiagnostics: 410ms
updating project structure from ...
getTemplateReferences: 110ms
updated: ng - 0ms
getCompletions: 533ms
getCompletions: 531ms
getDiagnostics: 18ms
updating project structure from ...
getTemplateReferences: 0ms
updated: ng - 0ms
getDiagnostics: 375ms
updating project structure from ...
getTemplateReferences: 81ms
updated: ng - 0ms
getHoverAt: 29ms
getDiagnostics: 476ms
updating project structure from ...
getTemplateReferences: 111ms
updated: ng - 0ms
getCompletions: 784ms
getDiagnostics: 34ms
getDiagnostics: 416ms
updating project structure from ...
getTemplateReferences: 96ms
updated: ng - 0ms
getDiagnostics: 455ms
updating project structure from ...
getTemplateReferences: 97ms
updated: ng - 0ms
getHoverAt: 189ms
getDiagnostics: 400ms
updating project structure from ...
getTemplateReferences: 83ms
updated: ng - 0ms
getDiagnostics: 372ms
updating project structure from ...
getTemplateReferences: 87ms
updated: ng - 0ms
getDiagnostics: 587ms
updating project structure from ...
getTemplateReferences: 152ms
updated: ng - 0ms
getDiagnostics: 424ms
updating project structure from ...
getTemplateReferences: 92ms
updated: ng - 0ms
getDiagnostics: 442ms
updating project structure from ...
getTemplateReferences: 139ms
updated: ng - 0ms
getDiagnostics: 452ms
updating project structure from ...
getTemplateReferences: 106ms
updated: ng - 0ms
getDiagnostics: 479ms
updating project structure from ...
getTemplateReferences: 84ms
updated: ng - 0ms
getDiagnostics: 415ms
getCompletions: 636ms
getCompletions: 486ms
getDiagnostics: 647ms
getCompletions: 660ms
getDiagnostics: 248ms
updating project structure from ...
getTemplateReferences: 53ms
updated: ng - 0ms
getDiagnostics: 381ms
updating project structure from ...
getTemplateReferences: 101ms
updated: ng - 0ms
getDiagnostics: 434ms
updating project structure from ...
getTemplateReferences: 95ms
updated: ng - 0ms
getDiagnostics: 416ms
updating project structure from ...
getTemplateReferences: 150ms
updated: ng - 0ms
getHoverAt: 77ms
getCompletions: 799ms
getDiagnostics: 69ms
getCompletions: 751ms
getDiagnostics: 21ms
getDiagnostics: 421ms
updating project structure from ...
getTemplateReferences: 87ms
updated: ng - 0ms
getDiagnostics: 430ms
updating project structure from ...
getTemplateReferences: 248ms
updated: ng - 0ms
getDiagnostics: 445ms
updating project structure from ...
getTemplateReferences: 81ms
updated: ng - 0ms
getCompletions: 657ms
getCompletions: 630ms
getDiagnostics: 24ms
updating project structure from ...
getTemplateReferences: 0ms
updated: ng - 0ms
getDiagnostics: 413ms
updating project structure from ...
getTemplateReferences: 195ms
updated: ng - 0ms
getDiagnostics: 509ms
getDiagnostics: 573ms
updating project structure from ...
getTemplateReferences: 0ms
updated: ng - 0ms
getDiagnostics: 325ms
updating project structure from ...
getTemplateReferences: 39ms
updated: ng - 0ms
getCompletions: 822ms
getDiagnostics: 71ms
getCompletions: 842ms
getDiagnostics: 53ms
getDiagnostics: 409ms
updating project structure from ...
getTemplateReferences: 76ms
updated: ng - 0ms
getDiagnostics: 411ms
updating project structure from ...
getTemplateReferences: 84ms
updated: ng - 0ms
getDiagnostics: 444ms
updating project structure from ...
getTemplateReferences: 87ms
updated: ng - 0ms
getCompletions: 608ms
getCompletions: 873ms
getDiagnostics: 39ms
getCompletions: 668ms
getCompletions: 647ms
getDiagnostics: 30ms
updating project structure from ...
getTemplateReferences: 0ms
updated: ng - 0ms
getDiagnostics: 481ms
getDiagnostics: 550ms
updating project structure from ...
getTemplateReferences: 0ms
updated: ng - 0ms
getCompletions: 459ms
getCompletions: 776ms
getDiagnostics: 38ms
getDiagnostics: 407ms
updating project structure from ...
getTemplateReferences: 97ms
updated: ng - 0ms
getDiagnostics: 457ms
updating project structure from ...
getTemplateReferences: 106ms
updated: ng - 0ms
getDiagnostics: 462ms
updating project structure from ...
getTemplateReferences: 72ms
updated: ng - 0ms
getHoverAt: 71ms
getHoverAt: 52ms
getCompletions: 651ms
getCompletions: 654ms
getDiagnostics: 435ms
updating project structure from ...
getTemplateReferences: 93ms
updated: ng - 0ms
getDiagnostics: 445ms
getDiagnostics: 590ms
getDiagnostics: 259ms
updating project structure from ...
getTemplateReferences: 60ms
updated: ng - 0ms
getDiagnostics: 457ms
updating project structure from ...
getTemplateReferences: 96ms
updated: ng - 0ms
getCompletions: 698ms
getDiagnostics: 33ms
getDiagnostics: 503ms
updating project structure from ...
getTemplateReferences: 73ms
updated: ng - 0ms
getDiagnostics: 461ms
getCompletions: 606ms
getDiagnostics: 30ms
getDiagnostics: 266ms
getDiagnostics: 620ms
updating project structure from ...
getTemplateReferences: 0ms
updated: ng - 0ms
getCompletions: 506ms
getCompletions: 737ms
getDiagnostics: 32ms
getDiagnostics: 413ms
getCompletions: 720ms
getDiagnostics: 302ms
updating project structure from ...
getTemplateReferences: 43ms
updated: ng - 0ms
Search path: /home/fran/eclipse-workspace/brewITyourself/com-dotzet-rest-crud-dashboard/src/app/app-body/suppliers-dashboard/supplier-read-form
Config file name: /home/fran/eclipse-workspace/brewITyourself/com-dotzet-rest-crud-dashboard/tsconfig.json
getTemplateReferences: 0ms
getTemplateReferences: 0ms
getDiagnostics: 387ms
updating project structure from ...
getTemplateReferences: 85ms
updated: ng - 0ms
getHoverAt: 59ms
getHoverAt: 51ms
getHoverAt: 118ms
getHoverAt: 53ms
getHoverAt: 159ms
getHoverAt: 75ms
getDiagnostics: 573ms
updating project structure from ...
getTemplateReferences: 97ms
updated: ng - 0ms
updating project structure from ...
getTemplateReferences: 0ms
updated: ng - 0ms
getDiagnostics: 420ms
updating project structure from ...
getTemplateReferences: 134ms
updated: ng - 0ms
getDiagnostics: 453ms
updating project structure from ...
getTemplateReferences: 143ms
updated: ng - 0ms
getDiagnostics: 447ms
updating project structure from ...
getTemplateReferences: 87ms
updated: ng - 0ms
getDiagnostics: 586ms
updating project structure from ...
getTemplateReferences: 121ms
updated: ng - 0ms
getDiagnostics: 482ms
updating project structure from ...
getTemplateReferences: 115ms
updated: ng - 0ms
getDiagnostics: 492ms
updating project structure from ...
getTemplateReferences: 87ms
updated: ng - 0ms
getDiagnostics: 404ms
updating project structure from ...
getTemplateReferences: 101ms
updated: ng - 0ms
getDiagnostics: 387ms
getDiagnostics: 511ms
updating project structure from ...
getTemplateReferences: 0ms
updated: ng - 0ms
updating project structure from ...
getTemplateReferences: 0ms
updated: ng - 0ms
getHoverAt: 181ms
getDiagnostics: 264ms
updating project structure from ...
getTemplateReferences: 90ms
updated: ng - 0ms
getDiagnostics: 492ms
getDiagnostics: 484ms
updating project structure from ...
getTemplateReferences: 0ms
updated: ng - 0ms
getDiagnostics: 281ms
getDiagnostics: 572ms
updating project structure from ...
getTemplateReferences: 0ms
updated: ng - 0ms
getDiagnostics: 405ms
getDiagnostics: 505ms
updating project structure from ...
getTemplateReferences: 0ms
updated: ng - 0ms
getDiagnostics: 338ms
getDiagnostics: 514ms
updating project structure from ...
getTemplateReferences: 0ms
updated: ng - 0ms
getDiagnostics: 290ms
getDiagnostics: 560ms
updating project structure from ...
getTemplateReferences: 0ms
updated: ng - 0ms
getDiagnostics: 333ms
getDiagnostics: 577ms
updating project structure from ...
getTemplateReferences: 0ms
updated: ng - 0ms
getDiagnostics: 358ms
getDiagnostics: 723ms
getDiagnostics: 308ms
updating project structure from ...
getTemplateReferences: 49ms
updated: ng - 0ms
getDiagnostics: 501ms
getDiagnostics: 520ms
updating project structure from ...
getTemplateReferences: 0ms
updated: ng - 0ms
getDiagnostics: 406ms
getDiagnostics: 587ms
updating project structure from ...
getTemplateReferences: 1ms
updated: ng - 0ms
getDiagnostics: 362ms
getDiagnostics: 561ms
updating project structure from ...
getTemplateReferences: 0ms
updated: ng - 0ms
getDiagnostics: 301ms
updating project structure from ...
getTemplateReferences: 36ms
updated: ng - 0ms
Search path: /home/fran/eclipse-workspace/brewITyourself/com-dotzet-rest-crud-dashboard/src/app/app-body/suppliers-dashboard/supplier-read-form
Config file name: /home/fran/eclipse-workspace/brewITyourself/com-dotzet-rest-crud-dashboard/tsconfig.json
getTemplateReferences: 0ms
getTemplateReferences: 0ms
getDiagnostics: 359ms
updating project structure from ...
getTemplateReferences: 98ms
updated: ng - 0ms
getHoverAt: 264ms
getHoverAt: 6ms
getDiagnostics: 1888ms
updating project structure from ...
getTemplateReferences: 445ms
updated: ng - 0ms
updating project structure from ...
getTemplateReferences: 0ms
updated: ng - 0ms
getCompletions: 382ms
getDiagnostics: 570ms
updating project structure from ...
getTemplateReferences: 140ms
updated: ng - 0ms
getDiagnostics: 1168ms
updating project structure from ...
getTemplateReferences: 361ms
updated: ng - 0ms
getDiagnostics: 705ms
updating project structure from ...
getTemplateReferences: 447ms
updated: ng - 0ms
getCompletions: 62ms
getDiagnostics: 571ms
updating project structure from ...
getTemplateReferences: 443ms
updated: ng - 0ms
getHoverAt: 1ms
getCompletions: 117ms
getDiagnostics: 1006ms
updating project structure from ...
getTemplateReferences: 304ms
updated: ng - 0ms
getCompletions: 181ms
getDiagnostics: 900ms
updating project structure from ...
getTemplateReferences: 436ms
updated: ng - 0ms
getDiagnostics: 895ms
updating project structure from ...
getTemplateReferences: 208ms
updated: ng - 0ms
getDiagnostics: 1056ms
updating project structure from ...
getTemplateReferences: 458ms
updated: ng - 0ms
getDiagnostics: 866ms
updating project structure from ...
getTemplateReferences: 230ms
updated: ng - 0ms
getHoverAt: 1ms
getDiagnostics: 458ms
updating project structure from ...
getTemplateReferences: 238ms
updated: ng - 0ms
getDiagnostics: 712ms
getCompletions: 73ms
getCompletions: 155ms
getDiagnostics: 849ms
updating project structure from ...
getTemplateReferences: 0ms
updated: ng - 0ms
getDiagnostics: 360ms
getDiagnostics: 787ms
updating project structure from ...
getTemplateReferences: 0ms
updated: ng - 0ms
getDiagnostics: 320ms
getDiagnostics: 972ms
updating project structure from ...
getTemplateReferences: 0ms
updated: ng - 0ms
getCompletions: 132ms
getDiagnostics: 295ms
getCompletions: 156ms
getDiagnostics: 853ms
updating project structure from ...
getTemplateReferences: 0ms
updated: ng - 0ms
getDiagnostics: 410ms
updating project structure from ...
getTemplateReferences: 174ms
updated: ng - 0ms
getCompletions: 158ms
getDiagnostics: 456ms
updating project structure from ...
getTemplateReferences: 162ms
updated: ng - 0ms
getDiagnostics: 436ms
updating project structure from ...
getTemplateReferences: 130ms
updated: ng - 0ms
getDiagnostics: 376ms
updating project structure from ...
getTemplateReferences: 116ms
updated: ng - 0ms
getCompletions: 134ms
getDiagnostics: 605ms
getCompletions: 108ms
getDiagnostics: 835ms
updating project structure from ...
getTemplateReferences: 0ms
updated: ng - 0ms
getDiagnostics: 228ms
getDiagnostics: 811ms
updating project structure from ...
getTemplateReferences: 0ms
updated: ng - 0ms
getDiagnostics: 246ms
updating project structure from ...
getTemplateReferences: 88ms
updated: ng - 0ms
getCompletions: 101ms
getDiagnostics: 978ms
updating project structure from ...
getTemplateReferences: 357ms
updated: ng - 0ms
getDiagnostics: 553ms
updating project structure from ...
getTemplateReferences: 188ms
updated: ng - 0ms
getCompletions: 130ms
getDiagnostics: 702ms
getDiagnostics: 755ms
updating project structure from ...
getTemplateReferences: 0ms
updated: ng - 0ms
getDiagnostics: 311ms
updating project structure from ...
getTemplateReferences: 100ms
updated: ng - 0ms
getDiagnostics: 9ms
updating project structure from ...
getTemplateReferences: 0ms
updated: ng - 0ms
getHoverAt: 399ms
getHoverAt: 110ms
getDiagnostics: 1ms
updating project structure from ...
getTemplateReferences: 0ms
updated: ng - 0ms
getHoverAt: 0ms
getDiagnostics: 546ms
getDiagnostics: 974ms
updating project structure from ...
getTemplateReferences: 0ms
updated: ng - 0ms
getDiagnostics: 479ms
updating project structure from ...
getTemplateReferences: 76ms
updated: ng - 0ms
getDiagnostics: 420ms
updating project structure from ...
getTemplateReferences: 200ms
updated: ng - 0ms
getDiagnostics: 601ms
updating project structure from ...
getTemplateReferences: 143ms
updated: ng - 0ms
getDiagnostics: 605ms
updating project structure from ...
getTemplateReferences: 149ms
updated: ng - 0ms
getDiagnostics: 414ms
getDiagnostics: 736ms
updating project structure from ...
getTemplateReferences: 0ms
updated: ng - 0ms
getDiagnostics: 210ms
updating project structure from ...
getTemplateReferences: 58ms
updated: ng - 0ms
getHoverAt: 1ms
getHoverAt: 1ms
getDiagnostics: 868ms
updating project structure from ...
getTemplateReferences: 210ms
updated: ng - 0ms
getHoverAt: 0ms
getDiagnostics: 509ms
updating project structure from ...
getTemplateReferences: 155ms
updated: ng - 0ms
getHoverAt: 0ms
getDiagnostics: 1275ms
updating project structure from ...
getTemplateReferences: 332ms
updated: ng - 0ms
getCompletions: 405ms
getDiagnostics: 830ms
updating project structure from ...
getTemplateReferences: 160ms
updated: ng - 0ms
getDiagnostics: 492ms
updating project structure from ...
getTemplateReferences: 208ms
updated: ng - 0ms
getHoverAt: 0ms
getDiagnostics: 725ms
updating project structure from ...
getTemplateReferences: 378ms
updated: ng - 0ms
getDiagnostics: 809ms
updating project structure from ...
getTemplateReferences: 273ms
updated: ng - 0ms
getDiagnostics: 1035ms
updating project structure from ...
getTemplateReferences: 141ms
updated: ng - 0ms
getDiagnostics: 1255ms
updating project structure from ...
getTemplateReferences: 335ms
updated: ng - 0ms
getHoverAt: 0ms
getDiagnostics: 935ms
updating project structure from ...
getTemplateReferences: 181ms
updated: ng - 0ms
getCompletions: 1ms
getHoverAt: 0ms
getHoverAt: 0ms
getDiagnostics: 802ms
updating project structure from ...
getTemplateReferences: 508ms
updated: ng - 0ms
getCompletions: 226ms
getDiagnostics: 533ms
getDiagnostics: 1816ms
updating project structure from ...
getTemplateReferences: 0ms
updated: ng - 0ms
getDiagnostics: 405ms
updating project structure from ...
getTemplateReferences: 59ms
updated: ng - 0ms
getDiagnostics: 747ms
updating project structure from ...
getTemplateReferences: 350ms
updated: ng - 0ms
getHoverAt: 1ms
getDiagnostics: 1ms
updating project structure from ...
getTemplateReferences: 0ms
updated: ng - 0ms
getDiagnostics: 740ms
updating project structure from ...
getTemplateReferences: 257ms
updated: ng - 0ms
getDiagnostics: 776ms
updating project structure from ...
getTemplateReferences: 231ms
updated: ng - 0ms
getHoverAt: 0ms
getDiagnostics: 740ms
getCompletions: 594ms
getDiagnostics: 913ms
updating project structure from ...
getTemplateReferences: 0ms
updated: ng - 0ms
getDiagnostics: 802ms
updating project structure from ...
getTemplateReferences: 117ms
updated: ng - 0ms
getHoverAt: 0ms
getDiagnostics: 660ms
updating project structure from ...
getTemplateReferences: 146ms
updated: ng - 0ms
getDiagnostics: 609ms
updating project structure from ...
getTemplateReferences: 220ms
updated: ng - 0ms
getHoverAt: 0ms
getCompletions: 145ms
getDiagnostics: 556ms
getDiagnostics: 1477ms
updating project structure from ...
getTemplateReferences: 0ms
updated: ng - 0ms
getDiagnostics: 266ms
getCompletions: 173ms
getDiagnostics: 966ms
updating project structure from ...
getTemplateReferences: 0ms
updated: ng - 0ms
getDiagnostics: 363ms
updating project structure from ...
getTemplateReferences: 77ms
updated: ng - 0ms
getHoverAt: 39ms
getHoverAt: 61ms
getCompletions: 613ms
getDiagnostics: 211ms
updating project structure from ...
getTemplateReferences: 0ms
updated: ng - 0ms
updating project structure from ...
getTemplateReferences: 0ms
updated: ng - 0ms
getDiagnostics: 558ms
updating project structure from ...
getTemplateReferences: 0ms
updated: ng - 0ms
getCompletions: 607ms
getDiagnostics: 575ms
updating project structure from ...
getTemplateReferences: 0ms
updated: ng - 0ms
getDiagnostics: 279ms
updating project structure from ...
getTemplateReferences: 56ms
updated: ng - 0ms
getDiagnostics: 434ms
updating project structure from ...
getTemplateReferences: 102ms
updated: ng - 0ms
getDiagnostics: 410ms
updating project structure from ...
getTemplateReferences: 113ms
updated: ng - 0ms
getHoverAt: 43ms
getDiagnostics: 432ms
updating project structure from ...
getTemplateReferences: 93ms
updated: ng - 0ms
getCompletions: 480ms
getDiagnostics: 117ms
updating project structure from ...
getTemplateReferences: 0ms
updated: ng - 0ms
getDiagnostics: 384ms
updating project structure from ...
getTemplateReferences: 98ms
updated: ng - 0ms
getDiagnostics: 393ms
updating project structure from ...
getTemplateReferences: 104ms
updated: ng - 0ms
getDiagnostics: 437ms
updating project structure from ...
getTemplateReferences: 111ms
updated: ng - 0ms
getCompletions: 602ms
getDiagnostics: 521ms
updating project structure from ...
getTemplateReferences: 0ms
updated: ng - 0ms
getDiagnostics: 255ms
updating project structure from ...
getTemplateReferences: 53ms
updated: ng - 0ms
getDiagnostics: 589ms
updating project structure from ...
getTemplateReferences: 87ms
updated: ng - 0ms
getDiagnostics: 422ms
updating project structure from ...
getTemplateReferences: 88ms
updated: ng - 0ms
getDiagnostics: 381ms
updating project structure from ...
getTemplateReferences: 79ms
updated: ng - 0ms
getCompletions: 971ms
getDiagnostics: 66ms
getDiagnostics: 467ms
updating project structure from ...
getTemplateReferences: 168ms
updated: ng - 0ms
getDiagnostics: 437ms
updating project structure from ...
getTemplateReferences: 120ms
updated: ng - 0ms
getDiagnostics: 479ms
updating project structure from ...
getTemplateReferences: 145ms
updated: ng - 0ms
getDiagnostics: 536ms
updating project structure from ...
getTemplateReferences: 159ms
updated: ng - 0ms
getDiagnostics: 7ms
updating project structure from ...
getTemplateReferences: 0ms
updated: ng - 0ms
Search path: /home/fran/eclipse-workspace/brewITyourself/com-dotzet-rest-crud-dashboard/src/app/app-body/suppliers-dashboard/supplier-read-form
Config file name: /home/fran/eclipse-workspace/brewITyourself/com-dotzet-rest-crud-dashboard/tsconfig.json
getTemplateReferences: 0ms
getDiagnostics: 557ms
updating project structure from ...
getTemplateReferences: 128ms
updated: ng - 0ms
getDiagnostics: 76ms
updating project structure from ...
getTemplateReferences: 0ms
updated: ng - 0ms
getHoverAt: 1ms
getHoverAt: 0ms
getDiagnostics: 66ms
updating project structure from ...
getTemplateReferences: 0ms
updated: ng - 0ms
getDiagnostics: 786ms
updating project structure from ...
getTemplateReferences: 156ms
updated: ng - 0ms
Search path: /home/fran/eclipse-workspace/brewITyourself/com-dotzet-rest-crud-dashboard/src/app/app-body/suppliers-dashboard/supplier-read-form
Config file name: /home/fran/eclipse-workspace/brewITyourself/com-dotzet-rest-crud-dashboard/tsconfig.json
getTemplateReferences: 0ms
getTemplateReferences: 0ms
getDiagnostics: 412ms
updating project structure from ...
getTemplateReferences: 99ms
updated: ng - 0ms
getDiagnostics: 629ms
updating project structure from ...
getTemplateReferences: 120ms
updated: ng - 0ms
updating project structure from ...
getTemplateReferences: 0ms
updated: ng - 0ms
Search path: /home/fran/eclipse-workspace/brewITyourself/com-dotzet-rest-crud-dashboard/src/app
Config file name: /home/fran/eclipse-workspace/brewITyourself/com-dotzet-rest-crud-dashboard/tsconfig.json
getTemplateReferences: 0ms
getDiagnostics: 106ms
getHoverAt: 0ms
getHoverAt: 0ms
getHoverAt: 0ms
getDiagnostics: 931ms
updating project structure from ...
getTemplateReferences: 194ms
updated: ng - 0ms
getDiagnostics: 1042ms
updating project structure from ...
getTemplateReferences: 409ms
updated: ng - 0ms
getDiagnostics: 679ms
updating project structure from ...
getTemplateReferences: 207ms
updated: ng - 0ms
getHoverAt: 0ms
getDiagnostics: 125ms
getDiagnostics: 408ms
updating project structure from ...
getTemplateReferences: 0ms
updated: ng - 316ms
getDiagnostics: 1058ms
updating project structure from ...
getTemplateReferences: 0ms
updated: ng - 0ms
getCompletions: 145ms
getDiagnostics: 117ms
updating project structure from ...
getTemplateReferences: 0ms
updated: ng - 168ms
getDiagnostics: 596ms
getDiagnostics: 84ms
updating project structure from ...
getTemplateReferences: 0ms
updated: ng - 239ms
getDiagnostics: 734ms
updating project structure from ...
getTemplateReferences: 0ms
updated: ng - 0ms
getCompletions: 126ms
getDiagnostics: 194ms
updating project structure from ...
getTemplateReferences: 0ms
updated: ng - 248ms
getDiagnostics: 599ms
updating project structure from ...
getTemplateReferences: 0ms
updated: ng - 0ms
Search path: /home/fran/eclipse-workspace/brewITyourself/com-dotzet-rest-crud-dashboard/src/app
Config file name: /home/fran/eclipse-workspace/brewITyourself/com-dotzet-rest-crud-dashboard/tsconfig.json
getTemplateReferences: 0ms
getDiagnostics: 48ms
updating project structure from ...
getTemplateReferences: 0ms
updated: ng - 350ms
getHoverAt: 193ms
getDiagnostics: 31ms
updating project structure from ...
getTemplateReferences: 0ms
updated: ng - 0ms
Search path: /home/fran/eclipse-workspace/brewITyourself/com-dotzet-rest-crud-dashboard/src/app/app-body/suppliers-dashboard/supplier-read-form
Config file name: /home/fran/eclipse-workspace/brewITyourself/com-dotzet-rest-crud-dashboard/tsconfig.json
getTemplateReferences: 0ms
getTemplateReferences: 0ms
getHoverAt: 405ms
getDiagnostics: 162ms
updating project structure from ...
getTemplateReferences: 0ms
updated: ng - 0ms
getDiagnostics: 9ms
updating project structure from ...
getTemplateReferences: 0ms
updated: ng - 0ms
getDiagnostics: 440ms
updating project structure from ...
getTemplateReferences: 172ms
updated: ng - 0ms
getDiagnostics: 836ms
updating project structure from ...
getTemplateReferences: 157ms
updated: ng - 0ms
getDiagnostics: 1ms
updating project structure from ...
getTemplateReferences: 0ms
updated: ng - 0ms
Search path: /home/fran/eclipse-workspace/brewITyourself/com-dotzet-rest-crud-dashboard/src/app/app-body/suppliers-dashboard/supplier-read-form
Config file name: /home/fran/eclipse-workspace/brewITyourself/com-dotzet-rest-crud-dashboard/tsconfig.json
getTemplateReferences: 0ms
getDiagnostics: 360ms
updating project structure from ...
getTemplateReferences: 232ms
updated: ng - 0ms
getHoverAt: 0ms
getCompletions: 210ms
getDiagnostics: 335ms
getDiagnostics: 145ms
updating project structure from ...
getTemplateReferences: 0ms
updated: ng - 331ms
getDiagnostics: 922ms
updating project structure from ...
getTemplateReferences: 0ms
updated: ng - 0ms
getDiagnostics: 95ms
updating project structure from ...
getTemplateReferences: 0ms
updated: ng - 183ms
Search path: /home/fran/eclipse-workspace/brewITyourself/com-dotzet-rest-crud-dashboard/src/app
Config file name: /home/fran/eclipse-workspace/brewITyourself/com-dotzet-rest-crud-dashboard/tsconfig.json
getTemplateReferences: 514ms
getDiagnostics: 5ms
updating project structure from ...
getTemplateReferences: 0ms
updated: ng - 0ms
getHoverAt: 131ms
getHoverAt: 0ms
getHoverAt: 1ms
getDiagnostics: 449ms
updating project structure from ...
getTemplateReferences: 42ms
updated: ng - 0ms
updating project structure from ...
getTemplateReferences: 0ms
updated: ng - 0ms
getDiagnostics: 519ms
updating project structure from ...
getTemplateReferences: 141ms
updated: ng - 0ms
getDiagnostics: 399ms
updating project structure from ...
getTemplateReferences: 0ms
updated: ng - 596ms
getHoverAt: 0ms
getDiagnostics: 646ms
updating project structure from ...
getTemplateReferences: 0ms
updated: ng - 0ms
getDiagnostics: 85ms
updating project structure from ...
getTemplateReferences: 0ms
updated: ng - 182ms
getDiagnostics: 656ms
getDiagnostics: 100ms
updating project structure from ...
getTemplateReferences: 0ms
updated: ng - 231ms
getDiagnostics: 823ms
updating project structure from ...
getTemplateReferences: 0ms
updated: ng - 0ms
getDiagnostics: 1ms
updating project structure from ...
getTemplateReferences: 0ms
updated: ng - 0ms
getHoverAt: 0ms
getDiagnostics: 766ms
updating project structure from ...
getTemplateReferences: 1ms
updated: ng - 193ms
getDiagnostics: 635ms
updating project structure from ...
getTemplateReferences: 0ms
updated: ng - 0ms
getDiagnostics: 84ms
updating project structure from ...
getTemplateReferences: 0ms
updated: ng - 185ms
Search path: /home/fran/eclipse-workspace/brewITyourself/com-dotzet-rest-crud-dashboard/src/app
Config file name: /home/fran/eclipse-workspace/brewITyourself/com-dotzet-rest-crud-dashboard/tsconfig.json
getTemplateReferences: 580ms
getDiagnostics: 7ms
updating project structure from ...
getTemplateReferences: 0ms
updated: ng - 0ms
getHoverAt: 0ms
getDiagnostics: 57ms
updating project structure from ...
getTemplateReferences: 0ms
updated: ng - 0ms
getHoverAt: 1ms
getHoverAt: 1ms
getCompletions: 271ms
getDiagnostics: 279ms
updating project structure from ...
getTemplateReferences: 68ms
updated: ng - 0ms
getDiagnostics: 461ms
getDiagnostics: 910ms
updating project structure from ...
getTemplateReferences: 0ms
updated: ng - 0ms
getDiagnostics: 277ms
updating project structure from ...
getTemplateReferences: 100ms
updated: ng - 0ms
getCompletions: 178ms
getDiagnostics: 698ms
getDiagnostics: 535ms
updating project structure from ...
getTemplateReferences: 0ms
updated: ng - 0ms
getDiagnostics: 458ms
getCompletions: 53ms
getDiagnostics: 932ms
updating project structure from ...
getTemplateReferences: 0ms
updated: ng - 0ms
getDiagnostics: 254ms
getDiagnostics: 770ms
updating project structure from ...
getTemplateReferences: 0ms
updated: ng - 0ms
getCompletions: 113ms
getCompletions: 126ms
getCompletions: 84ms
getCompletions: 111ms
getDiagnostics: 459ms
getCompletions: 56ms
getDiagnostics: 573ms
updating project structure from ...
getTemplateReferences: 0ms
updated: ng - 0ms
getDiagnostics: 247ms
updating project structure from ...
getTemplateReferences: 60ms
updated: ng - 0ms
getHoverAt: 0ms
getDiagnostics: 37ms
updating project structure from ...
getTemplateReferences: 0ms
updated: ng - 0ms
getHoverAt: 133ms
getDiagnostics: 10ms
updating project structure from ...
getTemplateReferences: 0ms
updated: ng - 0ms
getHoverAt: 0ms
getHoverAt: 7ms
getDiagnostics: 590ms
getDiagnostics: 667ms
updating project structure from ...
getTemplateReferences: 0ms
updated: ng - 0ms
getDiagnostics: 44ms
updating project structure from ...
getTemplateReferences: 0ms
updated: ng - 0ms
Search path: /home/fran/eclipse-workspace/brewITyourself/com-dotzet-rest-crud-dashboard/src/app/app-body/suppliers-dashboard/supplier-read-form
Config file name: /home/fran/eclipse-workspace/brewITyourself/com-dotzet-rest-crud-dashboard/tsconfig.json
getTemplateReferences: 0ms
getTemplateReferences: 0ms
getDiagnostics: 221ms
updating project structure from ...
getTemplateReferences: 58ms
updated: ng - 0ms
Search path: /home/fran/eclipse-workspace/brewITyourself/com-dotzet-rest-crud-dashboard/src/app/app-body/suppliers-dashboard/supplier-read-form
Config file name: /home/fran/eclipse-workspace/brewITyourself/com-dotzet-rest-crud-dashboard/tsconfig.json
getTemplateReferences: 0ms
getDiagnostics: 691ms
updating project structure from ...
getTemplateReferences: 195ms
updated: ng - 0ms
updating project structure from ...
getTemplateReferences: 0ms
updated: ng - 0ms
